[0.787s] Invoking command in '/home/addinedu/amr_ws/ros/camera_oneday/src/camera_oneday': PYTHONPATH=/home/addinedu/amr_ws/ros/camera_oneday/build/camera_oneday/prefix_override:/home/addinedu/amr_ws/ros/camera_oneday/install/camera_oneday/lib/python3.10/site-packages:${PYTHONPATH} /usr/bin/python3 -W ignore:setup.py install is deprecated setup.py egg_info --egg-base ../../build/camera_oneday build --build-base /home/addinedu/amr_ws/ros/camera_oneday/build/camera_oneday/build install --record /home/addinedu/amr_ws/ros/camera_oneday/build/camera_oneday/install.log --single-version-externally-managed install_data
[1.017s] running egg_info
[1.034s] writing ../../build/camera_oneday/camera_oneday.egg-info/PKG-INFO
[1.035s] writing dependency_links to ../../build/camera_oneday/camera_oneday.egg-info/dependency_links.txt
[1.035s] writing entry points to ../../build/camera_oneday/camera_oneday.egg-info/entry_points.txt
[1.035s] writing requirements to ../../build/camera_oneday/camera_oneday.egg-info/requires.txt
[1.035s] writing top-level names to ../../build/camera_oneday/camera_oneday.egg-info/top_level.txt
[1.070s] reading manifest file '../../build/camera_oneday/camera_oneday.egg-info/SOURCES.txt'
[1.071s] writing manifest file '../../build/camera_oneday/camera_oneday.egg-info/SOURCES.txt'
[1.071s] running build
[1.071s] running build_py
[1.071s] copying camera_oneday/__init__.py -> /home/addinedu/amr_ws/ros/camera_oneday/build/camera_oneday/build/lib/camera_oneday
[1.071s] copying camera_oneday/canny.py -> /home/addinedu/amr_ws/ros/camera_oneday/build/camera_oneday/build/lib/camera_oneday
[1.071s] copying camera_oneday/img_publisher.py -> /home/addinedu/amr_ws/ros/camera_oneday/build/camera_oneday/build/lib/camera_oneday
[1.071s] copying camera_oneday/camera_server.py -> /home/addinedu/amr_ws/ros/camera_oneday/build/camera_oneday/build/lib/camera_oneday
[1.071s] running install
[1.076s] running install_lib
[1.093s] copying /home/addinedu/amr_ws/ros/camera_oneday/build/camera_oneday/build/lib/camera_oneday/camera_server.py -> /home/addinedu/amr_ws/ros/camera_oneday/install/camera_oneday/lib/python3.10/site-packages/camera_oneday
[1.094s] byte-compiling /home/addinedu/amr_ws/ros/camera_oneday/install/camera_oneday/lib/python3.10/site-packages/camera_oneday/camera_server.py to camera_server.cpython-310.pyc
[1.094s] running install_data
[1.094s] copying resource/camera_oneday -> /home/addinedu/amr_ws/ros/camera_oneday/install/camera_oneday/share/ament_index/resource_index/packages
[1.094s] copying package.xml -> /home/addinedu/amr_ws/ros/camera_oneday/install/camera_oneday/share/camera_oneday
[1.095s] copying launch/camera.launch.py -> /home/addinedu/amr_ws/ros/camera_oneday/install/camera_oneday/share/camera_oneday/launch
[1.095s] copying launch/canny.launch.py -> /home/addinedu/amr_ws/ros/camera_oneday/install/camera_oneday/share/camera_oneday/launch
[1.095s] copying param/size.yaml -> /home/addinedu/amr_ws/ros/camera_oneday/install/camera_oneday/share/camera_oneday/param
[1.095s] copying param/filter.yaml -> /home/addinedu/amr_ws/ros/camera_oneday/install/camera_oneday/share/camera_oneday/param
[1.095s] running install_egg_info
[1.113s] removing '/home/addinedu/amr_ws/ros/camera_oneday/install/camera_oneday/lib/python3.10/site-packages/camera_oneday-0.0.0-py3.10.egg-info' (and everything under it)
[1.113s] Copying ../../build/camera_oneday/camera_oneday.egg-info to /home/addinedu/amr_ws/ros/camera_oneday/install/camera_oneday/lib/python3.10/site-packages/camera_oneday-0.0.0-py3.10.egg-info
[1.114s] running install_scripts
[1.263s] Installing camera_server script to /home/addinedu/amr_ws/ros/camera_oneday/install/camera_oneday/lib/camera_oneday
[1.263s] Installing canny script to /home/addinedu/amr_ws/ros/camera_oneday/install/camera_oneday/lib/camera_oneday
[1.263s] Installing img_publisher script to /home/addinedu/amr_ws/ros/camera_oneday/install/camera_oneday/lib/camera_oneday
[1.263s] writing list of installed files to '/home/addinedu/amr_ws/ros/camera_oneday/build/camera_oneday/install.log'
[1.286s] Invoked command in '/home/addinedu/amr_ws/ros/camera_oneday/src/camera_oneday' returned '0': PYTHONPATH=/home/addinedu/amr_ws/ros/camera_oneday/build/camera_oneday/prefix_override:/home/addinedu/amr_ws/ros/camera_oneday/install/camera_oneday/lib/python3.10/site-packages:${PYTHONPATH} /usr/bin/python3 -W ignore:setup.py install is deprecated setup.py egg_info --egg-base ../../build/camera_oneday build --build-base /home/addinedu/amr_ws/ros/camera_oneday/build/camera_oneday/build install --record /home/addinedu/amr_ws/ros/camera_oneday/build/camera_oneday/install.log --single-version-externally-managed install_data
