[0.684s] Invoking command in '/home/addinedu/amr_ws/ros/camera_oneday/src/camera_oneday': PYTHONPATH=/home/addinedu/amr_ws/ros/camera_oneday/build/camera_oneday/prefix_override:/home/addinedu/amr_ws/ros/camera_oneday/install/camera_oneday/lib/python3.10/site-packages:${PYTHONPATH} /usr/bin/python3 -W ignore:setup.py install is deprecated setup.py egg_info --egg-base ../../build/camera_oneday build --build-base /home/addinedu/amr_ws/ros/camera_oneday/build/camera_oneday/build install --record /home/addinedu/amr_ws/ros/camera_oneday/build/camera_oneday/install.log --single-version-externally-managed install_data
[0.903s] running egg_info
[0.919s] writing ../../build/camera_oneday/camera_oneday.egg-info/PKG-INFO
[0.920s] writing dependency_links to ../../build/camera_oneday/camera_oneday.egg-info/dependency_links.txt
[0.920s] writing entry points to ../../build/camera_oneday/camera_oneday.egg-info/entry_points.txt
[0.920s] writing requirements to ../../build/camera_oneday/camera_oneday.egg-info/requires.txt
[0.920s] writing top-level names to ../../build/camera_oneday/camera_oneday.egg-info/top_level.txt
[0.954s] reading manifest file '../../build/camera_oneday/camera_oneday.egg-info/SOURCES.txt'
[0.955s] writing manifest file '../../build/camera_oneday/camera_oneday.egg-info/SOURCES.txt'
[0.955s] running build
[0.955s] running build_py
[0.955s] copying camera_oneday/__init__.py -> /home/addinedu/amr_ws/ros/camera_oneday/build/camera_oneday/build/lib/camera_oneday
[0.955s] copying camera_oneday/canny.py -> /home/addinedu/amr_ws/ros/camera_oneday/build/camera_oneday/build/lib/camera_oneday
[0.955s] copying camera_oneday/img_publisher.py -> /home/addinedu/amr_ws/ros/camera_oneday/build/camera_oneday/build/lib/camera_oneday
[0.956s] running install
[0.960s] running install_lib
[0.977s] running install_data
[0.977s] copying resource/camera_oneday -> /home/addinedu/amr_ws/ros/camera_oneday/install/camera_oneday/share/ament_index/resource_index/packages
[0.978s] copying package.xml -> /home/addinedu/amr_ws/ros/camera_oneday/install/camera_oneday/share/camera_oneday
[0.978s] copying launch/camera.launch.py -> /home/addinedu/amr_ws/ros/camera_oneday/install/camera_oneday/share/camera_oneday/launch
[0.978s] copying launch/canny.launch.py -> /home/addinedu/amr_ws/ros/camera_oneday/install/camera_oneday/share/camera_oneday/launch
[0.978s] copying param/size.yaml -> /home/addinedu/amr_ws/ros/camera_oneday/install/camera_oneday/share/camera_oneday/param
[0.978s] copying param/filter.yaml -> /home/addinedu/amr_ws/ros/camera_oneday/install/camera_oneday/share/camera_oneday/param
[0.978s] running install_egg_info
[0.995s] removing '/home/addinedu/amr_ws/ros/camera_oneday/install/camera_oneday/lib/python3.10/site-packages/camera_oneday-0.0.0-py3.10.egg-info' (and everything under it)
[0.996s] Copying ../../build/camera_oneday/camera_oneday.egg-info to /home/addinedu/amr_ws/ros/camera_oneday/install/camera_oneday/lib/python3.10/site-packages/camera_oneday-0.0.0-py3.10.egg-info
[0.996s] running install_scripts
[1.138s] Installing canny script to /home/addinedu/amr_ws/ros/camera_oneday/install/camera_oneday/lib/camera_oneday
[1.138s] Installing img_publisher script to /home/addinedu/amr_ws/ros/camera_oneday/install/camera_oneday/lib/camera_oneday
[1.138s] writing list of installed files to '/home/addinedu/amr_ws/ros/camera_oneday/build/camera_oneday/install.log'
[1.157s] Invoked command in '/home/addinedu/amr_ws/ros/camera_oneday/src/camera_oneday' returned '0': PYTHONPATH=/home/addinedu/amr_ws/ros/camera_oneday/build/camera_oneday/prefix_override:/home/addinedu/amr_ws/ros/camera_oneday/install/camera_oneday/lib/python3.10/site-packages:${PYTHONPATH} /usr/bin/python3 -W ignore:setup.py install is deprecated setup.py egg_info --egg-base ../../build/camera_oneday build --build-base /home/addinedu/amr_ws/ros/camera_oneday/build/camera_oneday/build install --record /home/addinedu/amr_ws/ros/camera_oneday/build/camera_oneday/install.log --single-version-externally-managed install_data
