[0.188s] Invoking command in '/home/addinedu/amr_ws/ros/camera_oneday/build/capture_msgs': CMAKE_PREFIX_PATH=${CMAKE_PREFIX_PATH}:/home/addinedu/amr_ws/ros/camera_oneday/install/camera_oneday:/opt/ros/humble /usr/bin/cmake --build /home/addinedu/amr_ws/ros/camera_oneday/build/capture_msgs -- -j12 -l12
[0.218s] -- Found ament_cmake: 1.3.8 (/opt/ros/humble/share/ament_cmake/cmake)
[0.339s] -- Found rosidl_default_generators: 1.2.0 (/opt/ros/humble/share/rosidl_default_generators/cmake)
[0.341s] -- Using all available rosidl_typesupport_c: rosidl_typesupport_fastrtps_c;rosidl_typesupport_introspection_c
[0.345s] -- Found rosidl_adapter: 3.1.5 (/opt/ros/humble/share/rosidl_adapter/cmake)
[0.389s] -- Using all available rosidl_typesupport_cpp: rosidl_typesupport_fastrtps_cpp;rosidl_typesupport_introspection_cpp
[0.627s] -- Found ament_cmake_ros: 0.10.0 (/opt/ros/humble/share/ament_cmake_ros/cmake)
[0.781s] -- Using all available rosidl_typesupport_c: rosidl_typesupport_fastrtps_c;rosidl_typesupport_introspection_c
[0.976s] -- Using all available rosidl_typesupport_cpp: rosidl_typesupport_fastrtps_cpp;rosidl_typesupport_introspection_cpp
[0.996s] -- Found python_cmake_module: 0.10.0 (/opt/ros/humble/share/python_cmake_module/cmake)
[1.016s] -- Using PYTHON_EXECUTABLE: /usr/bin/python3
[1.016s] -- Using PYTHON_INCLUDE_DIRS: /usr/include/python3.10
[1.016s] -- Using PYTHON_LIBRARIES: /usr/lib/x86_64-linux-gnu/libpython3.10.so
[1.025s] -- Found ament_lint_auto: 0.12.10 (/opt/ros/humble/share/ament_lint_auto/cmake)
[1.042s] -- Added test 'lint_cmake' to check CMake code style
[1.043s] -- Added test 'xmllint' to check XML markup files
[1.046s] -- Configuring done
[1.071s] -- Generating done
[1.073s] -- Build files have been written to: /home/addinedu/amr_ws/ros/camera_oneday/build/capture_msgs
[1.094s] [  3%] [34m[1mGenerating C code for ROS interfaces[0m
[1.101s] [  6%] [34m[1mGenerating C++ code for ROS interfaces[0m
[1.110s] [  6%] Built target ament_cmake_python_copy_capture_msgs
[1.307s] running egg_info
[1.326s] writing capture_msgs.egg-info/PKG-INFO
[1.327s] writing dependency_links to capture_msgs.egg-info/dependency_links.txt
[1.328s] writing top-level names to capture_msgs.egg-info/top_level.txt
[1.358s] [35m[1mConsolidate compiler generated dependencies of target capture_msgs__rosidl_generator_c[0m
[1.363s] [  6%] Built target capture_msgs__cpp
[1.368s] [  9%] [32mBuilding C object CMakeFiles/capture_msgs__rosidl_generator_c.dir/rosidl_generator_c/capture_msgs/srv/detail/capture__functions.c.o[0m
[1.370s] [ 19%] [34m[1mGenerating C++ introspection for ROS interfaces[0m
[1.370s] [ 19%] [34m[1mGenerating C++ type support dispatch for ROS interfaces[0m
[1.370s] [ 19%] [34m[1mGenerating C++ type support for eProsima Fast-RTPS[0m
[1.382s] reading manifest file 'capture_msgs.egg-info/SOURCES.txt'
[1.383s] writing manifest file 'capture_msgs.egg-info/SOURCES.txt'
[1.413s] [ 19%] Built target ament_cmake_python_build_capture_msgs_egg
[1.420s] [ 22%] [32m[1mLinking C shared library libcapture_msgs__rosidl_generator_c.so[0m
[1.455s] [ 22%] Built target capture_msgs__rosidl_generator_c
[1.465s] [ 25%] [34m[1mGenerating C type support dispatch for ROS interfaces[0m
[1.467s] [ 32%] [34m[1mGenerating C type support for eProsima Fast-RTPS[0m
[1.467s] [ 32%] [34m[1mGenerating C introspection for ROS interfaces[0m
[1.617s] [35m[1mConsolidate compiler generated dependencies of target capture_msgs__rosidl_typesupport_cpp[0m
[1.630s] [ 35%] [32mBuilding CXX object CMakeFiles/capture_msgs__rosidl_typesupport_cpp.dir/rosidl_typesupport_cpp/capture_msgs/srv/capture__type_support.cpp.o[0m
[1.636s] [35m[1mConsolidate compiler generated dependencies of target capture_msgs__rosidl_typesupport_introspection_cpp[0m
[1.647s] [ 38%] [32mBuilding CXX object CMakeFiles/capture_msgs__rosidl_typesupport_introspection_cpp.dir/rosidl_typesupport_introspection_cpp/capture_msgs/srv/detail/capture__type_support.cpp.o[0m
[1.661s] [35m[1mConsolidate compiler generated dependencies of target capture_msgs__rosidl_typesupport_fastrtps_cpp[0m
[1.673s] [ 41%] [32mBuilding CXX object CMakeFiles/capture_msgs__rosidl_typesupport_fastrtps_cpp.dir/rosidl_typesupport_fastrtps_cpp/capture_msgs/srv/detail/dds_fastrtps/capture__type_support.cpp.o[0m
[1.699s] [35m[1mConsolidate compiler generated dependencies of target capture_msgs__rosidl_typesupport_c[0m
[1.708s] [ 45%] [32mBuilding CXX object CMakeFiles/capture_msgs__rosidl_typesupport_c.dir/rosidl_typesupport_c/capture_msgs/srv/capture__type_support.cpp.o[0m
[1.759s] [ 48%] [32m[1mLinking CXX shared library libcapture_msgs__rosidl_typesupport_c.so[0m
[1.797s] [ 48%] Built target capture_msgs__rosidl_typesupport_c
[1.884s] [35m[1mConsolidate compiler generated dependencies of target capture_msgs__rosidl_typesupport_introspection_c[0m
[1.885s] [35m[1mConsolidate compiler generated dependencies of target capture_msgs__rosidl_typesupport_fastrtps_c[0m
[1.894s] [ 51%] [32mBuilding C object CMakeFiles/capture_msgs__rosidl_typesupport_introspection_c.dir/rosidl_typesupport_introspection_c/capture_msgs/srv/detail/capture__type_support.c.o[0m
[1.897s] [ 54%] [32mBuilding CXX object CMakeFiles/capture_msgs__rosidl_typesupport_fastrtps_c.dir/rosidl_typesupport_fastrtps_c/capture_msgs/srv/detail/capture__type_support_c.cpp.o[0m
[1.923s] [ 58%] [32m[1mLinking C shared library libcapture_msgs__rosidl_typesupport_introspection_c.so[0m
[1.950s] [ 58%] Built target capture_msgs__rosidl_typesupport_introspection_c
[2.006s] [ 61%] [32m[1mLinking CXX shared library libcapture_msgs__rosidl_typesupport_cpp.so[0m
[2.041s] [ 64%] [32m[1mLinking CXX shared library libcapture_msgs__rosidl_typesupport_introspection_cpp.so[0m
[2.041s] [ 64%] Built target capture_msgs__rosidl_typesupport_cpp
[2.096s] [ 64%] Built target capture_msgs__rosidl_typesupport_introspection_cpp
[2.139s] [ 67%] [32m[1mLinking CXX shared library libcapture_msgs__rosidl_typesupport_fastrtps_cpp.so[0m
[2.207s] [ 67%] Built target capture_msgs__rosidl_typesupport_fastrtps_cpp
[2.234s] [ 70%] [32m[1mLinking CXX shared library libcapture_msgs__rosidl_typesupport_fastrtps_c.so[0m
[2.292s] [ 70%] Built target capture_msgs__rosidl_typesupport_fastrtps_c
[2.307s] [ 70%] Built target capture_msgs
[2.322s] [ 74%] [34m[1mGenerating Python code for ROS interfaces[0m
[2.657s] [ 74%] Built target capture_msgs__py
[2.665s] [35m[1mConsolidate compiler generated dependencies of target capture_msgs__rosidl_generator_py[0m
[2.675s] [ 77%] [32mBuilding C object CMakeFiles/capture_msgs__rosidl_generator_py.dir/rosidl_generator_py/capture_msgs/srv/_capture_s.c.o[0m
[2.775s] [ 80%] [32m[1mLinking C shared library rosidl_generator_py/capture_msgs/libcapture_msgs__rosidl_generator_py.so[0m
[2.807s] [ 80%] Built target capture_msgs__rosidl_generator_py
[2.816s] [35m[1mConsolidate compiler generated dependencies of target capture_msgs__rosidl_typesupport_fastrtps_c__pyext[0m
[2.816s] [35m[1mConsolidate compiler generated dependencies of target capture_msgs__rosidl_typesupport_introspection_c__pyext[0m
[2.816s] [35m[1mConsolidate compiler generated dependencies of target capture_msgs__rosidl_typesupport_c__pyext[0m
[2.826s] [ 87%] [32mBuilding C object CMakeFiles/capture_msgs__rosidl_typesupport_introspection_c__pyext.dir/rosidl_generator_py/capture_msgs/_capture_msgs_s.ep.rosidl_typesupport_introspection_c.c.o[0m
[2.826s] [ 90%] [32mBuilding C object CMakeFiles/capture_msgs__rosidl_typesupport_fastrtps_c__pyext.dir/rosidl_generator_py/capture_msgs/_capture_msgs_s.ep.rosidl_typesupport_fastrtps_c.c.o[0m
[2.826s] [ 90%] [32mBuilding C object CMakeFiles/capture_msgs__rosidl_typesupport_c__pyext.dir/rosidl_generator_py/capture_msgs/_capture_msgs_s.ep.rosidl_typesupport_c.c.o[0m
[2.901s] [ 93%] [32m[1mLinking C shared library rosidl_generator_py/capture_msgs/capture_msgs_s__rosidl_typesupport_c.cpython-310-x86_64-linux-gnu.so[0m
[2.903s] [ 96%] [32m[1mLinking C shared library rosidl_generator_py/capture_msgs/capture_msgs_s__rosidl_typesupport_introspection_c.cpython-310-x86_64-linux-gnu.so[0m
[2.905s] [100%] [32m[1mLinking C shared library rosidl_generator_py/capture_msgs/capture_msgs_s__rosidl_typesupport_fastrtps_c.cpython-310-x86_64-linux-gnu.so[0m
[2.930s] [100%] Built target capture_msgs__rosidl_typesupport_c__pyext
[2.932s] [100%] Built target capture_msgs__rosidl_typesupport_introspection_c__pyext
[2.934s] [100%] Built target capture_msgs__rosidl_typesupport_fastrtps_c__pyext
[2.944s] Invoked command in '/home/addinedu/amr_ws/ros/camera_oneday/build/capture_msgs' returned '0': CMAKE_PREFIX_PATH=${CMAKE_PREFIX_PATH}:/home/addinedu/amr_ws/ros/camera_oneday/install/camera_oneday:/opt/ros/humble /usr/bin/cmake --build /home/addinedu/amr_ws/ros/camera_oneday/build/capture_msgs -- -j12 -l12
[2.994s] Invoking command in '/home/addinedu/amr_ws/ros/camera_oneday/build/capture_msgs': CMAKE_PREFIX_PATH=${CMAKE_PREFIX_PATH}:/home/addinedu/amr_ws/ros/camera_oneday/install/camera_oneday:/opt/ros/humble /usr/bin/cmake --install /home/addinedu/amr_ws/ros/camera_oneday/build/capture_msgs
[3.000s] -- Install configuration: ""
[3.000s] -- Up-to-date: /home/addinedu/amr_ws/ros/camera_oneday/install/capture_msgs/share/ament_index/resource_index/rosidl_interfaces/capture_msgs
[3.001s] -- Up-to-date: /home/addinedu/amr_ws/ros/camera_oneday/install/capture_msgs/include/capture_msgs/capture_msgs
[3.001s] -- Up-to-date: /home/addinedu/amr_ws/ros/camera_oneday/install/capture_msgs/include/capture_msgs/capture_msgs/msg
[3.001s] -- Up-to-date: /home/addinedu/amr_ws/ros/camera_oneday/install/capture_msgs/include/capture_msgs/capture_msgs/msg/rosidl_generator_c__visibility_control.h
[3.001s] -- Up-to-date: /home/addinedu/amr_ws/ros/camera_oneday/install/capture_msgs/include/capture_msgs/capture_msgs/srv
[3.001s] -- Up-to-date: /home/addinedu/amr_ws/ros/camera_oneday/install/capture_msgs/include/capture_msgs/capture_msgs/srv/detail
[3.001s] -- Installing: /home/addinedu/amr_ws/ros/camera_oneday/install/capture_msgs/include/capture_msgs/capture_msgs/srv/detail/capture__functions.c
[3.001s] -- Installing: /home/addinedu/amr_ws/ros/camera_oneday/install/capture_msgs/include/capture_msgs/capture_msgs/srv/detail/capture__struct.h
[3.001s] -- Installing: /home/addinedu/amr_ws/ros/camera_oneday/install/capture_msgs/include/capture_msgs/capture_msgs/srv/detail/capture__type_support.h
[3.001s] -- Installing: /home/addinedu/amr_ws/ros/camera_oneday/install/capture_msgs/include/capture_msgs/capture_msgs/srv/detail/capture__functions.h
[3.001s] -- Installing: /home/addinedu/amr_ws/ros/camera_oneday/install/capture_msgs/include/capture_msgs/capture_msgs/srv/capture.h
[3.001s] -- Up-to-date: /home/addinedu/amr_ws/ros/camera_oneday/install/capture_msgs/share/capture_msgs/environment/library_path.sh
[3.001s] -- Installing: /home/addinedu/amr_ws/ros/camera_oneday/install/capture_msgs/share/capture_msgs/environment/library_path.dsv
[3.001s] -- Installing: /home/addinedu/amr_ws/ros/camera_oneday/install/capture_msgs/lib/libcapture_msgs__rosidl_generator_c.so
[3.001s] -- Set runtime path of "/home/addinedu/amr_ws/ros/camera_oneday/install/capture_msgs/lib/libcapture_msgs__rosidl_generator_c.so" to ""
[3.002s] -- Up-to-date: /home/addinedu/amr_ws/ros/camera_oneday/install/capture_msgs/include/capture_msgs/capture_msgs
[3.002s] -- Up-to-date: /home/addinedu/amr_ws/ros/camera_oneday/install/capture_msgs/include/capture_msgs/capture_msgs/msg
[3.002s] -- Up-to-date: /home/addinedu/amr_ws/ros/camera_oneday/install/capture_msgs/include/capture_msgs/capture_msgs/msg/rosidl_typesupport_fastrtps_c__visibility_control.h
[3.002s] -- Up-to-date: /home/addinedu/amr_ws/ros/camera_oneday/install/capture_msgs/include/capture_msgs/capture_msgs/srv
[3.002s] -- Up-to-date: /home/addinedu/amr_ws/ros/camera_oneday/install/capture_msgs/include/capture_msgs/capture_msgs/srv/detail
[3.002s] -- Installing: /home/addinedu/amr_ws/ros/camera_oneday/install/capture_msgs/include/capture_msgs/capture_msgs/srv/detail/capture__rosidl_typesupport_fastrtps_c.h
[3.002s] -- Installing: /home/addinedu/amr_ws/ros/camera_oneday/install/capture_msgs/lib/libcapture_msgs__rosidl_typesupport_fastrtps_c.so
[3.002s] -- Set runtime path of "/home/addinedu/amr_ws/ros/camera_oneday/install/capture_msgs/lib/libcapture_msgs__rosidl_typesupport_fastrtps_c.so" to ""
[3.002s] -- Up-to-date: /home/addinedu/amr_ws/ros/camera_oneday/install/capture_msgs/include/capture_msgs/capture_msgs
[3.002s] -- Up-to-date: /home/addinedu/amr_ws/ros/camera_oneday/install/capture_msgs/include/capture_msgs/capture_msgs/msg
[3.002s] -- Up-to-date: /home/addinedu/amr_ws/ros/camera_oneday/install/capture_msgs/include/capture_msgs/capture_msgs/msg/rosidl_typesupport_introspection_c__visibility_control.h
[3.002s] -- Up-to-date: /home/addinedu/amr_ws/ros/camera_oneday/install/capture_msgs/include/capture_msgs/capture_msgs/srv
[3.003s] -- Up-to-date: /home/addinedu/amr_ws/ros/camera_oneday/install/capture_msgs/include/capture_msgs/capture_msgs/srv/detail
[3.003s] -- Installing: /home/addinedu/amr_ws/ros/camera_oneday/install/capture_msgs/include/capture_msgs/capture_msgs/srv/detail/capture__type_support.c
[3.003s] -- Installing: /home/addinedu/amr_ws/ros/camera_oneday/install/capture_msgs/include/capture_msgs/capture_msgs/srv/detail/capture__rosidl_typesupport_introspection_c.h
[3.003s] -- Installing: /home/addinedu/amr_ws/ros/camera_oneday/install/capture_msgs/lib/libcapture_msgs__rosidl_typesupport_introspection_c.so
[3.003s] -- Set runtime path of "/home/addinedu/amr_ws/ros/camera_oneday/install/capture_msgs/lib/libcapture_msgs__rosidl_typesupport_introspection_c.so" to ""
[3.003s] -- Installing: /home/addinedu/amr_ws/ros/camera_oneday/install/capture_msgs/lib/libcapture_msgs__rosidl_typesupport_c.so
[3.003s] -- Set runtime path of "/home/addinedu/amr_ws/ros/camera_oneday/install/capture_msgs/lib/libcapture_msgs__rosidl_typesupport_c.so" to ""
[3.003s] -- Up-to-date: /home/addinedu/amr_ws/ros/camera_oneday/install/capture_msgs/include/capture_msgs/capture_msgs
[3.003s] -- Up-to-date: /home/addinedu/amr_ws/ros/camera_oneday/install/capture_msgs/include/capture_msgs/capture_msgs/srv
[3.003s] -- Up-to-date: /home/addinedu/amr_ws/ros/camera_oneday/install/capture_msgs/include/capture_msgs/capture_msgs/srv/detail
[3.004s] -- Installing: /home/addinedu/amr_ws/ros/camera_oneday/install/capture_msgs/include/capture_msgs/capture_msgs/srv/detail/capture__traits.hpp
[3.004s] -- Installing: /home/addinedu/amr_ws/ros/camera_oneday/install/capture_msgs/include/capture_msgs/capture_msgs/srv/detail/capture__struct.hpp
[3.004s] -- Installing: /home/addinedu/amr_ws/ros/camera_oneday/install/capture_msgs/include/capture_msgs/capture_msgs/srv/detail/capture__builder.hpp
[3.004s] -- Installing: /home/addinedu/amr_ws/ros/camera_oneday/install/capture_msgs/include/capture_msgs/capture_msgs/srv/capture.hpp
[3.004s] -- Up-to-date: /home/addinedu/amr_ws/ros/camera_oneday/install/capture_msgs/include/capture_msgs/capture_msgs
[3.004s] -- Up-to-date: /home/addinedu/amr_ws/ros/camera_oneday/install/capture_msgs/include/capture_msgs/capture_msgs/msg
[3.004s] -- Up-to-date: /home/addinedu/amr_ws/ros/camera_oneday/install/capture_msgs/include/capture_msgs/capture_msgs/msg/rosidl_typesupport_fastrtps_cpp__visibility_control.h
[3.004s] -- Up-to-date: /home/addinedu/amr_ws/ros/camera_oneday/install/capture_msgs/include/capture_msgs/capture_msgs/srv
[3.004s] -- Up-to-date: /home/addinedu/amr_ws/ros/camera_oneday/install/capture_msgs/include/capture_msgs/capture_msgs/srv/detail
[3.004s] -- Up-to-date: /home/addinedu/amr_ws/ros/camera_oneday/install/capture_msgs/include/capture_msgs/capture_msgs/srv/detail/dds_fastrtps
[3.004s] -- Installing: /home/addinedu/amr_ws/ros/camera_oneday/install/capture_msgs/include/capture_msgs/capture_msgs/srv/detail/capture__rosidl_typesupport_fastrtps_cpp.hpp
[3.004s] -- Installing: /home/addinedu/amr_ws/ros/camera_oneday/install/capture_msgs/lib/libcapture_msgs__rosidl_typesupport_fastrtps_cpp.so
[3.004s] -- Set runtime path of "/home/addinedu/amr_ws/ros/camera_oneday/install/capture_msgs/lib/libcapture_msgs__rosidl_typesupport_fastrtps_cpp.so" to ""
[3.004s] -- Up-to-date: /home/addinedu/amr_ws/ros/camera_oneday/install/capture_msgs/include/capture_msgs/capture_msgs
[3.004s] -- Up-to-date: /home/addinedu/amr_ws/ros/camera_oneday/install/capture_msgs/include/capture_msgs/capture_msgs/srv
[3.005s] -- Up-to-date: /home/addinedu/amr_ws/ros/camera_oneday/install/capture_msgs/include/capture_msgs/capture_msgs/srv/detail
[3.005s] -- Installing: /home/addinedu/amr_ws/ros/camera_oneday/install/capture_msgs/include/capture_msgs/capture_msgs/srv/detail/capture__type_support.cpp
[3.005s] -- Installing: /home/addinedu/amr_ws/ros/camera_oneday/install/capture_msgs/include/capture_msgs/capture_msgs/srv/detail/capture__rosidl_typesupport_introspection_cpp.hpp
[3.005s] -- Installing: /home/addinedu/amr_ws/ros/camera_oneday/install/capture_msgs/lib/libcapture_msgs__rosidl_typesupport_introspection_cpp.so
[3.005s] -- Set runtime path of "/home/addinedu/amr_ws/ros/camera_oneday/install/capture_msgs/lib/libcapture_msgs__rosidl_typesupport_introspection_cpp.so" to ""
[3.005s] -- Installing: /home/addinedu/amr_ws/ros/camera_oneday/install/capture_msgs/lib/libcapture_msgs__rosidl_typesupport_cpp.so
[3.005s] -- Set runtime path of "/home/addinedu/amr_ws/ros/camera_oneday/install/capture_msgs/lib/libcapture_msgs__rosidl_typesupport_cpp.so" to ""
[3.005s] -- Up-to-date: /home/addinedu/amr_ws/ros/camera_oneday/install/capture_msgs/share/capture_msgs/environment/pythonpath.sh
[3.005s] -- Installing: /home/addinedu/amr_ws/ros/camera_oneday/install/capture_msgs/share/capture_msgs/environment/pythonpath.dsv
[3.005s] -- Up-to-date: /home/addinedu/amr_ws/ros/camera_oneday/install/capture_msgs/local/lib/python3.10/dist-packages/capture_msgs-0.0.0-py3.10.egg-info
[3.006s] -- Installing: /home/addinedu/amr_ws/ros/camera_oneday/install/capture_msgs/local/lib/python3.10/dist-packages/capture_msgs-0.0.0-py3.10.egg-info/top_level.txt
[3.006s] -- Installing: /home/addinedu/amr_ws/ros/camera_oneday/install/capture_msgs/local/lib/python3.10/dist-packages/capture_msgs-0.0.0-py3.10.egg-info/SOURCES.txt
[3.006s] -- Installing: /home/addinedu/amr_ws/ros/camera_oneday/install/capture_msgs/local/lib/python3.10/dist-packages/capture_msgs-0.0.0-py3.10.egg-info/PKG-INFO
[3.006s] -- Installing: /home/addinedu/amr_ws/ros/camera_oneday/install/capture_msgs/local/lib/python3.10/dist-packages/capture_msgs-0.0.0-py3.10.egg-info/dependency_links.txt
[3.006s] -- Up-to-date: /home/addinedu/amr_ws/ros/camera_oneday/install/capture_msgs/local/lib/python3.10/dist-packages/capture_msgs
[3.006s] -- Installing: /home/addinedu/amr_ws/ros/camera_oneday/install/capture_msgs/local/lib/python3.10/dist-packages/capture_msgs/__init__.py
[3.006s] -- Installing: /home/addinedu/amr_ws/ros/camera_oneday/install/capture_msgs/local/lib/python3.10/dist-packages/capture_msgs/_capture_msgs_s.ep.rosidl_typesupport_fastrtps_c.c
[3.006s] -- Installing: /home/addinedu/amr_ws/ros/camera_oneday/install/capture_msgs/local/lib/python3.10/dist-packages/capture_msgs/capture_msgs_s__rosidl_typesupport_c.cpython-310-x86_64-linux-gnu.so
[3.006s] -- Installing: /home/addinedu/amr_ws/ros/camera_oneday/install/capture_msgs/local/lib/python3.10/dist-packages/capture_msgs/_capture_msgs_s.ep.rosidl_typesupport_c.c
[3.006s] -- Installing: /home/addinedu/amr_ws/ros/camera_oneday/install/capture_msgs/local/lib/python3.10/dist-packages/capture_msgs/_capture_msgs_s.ep.rosidl_typesupport_introspection_c.c
[3.006s] -- Installing: /home/addinedu/amr_ws/ros/camera_oneday/install/capture_msgs/local/lib/python3.10/dist-packages/capture_msgs/capture_msgs_s__rosidl_typesupport_fastrtps_c.cpython-310-x86_64-linux-gnu.so
[3.006s] -- Installing: /home/addinedu/amr_ws/ros/camera_oneday/install/capture_msgs/local/lib/python3.10/dist-packages/capture_msgs/capture_msgs_s__rosidl_typesupport_introspection_c.cpython-310-x86_64-linux-gnu.so
[3.007s] -- Installing: /home/addinedu/amr_ws/ros/camera_oneday/install/capture_msgs/local/lib/python3.10/dist-packages/capture_msgs/libcapture_msgs__rosidl_generator_py.so
[3.007s] -- Up-to-date: /home/addinedu/amr_ws/ros/camera_oneday/install/capture_msgs/local/lib/python3.10/dist-packages/capture_msgs/srv
[3.007s] -- Installing: /home/addinedu/amr_ws/ros/camera_oneday/install/capture_msgs/local/lib/python3.10/dist-packages/capture_msgs/srv/_capture_s.c
[3.007s] -- Installing: /home/addinedu/amr_ws/ros/camera_oneday/install/capture_msgs/local/lib/python3.10/dist-packages/capture_msgs/srv/__init__.py
[3.007s] -- Installing: /home/addinedu/amr_ws/ros/camera_oneday/install/capture_msgs/local/lib/python3.10/dist-packages/capture_msgs/srv/_capture.py
[3.037s] Listing '/home/addinedu/amr_ws/ros/camera_oneday/install/capture_msgs/local/lib/python3.10/dist-packages/capture_msgs'...
[3.037s] Compiling '/home/addinedu/amr_ws/ros/camera_oneday/install/capture_msgs/local/lib/python3.10/dist-packages/capture_msgs/__init__.py'...
[3.037s] Listing '/home/addinedu/amr_ws/ros/camera_oneday/install/capture_msgs/local/lib/python3.10/dist-packages/capture_msgs/srv'...
[3.037s] Compiling '/home/addinedu/amr_ws/ros/camera_oneday/install/capture_msgs/local/lib/python3.10/dist-packages/capture_msgs/srv/__init__.py'...
[3.037s] Compiling '/home/addinedu/amr_ws/ros/camera_oneday/install/capture_msgs/local/lib/python3.10/dist-packages/capture_msgs/srv/_capture.py'...
[3.041s] -- Installing: /home/addinedu/amr_ws/ros/camera_oneday/install/capture_msgs/local/lib/python3.10/dist-packages/capture_msgs/capture_msgs_s__rosidl_typesupport_fastrtps_c.cpython-310-x86_64-linux-gnu.so
[3.041s] -- Set runtime path of "/home/addinedu/amr_ws/ros/camera_oneday/install/capture_msgs/local/lib/python3.10/dist-packages/capture_msgs/capture_msgs_s__rosidl_typesupport_fastrtps_c.cpython-310-x86_64-linux-gnu.so" to ""
[3.041s] -- Installing: /home/addinedu/amr_ws/ros/camera_oneday/install/capture_msgs/local/lib/python3.10/dist-packages/capture_msgs/capture_msgs_s__rosidl_typesupport_introspection_c.cpython-310-x86_64-linux-gnu.so
[3.041s] -- Set runtime path of "/home/addinedu/amr_ws/ros/camera_oneday/install/capture_msgs/local/lib/python3.10/dist-packages/capture_msgs/capture_msgs_s__rosidl_typesupport_introspection_c.cpython-310-x86_64-linux-gnu.so" to ""
[3.042s] -- Installing: /home/addinedu/amr_ws/ros/camera_oneday/install/capture_msgs/local/lib/python3.10/dist-packages/capture_msgs/capture_msgs_s__rosidl_typesupport_c.cpython-310-x86_64-linux-gnu.so
[3.042s] -- Set runtime path of "/home/addinedu/amr_ws/ros/camera_oneday/install/capture_msgs/local/lib/python3.10/dist-packages/capture_msgs/capture_msgs_s__rosidl_typesupport_c.cpython-310-x86_64-linux-gnu.so" to ""
[3.042s] -- Installing: /home/addinedu/amr_ws/ros/camera_oneday/install/capture_msgs/lib/libcapture_msgs__rosidl_generator_py.so
[3.042s] -- Set runtime path of "/home/addinedu/amr_ws/ros/camera_oneday/install/capture_msgs/lib/libcapture_msgs__rosidl_generator_py.so" to ""
[3.043s] -- Installing: /home/addinedu/amr_ws/ros/camera_oneday/install/capture_msgs/share/capture_msgs/srv/Capture.idl
[3.043s] -- Installing: /home/addinedu/amr_ws/ros/camera_oneday/install/capture_msgs/share/capture_msgs/srv/Capture.srv
[3.043s] -- Installing: /home/addinedu/amr_ws/ros/camera_oneday/install/capture_msgs/share/capture_msgs/srv/Capture_Request.msg
[3.043s] -- Installing: /home/addinedu/amr_ws/ros/camera_oneday/install/capture_msgs/share/capture_msgs/srv/Capture_Response.msg
[3.043s] -- Up-to-date: /home/addinedu/amr_ws/ros/camera_oneday/install/capture_msgs/share/ament_index/resource_index/package_run_dependencies/capture_msgs
[3.043s] -- Installing: /home/addinedu/amr_ws/ros/camera_oneday/install/capture_msgs/share/ament_index/resource_index/parent_prefix_path/capture_msgs
[3.043s] -- Up-to-date: /home/addinedu/amr_ws/ros/camera_oneday/install/capture_msgs/share/capture_msgs/environment/ament_prefix_path.sh
[3.043s] -- Installing: /home/addinedu/amr_ws/ros/camera_oneday/install/capture_msgs/share/capture_msgs/environment/ament_prefix_path.dsv
[3.043s] -- Up-to-date: /home/addinedu/amr_ws/ros/camera_oneday/install/capture_msgs/share/capture_msgs/environment/path.sh
[3.043s] -- Installing: /home/addinedu/amr_ws/ros/camera_oneday/install/capture_msgs/share/capture_msgs/environment/path.dsv
[3.043s] -- Up-to-date: /home/addinedu/amr_ws/ros/camera_oneday/install/capture_msgs/share/capture_msgs/local_setup.bash
[3.043s] -- Up-to-date: /home/addinedu/amr_ws/ros/camera_oneday/install/capture_msgs/share/capture_msgs/local_setup.sh
[3.043s] -- Up-to-date: /home/addinedu/amr_ws/ros/camera_oneday/install/capture_msgs/share/capture_msgs/local_setup.zsh
[3.043s] -- Installing: /home/addinedu/amr_ws/ros/camera_oneday/install/capture_msgs/share/capture_msgs/local_setup.dsv
[3.044s] -- Installing: /home/addinedu/amr_ws/ros/camera_oneday/install/capture_msgs/share/capture_msgs/package.dsv
[3.044s] -- Up-to-date: /home/addinedu/amr_ws/ros/camera_oneday/install/capture_msgs/share/ament_index/resource_index/packages/capture_msgs
[3.044s] -- Up-to-date: /home/addinedu/amr_ws/ros/camera_oneday/install/capture_msgs/share/capture_msgs/cmake/export_capture_msgs__rosidl_generator_cExport.cmake
[3.044s] -- Up-to-date: /home/addinedu/amr_ws/ros/camera_oneday/install/capture_msgs/share/capture_msgs/cmake/export_capture_msgs__rosidl_generator_cExport-noconfig.cmake
[3.044s] -- Up-to-date: /home/addinedu/amr_ws/ros/camera_oneday/install/capture_msgs/share/capture_msgs/cmake/export_capture_msgs__rosidl_typesupport_fastrtps_cExport.cmake
[3.044s] -- Up-to-date: /home/addinedu/amr_ws/ros/camera_oneday/install/capture_msgs/share/capture_msgs/cmake/export_capture_msgs__rosidl_typesupport_fastrtps_cExport-noconfig.cmake
[3.044s] -- Up-to-date: /home/addinedu/amr_ws/ros/camera_oneday/install/capture_msgs/share/capture_msgs/cmake/capture_msgs__rosidl_typesupport_introspection_cExport.cmake
[3.044s] -- Up-to-date: /home/addinedu/amr_ws/ros/camera_oneday/install/capture_msgs/share/capture_msgs/cmake/capture_msgs__rosidl_typesupport_introspection_cExport-noconfig.cmake
[3.044s] -- Up-to-date: /home/addinedu/amr_ws/ros/camera_oneday/install/capture_msgs/share/capture_msgs/cmake/capture_msgs__rosidl_typesupport_cExport.cmake
[3.044s] -- Up-to-date: /home/addinedu/amr_ws/ros/camera_oneday/install/capture_msgs/share/capture_msgs/cmake/capture_msgs__rosidl_typesupport_cExport-noconfig.cmake
[3.044s] -- Up-to-date: /home/addinedu/amr_ws/ros/camera_oneday/install/capture_msgs/share/capture_msgs/cmake/export_capture_msgs__rosidl_generator_cppExport.cmake
[3.044s] -- Up-to-date: /home/addinedu/amr_ws/ros/camera_oneday/install/capture_msgs/share/capture_msgs/cmake/export_capture_msgs__rosidl_typesupport_fastrtps_cppExport.cmake
[3.044s] -- Up-to-date: /home/addinedu/amr_ws/ros/camera_oneday/install/capture_msgs/share/capture_msgs/cmake/export_capture_msgs__rosidl_typesupport_fastrtps_cppExport-noconfig.cmake
[3.045s] -- Up-to-date: /home/addinedu/amr_ws/ros/camera_oneday/install/capture_msgs/share/capture_msgs/cmake/capture_msgs__rosidl_typesupport_introspection_cppExport.cmake
[3.045s] -- Up-to-date: /home/addinedu/amr_ws/ros/camera_oneday/install/capture_msgs/share/capture_msgs/cmake/capture_msgs__rosidl_typesupport_introspection_cppExport-noconfig.cmake
[3.045s] -- Up-to-date: /home/addinedu/amr_ws/ros/camera_oneday/install/capture_msgs/share/capture_msgs/cmake/capture_msgs__rosidl_typesupport_cppExport.cmake
[3.045s] -- Up-to-date: /home/addinedu/amr_ws/ros/camera_oneday/install/capture_msgs/share/capture_msgs/cmake/capture_msgs__rosidl_typesupport_cppExport-noconfig.cmake
[3.045s] -- Up-to-date: /home/addinedu/amr_ws/ros/camera_oneday/install/capture_msgs/share/capture_msgs/cmake/export_capture_msgs__rosidl_generator_pyExport.cmake
[3.045s] -- Up-to-date: /home/addinedu/amr_ws/ros/camera_oneday/install/capture_msgs/share/capture_msgs/cmake/export_capture_msgs__rosidl_generator_pyExport-noconfig.cmake
[3.045s] -- Up-to-date: /home/addinedu/amr_ws/ros/camera_oneday/install/capture_msgs/share/capture_msgs/cmake/rosidl_cmake-extras.cmake
[3.045s] -- Up-to-date: /home/addinedu/amr_ws/ros/camera_oneday/install/capture_msgs/share/capture_msgs/cmake/ament_cmake_export_include_directories-extras.cmake
[3.045s] -- Up-to-date: /home/addinedu/amr_ws/ros/camera_oneday/install/capture_msgs/share/capture_msgs/cmake/ament_cmake_export_libraries-extras.cmake
[3.045s] -- Up-to-date: /home/addinedu/amr_ws/ros/camera_oneday/install/capture_msgs/share/capture_msgs/cmake/ament_cmake_export_targets-extras.cmake
[3.045s] -- Up-to-date: /home/addinedu/amr_ws/ros/camera_oneday/install/capture_msgs/share/capture_msgs/cmake/rosidl_cmake_export_typesupport_targets-extras.cmake
[3.045s] -- Up-to-date: /home/addinedu/amr_ws/ros/camera_oneday/install/capture_msgs/share/capture_msgs/cmake/ament_cmake_export_dependencies-extras.cmake
[3.045s] -- Up-to-date: /home/addinedu/amr_ws/ros/camera_oneday/install/capture_msgs/share/capture_msgs/cmake/rosidl_cmake_export_typesupport_libraries-extras.cmake
[3.045s] -- Up-to-date: /home/addinedu/amr_ws/ros/camera_oneday/install/capture_msgs/share/capture_msgs/cmake/capture_msgsConfig.cmake
[3.045s] -- Up-to-date: /home/addinedu/amr_ws/ros/camera_oneday/install/capture_msgs/share/capture_msgs/cmake/capture_msgsConfig-version.cmake
[3.045s] -- Up-to-date: /home/addinedu/amr_ws/ros/camera_oneday/install/capture_msgs/share/capture_msgs/package.xml
[3.047s] Invoked command in '/home/addinedu/amr_ws/ros/camera_oneday/build/capture_msgs' returned '0': CMAKE_PREFIX_PATH=${CMAKE_PREFIX_PATH}:/home/addinedu/amr_ws/ros/camera_oneday/install/camera_oneday:/opt/ros/humble /usr/bin/cmake --install /home/addinedu/amr_ws/ros/camera_oneday/build/capture_msgs
