[0.092s] DEBUG:colcon:Command line arguments: ['/usr/bin/colcon', 'build']
[0.092s] DEBUG:colcon:Parsed command line arguments: Namespace(log_base=None, log_level=None, verb_name='build', build_base='build', install_base='install', merge_install=False, symlink_install=False, test_result_base=None, continue_on_error=False, executor='parallel', parallel_workers=12, event_handlers=None, ignore_user_meta=False, metas=['./colcon.meta'], base_paths=['.'], packages_ignore=None, packages_ignore_regex=None, paths=None, packages_up_to=None, packages_up_to_regex=None, packages_above=None, packages_above_and_dependencies=None, packages_above_depth=None, packages_select_by_dep=None, packages_skip_by_dep=None, packages_skip_up_to=None, packages_select_build_failed=False, packages_skip_build_finished=False, packages_select_test_failures=False, packages_skip_test_passed=False, packages_select=None, packages_skip=None, packages_select_regex=None, packages_skip_regex=None, packages_start=None, packages_end=None, allow_overriding=[], cmake_args=None, cmake_target=None, cmake_target_skip_unavailable=False, cmake_clean_cache=False, cmake_clean_first=False, cmake_force_configure=False, ament_cmake_args=None, catkin_cmake_args=None, catkin_skip_building_tests=False, verb_parser=<colcon_defaults.argument_parser.defaults.DefaultArgumentsDecorator object at 0x707e1802f640>, verb_extension=<colcon_core.verb.build.BuildVerb object at 0x707e1802ecb0>, main=<bound method BuildVerb.main of <colcon_core.verb.build.BuildVerb object at 0x707e1802ecb0>>)
[0.123s] Level 1:colcon.colcon_core.package_discovery:discover_packages(colcon_meta) check parameters
[0.123s] Level 1:colcon.colcon_core.package_discovery:discover_packages(recursive) check parameters
[0.123s] Level 1:colcon.colcon_core.package_discovery:discover_packages(ignore) check parameters
[0.123s] Level 1:colcon.colcon_core.package_discovery:discover_packages(path) check parameters
[0.123s] Level 1:colcon.colcon_core.package_discovery:discover_packages(colcon_meta) discover
[0.123s] Level 1:colcon.colcon_core.package_discovery:discover_packages(recursive) discover
[0.123s] INFO:colcon.colcon_core.package_discovery:Crawling recursively for packages in '/home/addinedu/amr_ws/ros/camera_oneday'
[0.123s] Level 1:colcon.colcon_core.package_identification:_identify(.) by extensions ['ignore', 'ignore_ament_install']
[0.123s] Level 1:colcon.colcon_core.package_identification:_identify(.) by extension 'ignore'
[0.124s] Level 1:colcon.colcon_core.package_identification:_identify(.) by extension 'ignore_ament_install'
[0.124s] Level 1:colcon.colcon_core.package_identification:_identify(.) by extensions ['colcon_pkg']
[0.124s] Level 1:colcon.colcon_core.package_identification:_identify(.) by extension 'colcon_pkg'
[0.124s] Level 1:colcon.colcon_core.package_identification:_identify(.) by extensions ['colcon_meta']
[0.124s] Level 1:colcon.colcon_core.package_identification:_identify(.) by extension 'colcon_meta'
[0.124s] Level 1:colcon.colcon_core.package_identification:_identify(.) by extensions ['ros']
[0.124s] Level 1:colcon.colcon_core.package_identification:_identify(.) by extension 'ros'
[0.135s] Level 1:colcon.colcon_core.package_identification:_identify(.) by extensions ['cmake', 'python']
[0.136s] Level 1:colcon.colcon_core.package_identification:_identify(.) by extension 'cmake'
[0.136s] Level 1:colcon.colcon_core.package_identification:_identify(.) by extension 'python'
[0.136s] Level 1:colcon.colcon_core.package_identification:_identify(.) by extensions ['python_setup_py']
[0.136s] Level 1:colcon.colcon_core.package_identification:_identify(.) by extension 'python_setup_py'
[0.136s] Level 1:colcon.colcon_core.package_identification:_identify(build) by extensions ['ignore', 'ignore_ament_install']
[0.136s] Level 1:colcon.colcon_core.package_identification:_identify(build) by extension 'ignore'
[0.136s] Level 1:colcon.colcon_core.package_identification:_identify(build) ignored
[0.136s] Level 1:colcon.colcon_core.package_identification:_identify(install) by extensions ['ignore', 'ignore_ament_install']
[0.136s] Level 1:colcon.colcon_core.package_identification:_identify(install) by extension 'ignore'
[0.136s] Level 1:colcon.colcon_core.package_identification:_identify(install) ignored
[0.136s] Level 1:colcon.colcon_core.package_identification:_identify(log) by extensions ['ignore', 'ignore_ament_install']
[0.136s] Level 1:colcon.colcon_core.package_identification:_identify(log) by extension 'ignore'
[0.136s] Level 1:colcon.colcon_core.package_identification:_identify(log) ignored
[0.136s] Level 1:colcon.colcon_core.package_identification:_identify(src) by extensions ['ignore', 'ignore_ament_install']
[0.136s] Level 1:colcon.colcon_core.package_identification:_identify(src) by extension 'ignore'
[0.136s] Level 1:colcon.colcon_core.package_identification:_identify(src) by extension 'ignore_ament_install'
[0.137s] Level 1:colcon.colcon_core.package_identification:_identify(src) by extensions ['colcon_pkg']
[0.137s] Level 1:colcon.colcon_core.package_identification:_identify(src) by extension 'colcon_pkg'
[0.137s] Level 1:colcon.colcon_core.package_identification:_identify(src) by extensions ['colcon_meta']
[0.137s] Level 1:colcon.colcon_core.package_identification:_identify(src) by extension 'colcon_meta'
[0.137s] Level 1:colcon.colcon_core.package_identification:_identify(src) by extensions ['ros']
[0.137s] Level 1:colcon.colcon_core.package_identification:_identify(src) by extension 'ros'
[0.137s] Level 1:colcon.colcon_core.package_identification:_identify(src) by extensions ['cmake', 'python']
[0.137s] Level 1:colcon.colcon_core.package_identification:_identify(src) by extension 'cmake'
[0.137s] Level 1:colcon.colcon_core.package_identification:_identify(src) by extension 'python'
[0.137s] Level 1:colcon.colcon_core.package_identification:_identify(src) by extensions ['python_setup_py']
[0.137s] Level 1:colcon.colcon_core.package_identification:_identify(src) by extension 'python_setup_py'
[0.137s] Level 1:colcon.colcon_core.package_identification:_identify(src/camera_oneday) by extensions ['ignore', 'ignore_ament_install']
[0.137s] Level 1:colcon.colcon_core.package_identification:_identify(src/camera_oneday) by extension 'ignore'
[0.137s] Level 1:colcon.colcon_core.package_identification:_identify(src/camera_oneday) by extension 'ignore_ament_install'
[0.137s] Level 1:colcon.colcon_core.package_identification:_identify(src/camera_oneday) by extensions ['colcon_pkg']
[0.137s] Level 1:colcon.colcon_core.package_identification:_identify(src/camera_oneday) by extension 'colcon_pkg'
[0.137s] Level 1:colcon.colcon_core.package_identification:_identify(src/camera_oneday) by extensions ['colcon_meta']
[0.137s] Level 1:colcon.colcon_core.package_identification:_identify(src/camera_oneday) by extension 'colcon_meta'
[0.137s] Level 1:colcon.colcon_core.package_identification:_identify(src/camera_oneday) by extensions ['ros']
[0.137s] Level 1:colcon.colcon_core.package_identification:_identify(src/camera_oneday) by extension 'ros'
[0.139s] DEBUG:colcon.colcon_core.package_identification:Package 'src/camera_oneday' with type 'ros.ament_python' and name 'camera_oneday'
[0.139s] Level 1:colcon.colcon_core.package_identification:_identify(src/capture_msgs) by extensions ['ignore', 'ignore_ament_install']
[0.139s] Level 1:colcon.colcon_core.package_identification:_identify(src/capture_msgs) by extension 'ignore'
[0.139s] Level 1:colcon.colcon_core.package_identification:_identify(src/capture_msgs) by extension 'ignore_ament_install'
[0.139s] Level 1:colcon.colcon_core.package_identification:_identify(src/capture_msgs) by extensions ['colcon_pkg']
[0.139s] Level 1:colcon.colcon_core.package_identification:_identify(src/capture_msgs) by extension 'colcon_pkg'
[0.139s] Level 1:colcon.colcon_core.package_identification:_identify(src/capture_msgs) by extensions ['colcon_meta']
[0.139s] Level 1:colcon.colcon_core.package_identification:_identify(src/capture_msgs) by extension 'colcon_meta'
[0.139s] Level 1:colcon.colcon_core.package_identification:_identify(src/capture_msgs) by extensions ['ros']
[0.139s] Level 1:colcon.colcon_core.package_identification:_identify(src/capture_msgs) by extension 'ros'
[0.140s] DEBUG:colcon.colcon_core.package_identification:Package 'src/capture_msgs' with type 'ros.ament_cmake' and name 'capture_msgs'
[0.140s] Level 1:colcon.colcon_core.package_discovery:discover_packages(recursive) using defaults
[0.140s] Level 1:colcon.colcon_core.package_discovery:discover_packages(ignore) discover
[0.140s] Level 1:colcon.colcon_core.package_discovery:discover_packages(ignore) using defaults
[0.140s] Level 1:colcon.colcon_core.package_discovery:discover_packages(path) discover
[0.140s] Level 1:colcon.colcon_core.package_discovery:discover_packages(path) using defaults
[0.156s] Level 1:colcon.colcon_core.package_discovery:discover_packages(prefix_path) check parameters
[0.157s] Level 1:colcon.colcon_core.package_discovery:discover_packages(prefix_path) discover
[0.159s] DEBUG:colcon.colcon_installed_package_information.package_discovery:Found 2 installed packages in /home/addinedu/amr_ws/ros/camera_oneday/install
[0.159s] DEBUG:colcon.colcon_installed_package_information.package_discovery:Found 298 installed packages in /opt/ros/humble
[0.161s] Level 1:colcon.colcon_core.package_discovery:discover_packages(prefix_path) using defaults
[0.195s] Level 5:colcon.colcon_core.verb:set package 'camera_oneday' build argument 'cmake_args' from command line to 'None'
[0.195s] Level 5:colcon.colcon_core.verb:set package 'camera_oneday' build argument 'cmake_target' from command line to 'None'
[0.195s] Level 5:colcon.colcon_core.verb:set package 'camera_oneday' build argument 'cmake_target_skip_unavailable' from command line to 'False'
[0.195s] Level 5:colcon.colcon_core.verb:set package 'camera_oneday' build argument 'cmake_clean_cache' from command line to 'False'
[0.195s] Level 5:colcon.colcon_core.verb:set package 'camera_oneday' build argument 'cmake_clean_first' from command line to 'False'
[0.195s] Level 5:colcon.colcon_core.verb:set package 'camera_oneday' build argument 'cmake_force_configure' from command line to 'False'
[0.195s] Level 5:colcon.colcon_core.verb:set package 'camera_oneday' build argument 'ament_cmake_args' from command line to 'None'
[0.195s] Level 5:colcon.colcon_core.verb:set package 'camera_oneday' build argument 'catkin_cmake_args' from command line to 'None'
[0.195s] Level 5:colcon.colcon_core.verb:set package 'camera_oneday' build argument 'catkin_skip_building_tests' from command line to 'False'
[0.195s] DEBUG:colcon.colcon_core.verb:Building package 'camera_oneday' with the following arguments: {'ament_cmake_args': None, 'build_base': '/home/addinedu/amr_ws/ros/camera_oneday/build/camera_oneday', 'catkin_cmake_args': None, 'catkin_skip_building_tests': False, 'cmake_args': None, 'cmake_clean_cache': False, 'cmake_clean_first': False, 'cmake_force_configure': False, 'cmake_target': None, 'cmake_target_skip_unavailable': False, 'install_base': '/home/addinedu/amr_ws/ros/camera_oneday/install/camera_oneday', 'merge_install': False, 'path': '/home/addinedu/amr_ws/ros/camera_oneday/src/camera_oneday', 'symlink_install': False, 'test_result_base': None}
[0.196s] Level 5:colcon.colcon_core.verb:set package 'capture_msgs' build argument 'cmake_args' from command line to 'None'
[0.196s] Level 5:colcon.colcon_core.verb:set package 'capture_msgs' build argument 'cmake_target' from command line to 'None'
[0.196s] Level 5:colcon.colcon_core.verb:set package 'capture_msgs' build argument 'cmake_target_skip_unavailable' from command line to 'False'
[0.196s] Level 5:colcon.colcon_core.verb:set package 'capture_msgs' build argument 'cmake_clean_cache' from command line to 'False'
[0.196s] Level 5:colcon.colcon_core.verb:set package 'capture_msgs' build argument 'cmake_clean_first' from command line to 'False'
[0.196s] Level 5:colcon.colcon_core.verb:set package 'capture_msgs' build argument 'cmake_force_configure' from command line to 'False'
[0.196s] Level 5:colcon.colcon_core.verb:set package 'capture_msgs' build argument 'ament_cmake_args' from command line to 'None'
[0.196s] Level 5:colcon.colcon_core.verb:set package 'capture_msgs' build argument 'catkin_cmake_args' from command line to 'None'
[0.196s] Level 5:colcon.colcon_core.verb:set package 'capture_msgs' build argument 'catkin_skip_building_tests' from command line to 'False'
[0.196s] DEBUG:colcon.colcon_core.verb:Building package 'capture_msgs' with the following arguments: {'ament_cmake_args': None, 'build_base': '/home/addinedu/amr_ws/ros/camera_oneday/build/capture_msgs', 'catkin_cmake_args': None, 'catkin_skip_building_tests': False, 'cmake_args': None, 'cmake_clean_cache': False, 'cmake_clean_first': False, 'cmake_force_configure': False, 'cmake_target': None, 'cmake_target_skip_unavailable': False, 'install_base': '/home/addinedu/amr_ws/ros/camera_oneday/install/capture_msgs', 'merge_install': False, 'path': '/home/addinedu/amr_ws/ros/camera_oneday/src/capture_msgs', 'symlink_install': False, 'test_result_base': None}
[0.196s] INFO:colcon.colcon_core.executor:Executing jobs using 'parallel' executor
[0.197s] DEBUG:colcon.colcon_parallel_executor.executor.parallel:run_until_complete
[0.197s] INFO:colcon.colcon_ros.task.ament_python.build:Building ROS package in '/home/addinedu/amr_ws/ros/camera_oneday/src/camera_oneday' with build type 'ament_python'
[0.197s] Level 1:colcon.colcon_core.shell:create_environment_hook('camera_oneday', 'ament_prefix_path')
[0.198s] INFO:colcon.colcon_core.plugin_system:Skipping extension 'colcon_core.shell.bat': Not used on non-Windows systems
[0.199s] INFO:colcon.colcon_core.shell:Creating environment hook '/home/addinedu/amr_ws/ros/camera_oneday/install/camera_oneday/share/camera_oneday/hook/ament_prefix_path.ps1'
[0.199s] INFO:colcon.colcon_core.shell:Creating environment descriptor '/home/addinedu/amr_ws/ros/camera_oneday/install/camera_oneday/share/camera_oneday/hook/ament_prefix_path.dsv'
[0.199s] INFO:colcon.colcon_core.shell:Creating environment hook '/home/addinedu/amr_ws/ros/camera_oneday/install/camera_oneday/share/camera_oneday/hook/ament_prefix_path.sh'
[0.200s] INFO:colcon.colcon_core.shell:Skip shell extension 'powershell' for command environment: Not usable outside of PowerShell
[0.200s] DEBUG:colcon.colcon_core.shell:Skip shell extension 'dsv' for command environment
[0.202s] INFO:colcon.colcon_ros.task.ament_cmake.build:Building ROS package in '/home/addinedu/amr_ws/ros/camera_oneday/src/capture_msgs' with build type 'ament_cmake'
[0.202s] INFO:colcon.colcon_cmake.task.cmake.build:Building CMake package in '/home/addinedu/amr_ws/ros/camera_oneday/src/capture_msgs'
[0.203s] INFO:colcon.colcon_core.shell:Skip shell extension 'powershell' for command environment: Not usable outside of PowerShell
[0.203s] DEBUG:colcon.colcon_core.shell:Skip shell extension 'dsv' for command environment
[0.388s] INFO:colcon.colcon_core.task.python.build:Building Python package in '/home/addinedu/amr_ws/ros/camera_oneday/src/camera_oneday'
[0.388s] INFO:colcon.colcon_core.shell:Skip shell extension 'powershell' for command environment: Not usable outside of PowerShell
[0.388s] DEBUG:colcon.colcon_core.shell:Skip shell extension 'dsv' for command environment
[0.394s] DEBUG:colcon.colcon_core.event_handler.log_command:Invoking command in '/home/addinedu/amr_ws/ros/camera_oneday/build/capture_msgs': CMAKE_PREFIX_PATH=${CMAKE_PREFIX_PATH}:/home/addinedu/amr_ws/ros/camera_oneday/install/camera_oneday:/opt/ros/humble /usr/bin/cmake --build /home/addinedu/amr_ws/ros/camera_oneday/build/capture_msgs -- -j12 -l12
[0.947s] DEBUG:colcon.colcon_core.event_handler.log_command:Invoking command in '/home/addinedu/amr_ws/ros/camera_oneday/src/camera_oneday': PYTHONPATH=/home/addinedu/amr_ws/ros/camera_oneday/build/camera_oneday/prefix_override:/home/addinedu/amr_ws/ros/camera_oneday/install/camera_oneday/lib/python3.10/site-packages:${PYTHONPATH} /usr/bin/python3 -W ignore:setup.py install is deprecated setup.py egg_info --egg-base ../../build/camera_oneday build --build-base /home/addinedu/amr_ws/ros/camera_oneday/build/camera_oneday/build install --record /home/addinedu/amr_ws/ros/camera_oneday/build/camera_oneday/install.log --single-version-externally-managed install_data
[1.466s] DEBUG:colcon.colcon_core.event_handler.log_command:Invoked command in '/home/addinedu/amr_ws/ros/camera_oneday/src/camera_oneday' returned '0': PYTHONPATH=/home/addinedu/amr_ws/ros/camera_oneday/build/camera_oneday/prefix_override:/home/addinedu/amr_ws/ros/camera_oneday/install/camera_oneday/lib/python3.10/site-packages:${PYTHONPATH} /usr/bin/python3 -W ignore:setup.py install is deprecated setup.py egg_info --egg-base ../../build/camera_oneday build --build-base /home/addinedu/amr_ws/ros/camera_oneday/build/camera_oneday/build install --record /home/addinedu/amr_ws/ros/camera_oneday/build/camera_oneday/install.log --single-version-externally-managed install_data
[1.467s] Level 1:colcon.colcon_core.environment:checking '/home/addinedu/amr_ws/ros/camera_oneday/install/camera_oneday' for CMake module files
[1.467s] Level 1:colcon.colcon_core.environment:checking '/home/addinedu/amr_ws/ros/camera_oneday/install/camera_oneday' for CMake config files
[1.468s] Level 1:colcon.colcon_core.environment:checking '/home/addinedu/amr_ws/ros/camera_oneday/install/camera_oneday/lib'
[1.468s] Level 1:colcon.colcon_core.environment:checking '/home/addinedu/amr_ws/ros/camera_oneday/install/camera_oneday/bin'
[1.468s] Level 1:colcon.colcon_core.environment:checking '/home/addinedu/amr_ws/ros/camera_oneday/install/camera_oneday/lib/pkgconfig/camera_oneday.pc'
[1.468s] Level 1:colcon.colcon_core.environment:checking '/home/addinedu/amr_ws/ros/camera_oneday/install/camera_oneday/lib/python3.10/site-packages'
[1.468s] Level 1:colcon.colcon_core.shell:create_environment_hook('camera_oneday', 'pythonpath')
[1.469s] INFO:colcon.colcon_core.shell:Creating environment hook '/home/addinedu/amr_ws/ros/camera_oneday/install/camera_oneday/share/camera_oneday/hook/pythonpath.ps1'
[1.469s] INFO:colcon.colcon_core.shell:Creating environment descriptor '/home/addinedu/amr_ws/ros/camera_oneday/install/camera_oneday/share/camera_oneday/hook/pythonpath.dsv'
[1.469s] INFO:colcon.colcon_core.shell:Creating environment hook '/home/addinedu/amr_ws/ros/camera_oneday/install/camera_oneday/share/camera_oneday/hook/pythonpath.sh'
[1.469s] Level 1:colcon.colcon_core.environment:checking '/home/addinedu/amr_ws/ros/camera_oneday/install/camera_oneday/bin'
[1.470s] Level 1:colcon.colcon_core.environment:create_environment_scripts_only(camera_oneday)
[1.470s] INFO:colcon.colcon_core.shell:Creating package script '/home/addinedu/amr_ws/ros/camera_oneday/install/camera_oneday/share/camera_oneday/package.ps1'
[1.470s] INFO:colcon.colcon_core.shell:Creating package descriptor '/home/addinedu/amr_ws/ros/camera_oneday/install/camera_oneday/share/camera_oneday/package.dsv'
[1.471s] INFO:colcon.colcon_core.shell:Creating package script '/home/addinedu/amr_ws/ros/camera_oneday/install/camera_oneday/share/camera_oneday/package.sh'
[1.472s] INFO:colcon.colcon_core.shell:Creating package script '/home/addinedu/amr_ws/ros/camera_oneday/install/camera_oneday/share/camera_oneday/package.bash'
[1.472s] INFO:colcon.colcon_core.shell:Creating package script '/home/addinedu/amr_ws/ros/camera_oneday/install/camera_oneday/share/camera_oneday/package.zsh'
[1.473s] Level 1:colcon.colcon_core.environment:create_file_with_runtime_dependencies(/home/addinedu/amr_ws/ros/camera_oneday/install/camera_oneday/share/colcon-core/packages/camera_oneday)
[3.035s] DEBUG:colcon.colcon_core.event_handler.log_command:Invoked command in '/home/addinedu/amr_ws/ros/camera_oneday/build/capture_msgs' returned '0': CMAKE_PREFIX_PATH=${CMAKE_PREFIX_PATH}:/home/addinedu/amr_ws/ros/camera_oneday/install/camera_oneday:/opt/ros/humble /usr/bin/cmake --build /home/addinedu/amr_ws/ros/camera_oneday/build/capture_msgs -- -j12 -l12
[3.085s] DEBUG:colcon.colcon_core.event_handler.log_command:Invoking command in '/home/addinedu/amr_ws/ros/camera_oneday/build/capture_msgs': CMAKE_PREFIX_PATH=${CMAKE_PREFIX_PATH}:/home/addinedu/amr_ws/ros/camera_oneday/install/camera_oneday:/opt/ros/humble /usr/bin/cmake --install /home/addinedu/amr_ws/ros/camera_oneday/build/capture_msgs
[3.138s] Level 1:colcon.colcon_core.environment:create_environment_scripts_only(capture_msgs)
[3.138s] Level 1:colcon.colcon_core.environment:checking '/home/addinedu/amr_ws/ros/camera_oneday/install/capture_msgs' for CMake module files
[3.139s] Level 1:colcon.colcon_core.environment:checking '/home/addinedu/amr_ws/ros/camera_oneday/install/capture_msgs' for CMake config files
[3.141s] DEBUG:colcon.colcon_core.event_handler.log_command:Invoked command in '/home/addinedu/amr_ws/ros/camera_oneday/build/capture_msgs' returned '0': CMAKE_PREFIX_PATH=${CMAKE_PREFIX_PATH}:/home/addinedu/amr_ws/ros/camera_oneday/install/camera_oneday:/opt/ros/humble /usr/bin/cmake --install /home/addinedu/amr_ws/ros/camera_oneday/build/capture_msgs
[3.141s] Level 1:colcon.colcon_core.shell:create_environment_hook('capture_msgs', 'cmake_prefix_path')
[3.141s] INFO:colcon.colcon_core.shell:Creating environment hook '/home/addinedu/amr_ws/ros/camera_oneday/install/capture_msgs/share/capture_msgs/hook/cmake_prefix_path.ps1'
[3.141s] INFO:colcon.colcon_core.shell:Creating environment descriptor '/home/addinedu/amr_ws/ros/camera_oneday/install/capture_msgs/share/capture_msgs/hook/cmake_prefix_path.dsv'
[3.142s] INFO:colcon.colcon_core.shell:Creating environment hook '/home/addinedu/amr_ws/ros/camera_oneday/install/capture_msgs/share/capture_msgs/hook/cmake_prefix_path.sh'
[3.142s] Level 1:colcon.colcon_core.environment:checking '/home/addinedu/amr_ws/ros/camera_oneday/install/capture_msgs/lib'
[3.142s] Level 1:colcon.colcon_core.shell:create_environment_hook('capture_msgs', 'ld_library_path_lib')
[3.142s] INFO:colcon.colcon_core.shell:Creating environment hook '/home/addinedu/amr_ws/ros/camera_oneday/install/capture_msgs/share/capture_msgs/hook/ld_library_path_lib.ps1'
[3.142s] INFO:colcon.colcon_core.shell:Creating environment descriptor '/home/addinedu/amr_ws/ros/camera_oneday/install/capture_msgs/share/capture_msgs/hook/ld_library_path_lib.dsv'
[3.143s] INFO:colcon.colcon_core.shell:Creating environment hook '/home/addinedu/amr_ws/ros/camera_oneday/install/capture_msgs/share/capture_msgs/hook/ld_library_path_lib.sh'
[3.143s] Level 1:colcon.colcon_core.environment:checking '/home/addinedu/amr_ws/ros/camera_oneday/install/capture_msgs/bin'
[3.143s] Level 1:colcon.colcon_core.environment:checking '/home/addinedu/amr_ws/ros/camera_oneday/install/capture_msgs/lib/pkgconfig/capture_msgs.pc'
[3.143s] Level 1:colcon.colcon_core.environment:checking '/home/addinedu/amr_ws/ros/camera_oneday/install/capture_msgs/lib/python3.10/site-packages'
[3.143s] Level 1:colcon.colcon_core.environment:checking '/home/addinedu/amr_ws/ros/camera_oneday/install/capture_msgs/bin'
[3.144s] INFO:colcon.colcon_core.shell:Creating package script '/home/addinedu/amr_ws/ros/camera_oneday/install/capture_msgs/share/capture_msgs/package.ps1'
[3.144s] INFO:colcon.colcon_core.shell:Creating package descriptor '/home/addinedu/amr_ws/ros/camera_oneday/install/capture_msgs/share/capture_msgs/package.dsv'
[3.144s] INFO:colcon.colcon_core.shell:Creating package script '/home/addinedu/amr_ws/ros/camera_oneday/install/capture_msgs/share/capture_msgs/package.sh'
[3.145s] INFO:colcon.colcon_core.shell:Creating package script '/home/addinedu/amr_ws/ros/camera_oneday/install/capture_msgs/share/capture_msgs/package.bash'
[3.145s] INFO:colcon.colcon_core.shell:Creating package script '/home/addinedu/amr_ws/ros/camera_oneday/install/capture_msgs/share/capture_msgs/package.zsh'
[3.145s] Level 1:colcon.colcon_core.environment:create_file_with_runtime_dependencies(/home/addinedu/amr_ws/ros/camera_oneday/install/capture_msgs/share/colcon-core/packages/capture_msgs)
[3.185s] Level 1:colcon.colcon_core.environment:create_environment_scripts_only(capture_msgs)
[3.186s] Level 1:colcon.colcon_core.environment:checking '/home/addinedu/amr_ws/ros/camera_oneday/install/capture_msgs' for CMake module files
[3.186s] Level 1:colcon.colcon_core.environment:checking '/home/addinedu/amr_ws/ros/camera_oneday/install/capture_msgs' for CMake config files
[3.186s] Level 1:colcon.colcon_core.shell:create_environment_hook('capture_msgs', 'cmake_prefix_path')
[3.187s] INFO:colcon.colcon_core.shell:Creating environment hook '/home/addinedu/amr_ws/ros/camera_oneday/install/capture_msgs/share/capture_msgs/hook/cmake_prefix_path.ps1'
[3.187s] INFO:colcon.colcon_core.shell:Creating environment descriptor '/home/addinedu/amr_ws/ros/camera_oneday/install/capture_msgs/share/capture_msgs/hook/cmake_prefix_path.dsv'
[3.187s] INFO:colcon.colcon_core.shell:Creating environment hook '/home/addinedu/amr_ws/ros/camera_oneday/install/capture_msgs/share/capture_msgs/hook/cmake_prefix_path.sh'
[3.187s] Level 1:colcon.colcon_core.environment:checking '/home/addinedu/amr_ws/ros/camera_oneday/install/capture_msgs/lib'
[3.188s] Level 1:colcon.colcon_core.shell:create_environment_hook('capture_msgs', 'ld_library_path_lib')
[3.188s] INFO:colcon.colcon_core.shell:Creating environment hook '/home/addinedu/amr_ws/ros/camera_oneday/install/capture_msgs/share/capture_msgs/hook/ld_library_path_lib.ps1'
[3.188s] INFO:colcon.colcon_core.shell:Creating environment descriptor '/home/addinedu/amr_ws/ros/camera_oneday/install/capture_msgs/share/capture_msgs/hook/ld_library_path_lib.dsv'
[3.188s] INFO:colcon.colcon_core.shell:Creating environment hook '/home/addinedu/amr_ws/ros/camera_oneday/install/capture_msgs/share/capture_msgs/hook/ld_library_path_lib.sh'
[3.188s] Level 1:colcon.colcon_core.environment:checking '/home/addinedu/amr_ws/ros/camera_oneday/install/capture_msgs/bin'
[3.188s] Level 1:colcon.colcon_core.environment:checking '/home/addinedu/amr_ws/ros/camera_oneday/install/capture_msgs/lib/pkgconfig/capture_msgs.pc'
[3.189s] Level 1:colcon.colcon_core.environment:checking '/home/addinedu/amr_ws/ros/camera_oneday/install/capture_msgs/lib/python3.10/site-packages'
[3.189s] Level 1:colcon.colcon_core.environment:checking '/home/addinedu/amr_ws/ros/camera_oneday/install/capture_msgs/bin'
[3.189s] INFO:colcon.colcon_core.shell:Creating package script '/home/addinedu/amr_ws/ros/camera_oneday/install/capture_msgs/share/capture_msgs/package.ps1'
[3.190s] INFO:colcon.colcon_core.shell:Creating package descriptor '/home/addinedu/amr_ws/ros/camera_oneday/install/capture_msgs/share/capture_msgs/package.dsv'
[3.190s] INFO:colcon.colcon_core.shell:Creating package script '/home/addinedu/amr_ws/ros/camera_oneday/install/capture_msgs/share/capture_msgs/package.sh'
[3.190s] INFO:colcon.colcon_core.shell:Creating package script '/home/addinedu/amr_ws/ros/camera_oneday/install/capture_msgs/share/capture_msgs/package.bash'
[3.190s] INFO:colcon.colcon_core.shell:Creating package script '/home/addinedu/amr_ws/ros/camera_oneday/install/capture_msgs/share/capture_msgs/package.zsh'
[3.191s] Level 1:colcon.colcon_core.environment:create_file_with_runtime_dependencies(/home/addinedu/amr_ws/ros/camera_oneday/install/capture_msgs/share/colcon-core/packages/capture_msgs)
[3.191s] DEBUG:colcon.colcon_parallel_executor.executor.parallel:closing loop
[3.191s] DEBUG:colcon.colcon_parallel_executor.executor.parallel:loop closed
[3.191s] DEBUG:colcon.colcon_parallel_executor.executor.parallel:run_until_complete finished with '0'
[3.191s] DEBUG:colcon.colcon_core.event_reactor:joining thread
[3.195s] INFO:colcon.colcon_core.plugin_system:Skipping extension 'colcon_notification.desktop_notification.terminal_notifier': Not used on non-Darwin systems
[3.195s] INFO:colcon.colcon_core.plugin_system:Skipping extension 'colcon_notification.desktop_notification.win32': Not used on non-Windows systems
[3.195s] INFO:colcon.colcon_notification.desktop_notification:Sending desktop notification using 'notify2'
[3.205s] DEBUG:colcon.colcon_core.event_reactor:joined thread
[3.205s] INFO:colcon.colcon_core.shell:Creating prefix script '/home/addinedu/amr_ws/ros/camera_oneday/install/local_setup.ps1'
[3.206s] INFO:colcon.colcon_core.shell:Creating prefix util module '/home/addinedu/amr_ws/ros/camera_oneday/install/_local_setup_util_ps1.py'
[3.207s] INFO:colcon.colcon_core.shell:Creating prefix chain script '/home/addinedu/amr_ws/ros/camera_oneday/install/setup.ps1'
[3.207s] INFO:colcon.colcon_core.shell:Creating prefix script '/home/addinedu/amr_ws/ros/camera_oneday/install/local_setup.sh'
[3.208s] INFO:colcon.colcon_core.shell:Creating prefix util module '/home/addinedu/amr_ws/ros/camera_oneday/install/_local_setup_util_sh.py'
[3.208s] INFO:colcon.colcon_core.shell:Creating prefix chain script '/home/addinedu/amr_ws/ros/camera_oneday/install/setup.sh'
[3.209s] INFO:colcon.colcon_core.shell:Creating prefix script '/home/addinedu/amr_ws/ros/camera_oneday/install/local_setup.bash'
[3.210s] INFO:colcon.colcon_core.shell:Creating prefix chain script '/home/addinedu/amr_ws/ros/camera_oneday/install/setup.bash'
[3.210s] INFO:colcon.colcon_core.shell:Creating prefix script '/home/addinedu/amr_ws/ros/camera_oneday/install/local_setup.zsh'
[3.211s] INFO:colcon.colcon_core.shell:Creating prefix chain script '/home/addinedu/amr_ws/ros/camera_oneday/install/setup.zsh'
