[0.710s] Invoking command in '/home/addinedu/amr_ws/ros/camera_oneday/src/camera_oneday': PYTHONPATH=/home/addinedu/amr_ws/ros/camera_oneday/build/camera_oneday/prefix_override:/home/addinedu/amr_ws/ros/camera_oneday/install/camera_oneday/lib/python3.10/site-packages:${PYTHONPATH} /usr/bin/python3 -W ignore:setup.py install is deprecated setup.py egg_info --egg-base ../../build/camera_oneday build --build-base /home/addinedu/amr_ws/ros/camera_oneday/build/camera_oneday/build install --record /home/addinedu/amr_ws/ros/camera_oneday/build/camera_oneday/install.log --single-version-externally-managed install_data
[0.931s] running egg_info
[0.947s] writing ../../build/camera_oneday/camera_oneday.egg-info/PKG-INFO
[0.947s] writing dependency_links to ../../build/camera_oneday/camera_oneday.egg-info/dependency_links.txt
[0.947s] writing entry points to ../../build/camera_oneday/camera_oneday.egg-info/entry_points.txt
[0.948s] writing requirements to ../../build/camera_oneday/camera_oneday.egg-info/requires.txt
[0.948s] writing top-level names to ../../build/camera_oneday/camera_oneday.egg-info/top_level.txt
[0.981s] reading manifest file '../../build/camera_oneday/camera_oneday.egg-info/SOURCES.txt'
[0.982s] writing manifest file '../../build/camera_oneday/camera_oneday.egg-info/SOURCES.txt'
[0.982s] running build
[0.982s] running build_py
[0.982s] copying camera_oneday/__init__.py -> /home/addinedu/amr_ws/ros/camera_oneday/build/camera_oneday/build/lib/camera_oneday
[0.983s] copying camera_oneday/img_publisher.py -> /home/addinedu/amr_ws/ros/camera_oneday/build/camera_oneday/build/lib/camera_oneday
[0.983s] running install
[0.987s] running install_lib
[1.004s] running install_data
[1.004s] copying resource/camera_oneday -> /home/addinedu/amr_ws/ros/camera_oneday/install/camera_oneday/share/ament_index/resource_index/packages
[1.005s] copying package.xml -> /home/addinedu/amr_ws/ros/camera_oneday/install/camera_oneday/share/camera_oneday
[1.005s] creating /home/addinedu/amr_ws/ros/camera_oneday/install/camera_oneday/share/camera_oneday/launch
[1.005s] copying launch/camera.launch.py -> /home/addinedu/amr_ws/ros/camera_oneday/install/camera_oneday/share/camera_oneday/launch
[1.005s] creating /home/addinedu/amr_ws/ros/camera_oneday/install/camera_oneday/share/camera_oneday/param
[1.005s] copying param/size.yaml -> /home/addinedu/amr_ws/ros/camera_oneday/install/camera_oneday/share/camera_oneday/param
[1.005s] running install_egg_info
[1.022s] removing '/home/addinedu/amr_ws/ros/camera_oneday/install/camera_oneday/lib/python3.10/site-packages/camera_oneday-0.0.0-py3.10.egg-info' (and everything under it)
[1.022s] Copying ../../build/camera_oneday/camera_oneday.egg-info to /home/addinedu/amr_ws/ros/camera_oneday/install/camera_oneday/lib/python3.10/site-packages/camera_oneday-0.0.0-py3.10.egg-info
[1.023s] running install_scripts
[1.171s] Installing img_publisher script to /home/addinedu/amr_ws/ros/camera_oneday/install/camera_oneday/lib/camera_oneday
[1.171s] writing list of installed files to '/home/addinedu/amr_ws/ros/camera_oneday/build/camera_oneday/install.log'
[1.191s] Invoked command in '/home/addinedu/amr_ws/ros/camera_oneday/src/camera_oneday' returned '0': PYTHONPATH=/home/addinedu/amr_ws/ros/camera_oneday/build/camera_oneday/prefix_override:/home/addinedu/amr_ws/ros/camera_oneday/install/camera_oneday/lib/python3.10/site-packages:${PYTHONPATH} /usr/bin/python3 -W ignore:setup.py install is deprecated setup.py egg_info --egg-base ../../build/camera_oneday build --build-base /home/addinedu/amr_ws/ros/camera_oneday/build/camera_oneday/build install --record /home/addinedu/amr_ws/ros/camera_oneday/build/camera_oneday/install.log --single-version-externally-managed install_data
