/home/addinedu/amr_ws/ros/camera_oneday/install/camera_oneday/lib/python3.10/site-packages/camera_oneday/__init__.py
/home/addinedu/amr_ws/ros/camera_oneday/install/camera_oneday/lib/python3.10/site-packages/camera_oneday/canny.py
/home/addinedu/amr_ws/ros/camera_oneday/install/camera_oneday/lib/python3.10/site-packages/camera_oneday/img_publisher.py
/home/addinedu/amr_ws/ros/camera_oneday/install/camera_oneday/lib/python3.10/site-packages/camera_oneday/camera_server.py
/home/addinedu/amr_ws/ros/camera_oneday/install/camera_oneday/lib/python3.10/site-packages/camera_oneday/__pycache__/__init__.cpython-310.pyc
/home/addinedu/amr_ws/ros/camera_oneday/install/camera_oneday/lib/python3.10/site-packages/camera_oneday/__pycache__/canny.cpython-310.pyc
/home/addinedu/amr_ws/ros/camera_oneday/install/camera_oneday/lib/python3.10/site-packages/camera_oneday/__pycache__/img_publisher.cpython-310.pyc
/home/addinedu/amr_ws/ros/camera_oneday/install/camera_oneday/lib/python3.10/site-packages/camera_oneday/__pycache__/camera_server.cpython-310.pyc
/home/addinedu/amr_ws/ros/camera_oneday/install/camera_oneday/share/ament_index/resource_index/packages/camera_oneday
/home/addinedu/amr_ws/ros/camera_oneday/install/camera_oneday/share/camera_oneday/package.xml
/home/addinedu/amr_ws/ros/camera_oneday/install/camera_oneday/share/camera_oneday/launch/camera.launch.py
/home/addinedu/amr_ws/ros/camera_oneday/install/camera_oneday/share/camera_oneday/launch/canny.launch.py
/home/addinedu/amr_ws/ros/camera_oneday/install/camera_oneday/share/camera_oneday/launch/camera_server.launch.py
/home/addinedu/amr_ws/ros/camera_oneday/install/camera_oneday/share/camera_oneday/param/size.yaml
/home/addinedu/amr_ws/ros/camera_oneday/install/camera_oneday/share/camera_oneday/param/filter.yaml
/home/addinedu/amr_ws/ros/camera_oneday/install/camera_oneday/share/camera_oneday/param/saving.yaml
/home/addinedu/amr_ws/ros/camera_oneday/install/camera_oneday/lib/python3.10/site-packages/camera_oneday-0.0.0-py3.10.egg-info/top_level.txt
/home/addinedu/amr_ws/ros/camera_oneday/install/camera_oneday/lib/python3.10/site-packages/camera_oneday-0.0.0-py3.10.egg-info/SOURCES.txt
/home/addinedu/amr_ws/ros/camera_oneday/install/camera_oneday/lib/python3.10/site-packages/camera_oneday-0.0.0-py3.10.egg-info/requires.txt
/home/addinedu/amr_ws/ros/camera_oneday/install/camera_oneday/lib/python3.10/site-packages/camera_oneday-0.0.0-py3.10.egg-info/PKG-INFO
/home/addinedu/amr_ws/ros/camera_oneday/install/camera_oneday/lib/python3.10/site-packages/camera_oneday-0.0.0-py3.10.egg-info/entry_points.txt
/home/addinedu/amr_ws/ros/camera_oneday/install/camera_oneday/lib/python3.10/site-packages/camera_oneday-0.0.0-py3.10.egg-info/zip-safe
/home/addinedu/amr_ws/ros/camera_oneday/install/camera_oneday/lib/python3.10/site-packages/camera_oneday-0.0.0-py3.10.egg-info/dependency_links.txt
/home/addinedu/amr_ws/ros/camera_oneday/install/camera_oneday/lib/camera_oneday/camera_server
/home/addinedu/amr_ws/ros/camera_oneday/install/camera_oneday/lib/camera_oneday/canny
/home/addinedu/amr_ws/ros/camera_oneday/install/camera_oneday/lib/camera_oneday/img_publisher
