[0.177s] Invoking command in '/home/addinedu/amr_ws/ros/camera_oneday/build/capture_msgs': CMAKE_PREFIX_PATH=${CMAKE_PREFIX_PATH}:/home/addinedu/amr_ws/ros/camera_oneday/install/camera_oneday:/home/addinedu/amr_ws/ros/opencv_study/install/opencv_tutorials:/opt/ros/humble /usr/bin/cmake --build /home/addinedu/amr_ws/ros/camera_oneday/build/capture_msgs -- -j12 -l12
[0.206s] [35m[1mConsolidate compiler generated dependencies of target capture_msgs__rosidl_generator_c[0m
[0.213s] [  3%] Built target capture_msgs__cpp
[0.214s] [ 12%] Built target capture_msgs__rosidl_generator_c
[0.222s] [35m[1mConsolidate compiler generated dependencies of target capture_msgs__rosidl_typesupport_cpp[0m
[0.222s] [35m[1mConsolidate compiler generated dependencies of target capture_msgs__rosidl_typesupport_fastrtps_cpp[0m
[0.222s] [35m[1mConsolidate compiler generated dependencies of target capture_msgs__rosidl_typesupport_introspection_c[0m
[0.222s] [35m[1mConsolidate compiler generated dependencies of target capture_msgs__rosidl_typesupport_fastrtps_c[0m
[0.223s] [ 12%] Built target ament_cmake_python_copy_capture_msgs
[0.224s] [35m[1mConsolidate compiler generated dependencies of target capture_msgs__rosidl_typesupport_introspection_cpp[0m
[0.226s] [35m[1mConsolidate compiler generated dependencies of target capture_msgs__rosidl_typesupport_c[0m
[0.232s] [ 22%] Built target capture_msgs__rosidl_typesupport_cpp
[0.234s] [ 32%] Built target capture_msgs__rosidl_typesupport_introspection_c
[0.234s] [ 41%] Built target capture_msgs__rosidl_typesupport_introspection_cpp
[0.234s] [ 51%] Built target capture_msgs__rosidl_typesupport_fastrtps_cpp
[0.235s] [ 61%] Built target capture_msgs__rosidl_typesupport_fastrtps_c
[0.237s] [ 70%] Built target capture_msgs__rosidl_typesupport_c
[0.255s] [ 70%] Built target capture_msgs
[0.271s] [ 74%] Built target capture_msgs__py
[0.279s] [35m[1mConsolidate compiler generated dependencies of target capture_msgs__rosidl_generator_py[0m
[0.288s] [ 80%] Built target capture_msgs__rosidl_generator_py
[0.296s] [35m[1mConsolidate compiler generated dependencies of target capture_msgs__rosidl_typesupport_fastrtps_c__pyext[0m
[0.296s] [35m[1mConsolidate compiler generated dependencies of target capture_msgs__rosidl_typesupport_introspection_c__pyext[0m
[0.296s] [35m[1mConsolidate compiler generated dependencies of target capture_msgs__rosidl_typesupport_c__pyext[0m
[0.306s] [100%] Built target capture_msgs__rosidl_typesupport_c__pyext
[0.306s] [100%] Built target capture_msgs__rosidl_typesupport_introspection_c__pyext
[0.306s] [100%] Built target capture_msgs__rosidl_typesupport_fastrtps_c__pyext
[0.408s] running egg_info
[0.425s] writing capture_msgs.egg-info/PKG-INFO
[0.425s] writing dependency_links to capture_msgs.egg-info/dependency_links.txt
[0.425s] writing top-level names to capture_msgs.egg-info/top_level.txt
[0.476s] reading manifest file 'capture_msgs.egg-info/SOURCES.txt'
[0.477s] writing manifest file 'capture_msgs.egg-info/SOURCES.txt'
[0.500s] [100%] Built target ament_cmake_python_build_capture_msgs_egg
[0.510s] Invoked command in '/home/addinedu/amr_ws/ros/camera_oneday/build/capture_msgs' returned '0': CMAKE_PREFIX_PATH=${CMAKE_PREFIX_PATH}:/home/addinedu/amr_ws/ros/camera_oneday/install/camera_oneday:/home/addinedu/amr_ws/ros/opencv_study/install/opencv_tutorials:/opt/ros/humble /usr/bin/cmake --build /home/addinedu/amr_ws/ros/camera_oneday/build/capture_msgs -- -j12 -l12
[0.555s] Invoking command in '/home/addinedu/amr_ws/ros/camera_oneday/build/capture_msgs': CMAKE_PREFIX_PATH=${CMAKE_PREFIX_PATH}:/home/addinedu/amr_ws/ros/camera_oneday/install/camera_oneday:/home/addinedu/amr_ws/ros/opencv_study/install/opencv_tutorials:/opt/ros/humble /usr/bin/cmake --install /home/addinedu/amr_ws/ros/camera_oneday/build/capture_msgs
[0.562s] -- Install configuration: ""
[0.562s] -- Up-to-date: /home/addinedu/amr_ws/ros/camera_oneday/install/capture_msgs/share/ament_index/resource_index/rosidl_interfaces/capture_msgs
[0.562s] -- Up-to-date: /home/addinedu/amr_ws/ros/camera_oneday/install/capture_msgs/include/capture_msgs/capture_msgs
[0.562s] -- Up-to-date: /home/addinedu/amr_ws/ros/camera_oneday/install/capture_msgs/include/capture_msgs/capture_msgs/msg
[0.562s] -- Up-to-date: /home/addinedu/amr_ws/ros/camera_oneday/install/capture_msgs/include/capture_msgs/capture_msgs/msg/rosidl_generator_c__visibility_control.h
[0.562s] -- Up-to-date: /home/addinedu/amr_ws/ros/camera_oneday/install/capture_msgs/include/capture_msgs/capture_msgs/srv
[0.562s] -- Up-to-date: /home/addinedu/amr_ws/ros/camera_oneday/install/capture_msgs/include/capture_msgs/capture_msgs/srv/detail
[0.562s] -- Up-to-date: /home/addinedu/amr_ws/ros/camera_oneday/install/capture_msgs/include/capture_msgs/capture_msgs/srv/detail/capture__functions.c
[0.562s] -- Up-to-date: /home/addinedu/amr_ws/ros/camera_oneday/install/capture_msgs/include/capture_msgs/capture_msgs/srv/detail/capture__struct.h
[0.562s] -- Up-to-date: /home/addinedu/amr_ws/ros/camera_oneday/install/capture_msgs/include/capture_msgs/capture_msgs/srv/detail/capture__type_support.h
[0.562s] -- Up-to-date: /home/addinedu/amr_ws/ros/camera_oneday/install/capture_msgs/include/capture_msgs/capture_msgs/srv/detail/capture__functions.h
[0.563s] -- Up-to-date: /home/addinedu/amr_ws/ros/camera_oneday/install/capture_msgs/include/capture_msgs/capture_msgs/srv/capture.h
[0.563s] -- Up-to-date: /home/addinedu/amr_ws/ros/camera_oneday/install/capture_msgs/share/capture_msgs/environment/library_path.sh
[0.563s] -- Up-to-date: /home/addinedu/amr_ws/ros/camera_oneday/install/capture_msgs/share/capture_msgs/environment/library_path.dsv
[0.563s] -- Up-to-date: /home/addinedu/amr_ws/ros/camera_oneday/install/capture_msgs/lib/libcapture_msgs__rosidl_generator_c.so
[0.563s] -- Up-to-date: /home/addinedu/amr_ws/ros/camera_oneday/install/capture_msgs/include/capture_msgs/capture_msgs
[0.563s] -- Up-to-date: /home/addinedu/amr_ws/ros/camera_oneday/install/capture_msgs/include/capture_msgs/capture_msgs/msg
[0.563s] -- Up-to-date: /home/addinedu/amr_ws/ros/camera_oneday/install/capture_msgs/include/capture_msgs/capture_msgs/msg/rosidl_typesupport_fastrtps_c__visibility_control.h
[0.563s] -- Up-to-date: /home/addinedu/amr_ws/ros/camera_oneday/install/capture_msgs/include/capture_msgs/capture_msgs/srv
[0.563s] -- Up-to-date: /home/addinedu/amr_ws/ros/camera_oneday/install/capture_msgs/include/capture_msgs/capture_msgs/srv/detail
[0.563s] -- Up-to-date: /home/addinedu/amr_ws/ros/camera_oneday/install/capture_msgs/include/capture_msgs/capture_msgs/srv/detail/capture__rosidl_typesupport_fastrtps_c.h
[0.563s] -- Up-to-date: /home/addinedu/amr_ws/ros/camera_oneday/install/capture_msgs/lib/libcapture_msgs__rosidl_typesupport_fastrtps_c.so
[0.563s] -- Up-to-date: /home/addinedu/amr_ws/ros/camera_oneday/install/capture_msgs/include/capture_msgs/capture_msgs
[0.563s] -- Up-to-date: /home/addinedu/amr_ws/ros/camera_oneday/install/capture_msgs/include/capture_msgs/capture_msgs/msg
[0.563s] -- Up-to-date: /home/addinedu/amr_ws/ros/camera_oneday/install/capture_msgs/include/capture_msgs/capture_msgs/msg/rosidl_typesupport_introspection_c__visibility_control.h
[0.564s] -- Up-to-date: /home/addinedu/amr_ws/ros/camera_oneday/install/capture_msgs/include/capture_msgs/capture_msgs/srv
[0.564s] -- Up-to-date: /home/addinedu/amr_ws/ros/camera_oneday/install/capture_msgs/include/capture_msgs/capture_msgs/srv/detail
[0.564s] -- Up-to-date: /home/addinedu/amr_ws/ros/camera_oneday/install/capture_msgs/include/capture_msgs/capture_msgs/srv/detail/capture__type_support.c
[0.564s] -- Up-to-date: /home/addinedu/amr_ws/ros/camera_oneday/install/capture_msgs/include/capture_msgs/capture_msgs/srv/detail/capture__rosidl_typesupport_introspection_c.h
[0.564s] -- Up-to-date: /home/addinedu/amr_ws/ros/camera_oneday/install/capture_msgs/lib/libcapture_msgs__rosidl_typesupport_introspection_c.so
[0.564s] -- Up-to-date: /home/addinedu/amr_ws/ros/camera_oneday/install/capture_msgs/lib/libcapture_msgs__rosidl_typesupport_c.so
[0.564s] -- Up-to-date: /home/addinedu/amr_ws/ros/camera_oneday/install/capture_msgs/include/capture_msgs/capture_msgs
[0.564s] -- Up-to-date: /home/addinedu/amr_ws/ros/camera_oneday/install/capture_msgs/include/capture_msgs/capture_msgs/srv
[0.564s] -- Up-to-date: /home/addinedu/amr_ws/ros/camera_oneday/install/capture_msgs/include/capture_msgs/capture_msgs/srv/detail
[0.564s] -- Up-to-date: /home/addinedu/amr_ws/ros/camera_oneday/install/capture_msgs/include/capture_msgs/capture_msgs/srv/detail/capture__traits.hpp
[0.564s] -- Up-to-date: /home/addinedu/amr_ws/ros/camera_oneday/install/capture_msgs/include/capture_msgs/capture_msgs/srv/detail/capture__struct.hpp
[0.564s] -- Up-to-date: /home/addinedu/amr_ws/ros/camera_oneday/install/capture_msgs/include/capture_msgs/capture_msgs/srv/detail/capture__builder.hpp
[0.564s] -- Up-to-date: /home/addinedu/amr_ws/ros/camera_oneday/install/capture_msgs/include/capture_msgs/capture_msgs/srv/capture.hpp
[0.564s] -- Up-to-date: /home/addinedu/amr_ws/ros/camera_oneday/install/capture_msgs/include/capture_msgs/capture_msgs
[0.565s] -- Up-to-date: /home/addinedu/amr_ws/ros/camera_oneday/install/capture_msgs/include/capture_msgs/capture_msgs/msg
[0.565s] -- Up-to-date: /home/addinedu/amr_ws/ros/camera_oneday/install/capture_msgs/include/capture_msgs/capture_msgs/msg/rosidl_typesupport_fastrtps_cpp__visibility_control.h
[0.565s] -- Up-to-date: /home/addinedu/amr_ws/ros/camera_oneday/install/capture_msgs/include/capture_msgs/capture_msgs/srv
[0.565s] -- Up-to-date: /home/addinedu/amr_ws/ros/camera_oneday/install/capture_msgs/include/capture_msgs/capture_msgs/srv/detail
[0.565s] -- Up-to-date: /home/addinedu/amr_ws/ros/camera_oneday/install/capture_msgs/include/capture_msgs/capture_msgs/srv/detail/dds_fastrtps
[0.565s] -- Up-to-date: /home/addinedu/amr_ws/ros/camera_oneday/install/capture_msgs/include/capture_msgs/capture_msgs/srv/detail/capture__rosidl_typesupport_fastrtps_cpp.hpp
[0.565s] -- Up-to-date: /home/addinedu/amr_ws/ros/camera_oneday/install/capture_msgs/lib/libcapture_msgs__rosidl_typesupport_fastrtps_cpp.so
[0.565s] -- Up-to-date: /home/addinedu/amr_ws/ros/camera_oneday/install/capture_msgs/include/capture_msgs/capture_msgs
[0.565s] -- Up-to-date: /home/addinedu/amr_ws/ros/camera_oneday/install/capture_msgs/include/capture_msgs/capture_msgs/srv
[0.565s] -- Up-to-date: /home/addinedu/amr_ws/ros/camera_oneday/install/capture_msgs/include/capture_msgs/capture_msgs/srv/detail
[0.565s] -- Up-to-date: /home/addinedu/amr_ws/ros/camera_oneday/install/capture_msgs/include/capture_msgs/capture_msgs/srv/detail/capture__type_support.cpp
[0.565s] -- Up-to-date: /home/addinedu/amr_ws/ros/camera_oneday/install/capture_msgs/include/capture_msgs/capture_msgs/srv/detail/capture__rosidl_typesupport_introspection_cpp.hpp
[0.565s] -- Up-to-date: /home/addinedu/amr_ws/ros/camera_oneday/install/capture_msgs/lib/libcapture_msgs__rosidl_typesupport_introspection_cpp.so
[0.565s] -- Up-to-date: /home/addinedu/amr_ws/ros/camera_oneday/install/capture_msgs/lib/libcapture_msgs__rosidl_typesupport_cpp.so
[0.565s] -- Up-to-date: /home/addinedu/amr_ws/ros/camera_oneday/install/capture_msgs/share/capture_msgs/environment/pythonpath.sh
[0.565s] -- Up-to-date: /home/addinedu/amr_ws/ros/camera_oneday/install/capture_msgs/share/capture_msgs/environment/pythonpath.dsv
[0.565s] -- Up-to-date: /home/addinedu/amr_ws/ros/camera_oneday/install/capture_msgs/local/lib/python3.10/dist-packages/capture_msgs-0.0.0-py3.10.egg-info
[0.565s] -- Installing: /home/addinedu/amr_ws/ros/camera_oneday/install/capture_msgs/local/lib/python3.10/dist-packages/capture_msgs-0.0.0-py3.10.egg-info/top_level.txt
[0.566s] -- Installing: /home/addinedu/amr_ws/ros/camera_oneday/install/capture_msgs/local/lib/python3.10/dist-packages/capture_msgs-0.0.0-py3.10.egg-info/SOURCES.txt
[0.566s] -- Installing: /home/addinedu/amr_ws/ros/camera_oneday/install/capture_msgs/local/lib/python3.10/dist-packages/capture_msgs-0.0.0-py3.10.egg-info/PKG-INFO
[0.566s] -- Installing: /home/addinedu/amr_ws/ros/camera_oneday/install/capture_msgs/local/lib/python3.10/dist-packages/capture_msgs-0.0.0-py3.10.egg-info/dependency_links.txt
[0.566s] -- Up-to-date: /home/addinedu/amr_ws/ros/camera_oneday/install/capture_msgs/local/lib/python3.10/dist-packages/capture_msgs
[0.566s] -- Up-to-date: /home/addinedu/amr_ws/ros/camera_oneday/install/capture_msgs/local/lib/python3.10/dist-packages/capture_msgs/__init__.py
[0.566s] -- Up-to-date: /home/addinedu/amr_ws/ros/camera_oneday/install/capture_msgs/local/lib/python3.10/dist-packages/capture_msgs/_capture_msgs_s.ep.rosidl_typesupport_fastrtps_c.c
[0.566s] -- Up-to-date: /home/addinedu/amr_ws/ros/camera_oneday/install/capture_msgs/local/lib/python3.10/dist-packages/capture_msgs/capture_msgs_s__rosidl_typesupport_c.cpython-310-x86_64-linux-gnu.so
[0.566s] -- Up-to-date: /home/addinedu/amr_ws/ros/camera_oneday/install/capture_msgs/local/lib/python3.10/dist-packages/capture_msgs/_capture_msgs_s.ep.rosidl_typesupport_c.c
[0.566s] -- Up-to-date: /home/addinedu/amr_ws/ros/camera_oneday/install/capture_msgs/local/lib/python3.10/dist-packages/capture_msgs/_capture_msgs_s.ep.rosidl_typesupport_introspection_c.c
[0.566s] -- Up-to-date: /home/addinedu/amr_ws/ros/camera_oneday/install/capture_msgs/local/lib/python3.10/dist-packages/capture_msgs/capture_msgs_s__rosidl_typesupport_fastrtps_c.cpython-310-x86_64-linux-gnu.so
[0.566s] -- Up-to-date: /home/addinedu/amr_ws/ros/camera_oneday/install/capture_msgs/local/lib/python3.10/dist-packages/capture_msgs/capture_msgs_s__rosidl_typesupport_introspection_c.cpython-310-x86_64-linux-gnu.so
[0.566s] -- Up-to-date: /home/addinedu/amr_ws/ros/camera_oneday/install/capture_msgs/local/lib/python3.10/dist-packages/capture_msgs/libcapture_msgs__rosidl_generator_py.so
[0.566s] -- Up-to-date: /home/addinedu/amr_ws/ros/camera_oneday/install/capture_msgs/local/lib/python3.10/dist-packages/capture_msgs/srv
[0.566s] -- Up-to-date: /home/addinedu/amr_ws/ros/camera_oneday/install/capture_msgs/local/lib/python3.10/dist-packages/capture_msgs/srv/_capture_s.c
[0.566s] -- Up-to-date: /home/addinedu/amr_ws/ros/camera_oneday/install/capture_msgs/local/lib/python3.10/dist-packages/capture_msgs/srv/__init__.py
[0.566s] -- Up-to-date: /home/addinedu/amr_ws/ros/camera_oneday/install/capture_msgs/local/lib/python3.10/dist-packages/capture_msgs/srv/_capture.py
[0.591s] Listing '/home/addinedu/amr_ws/ros/camera_oneday/install/capture_msgs/local/lib/python3.10/dist-packages/capture_msgs'...
[0.591s] Listing '/home/addinedu/amr_ws/ros/camera_oneday/install/capture_msgs/local/lib/python3.10/dist-packages/capture_msgs/srv'...
[0.595s] -- Up-to-date: /home/addinedu/amr_ws/ros/camera_oneday/install/capture_msgs/local/lib/python3.10/dist-packages/capture_msgs/capture_msgs_s__rosidl_typesupport_fastrtps_c.cpython-310-x86_64-linux-gnu.so
[0.595s] -- Up-to-date: /home/addinedu/amr_ws/ros/camera_oneday/install/capture_msgs/local/lib/python3.10/dist-packages/capture_msgs/capture_msgs_s__rosidl_typesupport_introspection_c.cpython-310-x86_64-linux-gnu.so
[0.595s] -- Up-to-date: /home/addinedu/amr_ws/ros/camera_oneday/install/capture_msgs/local/lib/python3.10/dist-packages/capture_msgs/capture_msgs_s__rosidl_typesupport_c.cpython-310-x86_64-linux-gnu.so
[0.595s] -- Up-to-date: /home/addinedu/amr_ws/ros/camera_oneday/install/capture_msgs/lib/libcapture_msgs__rosidl_generator_py.so
[0.595s] -- Up-to-date: /home/addinedu/amr_ws/ros/camera_oneday/install/capture_msgs/share/capture_msgs/srv/Capture.idl
[0.596s] -- Up-to-date: /home/addinedu/amr_ws/ros/camera_oneday/install/capture_msgs/share/capture_msgs/srv/Capture.srv
[0.596s] -- Up-to-date: /home/addinedu/amr_ws/ros/camera_oneday/install/capture_msgs/share/capture_msgs/srv/Capture_Request.msg
[0.596s] -- Up-to-date: /home/addinedu/amr_ws/ros/camera_oneday/install/capture_msgs/share/capture_msgs/srv/Capture_Response.msg
[0.596s] -- Up-to-date: /home/addinedu/amr_ws/ros/camera_oneday/install/capture_msgs/share/ament_index/resource_index/package_run_dependencies/capture_msgs
[0.596s] -- Up-to-date: /home/addinedu/amr_ws/ros/camera_oneday/install/capture_msgs/share/ament_index/resource_index/parent_prefix_path/capture_msgs
[0.596s] -- Up-to-date: /home/addinedu/amr_ws/ros/camera_oneday/install/capture_msgs/share/capture_msgs/environment/ament_prefix_path.sh
[0.596s] -- Up-to-date: /home/addinedu/amr_ws/ros/camera_oneday/install/capture_msgs/share/capture_msgs/environment/ament_prefix_path.dsv
[0.596s] -- Up-to-date: /home/addinedu/amr_ws/ros/camera_oneday/install/capture_msgs/share/capture_msgs/environment/path.sh
[0.597s] -- Up-to-date: /home/addinedu/amr_ws/ros/camera_oneday/install/capture_msgs/share/capture_msgs/environment/path.dsv
[0.597s] -- Up-to-date: /home/addinedu/amr_ws/ros/camera_oneday/install/capture_msgs/share/capture_msgs/local_setup.bash
[0.597s] -- Up-to-date: /home/addinedu/amr_ws/ros/camera_oneday/install/capture_msgs/share/capture_msgs/local_setup.sh
[0.597s] -- Up-to-date: /home/addinedu/amr_ws/ros/camera_oneday/install/capture_msgs/share/capture_msgs/local_setup.zsh
[0.597s] -- Up-to-date: /home/addinedu/amr_ws/ros/camera_oneday/install/capture_msgs/share/capture_msgs/local_setup.dsv
[0.597s] -- Installing: /home/addinedu/amr_ws/ros/camera_oneday/install/capture_msgs/share/capture_msgs/package.dsv
[0.597s] -- Up-to-date: /home/addinedu/amr_ws/ros/camera_oneday/install/capture_msgs/share/ament_index/resource_index/packages/capture_msgs
[0.598s] -- Up-to-date: /home/addinedu/amr_ws/ros/camera_oneday/install/capture_msgs/share/capture_msgs/cmake/export_capture_msgs__rosidl_generator_cExport.cmake
[0.598s] -- Up-to-date: /home/addinedu/amr_ws/ros/camera_oneday/install/capture_msgs/share/capture_msgs/cmake/export_capture_msgs__rosidl_generator_cExport-noconfig.cmake
[0.598s] -- Up-to-date: /home/addinedu/amr_ws/ros/camera_oneday/install/capture_msgs/share/capture_msgs/cmake/export_capture_msgs__rosidl_typesupport_fastrtps_cExport.cmake
[0.598s] -- Up-to-date: /home/addinedu/amr_ws/ros/camera_oneday/install/capture_msgs/share/capture_msgs/cmake/export_capture_msgs__rosidl_typesupport_fastrtps_cExport-noconfig.cmake
[0.598s] -- Up-to-date: /home/addinedu/amr_ws/ros/camera_oneday/install/capture_msgs/share/capture_msgs/cmake/capture_msgs__rosidl_typesupport_introspection_cExport.cmake
[0.598s] -- Up-to-date: /home/addinedu/amr_ws/ros/camera_oneday/install/capture_msgs/share/capture_msgs/cmake/capture_msgs__rosidl_typesupport_introspection_cExport-noconfig.cmake
[0.598s] -- Up-to-date: /home/addinedu/amr_ws/ros/camera_oneday/install/capture_msgs/share/capture_msgs/cmake/capture_msgs__rosidl_typesupport_cExport.cmake
[0.598s] -- Up-to-date: /home/addinedu/amr_ws/ros/camera_oneday/install/capture_msgs/share/capture_msgs/cmake/capture_msgs__rosidl_typesupport_cExport-noconfig.cmake
[0.598s] -- Up-to-date: /home/addinedu/amr_ws/ros/camera_oneday/install/capture_msgs/share/capture_msgs/cmake/export_capture_msgs__rosidl_generator_cppExport.cmake
[0.598s] -- Up-to-date: /home/addinedu/amr_ws/ros/camera_oneday/install/capture_msgs/share/capture_msgs/cmake/export_capture_msgs__rosidl_typesupport_fastrtps_cppExport.cmake
[0.598s] -- Up-to-date: /home/addinedu/amr_ws/ros/camera_oneday/install/capture_msgs/share/capture_msgs/cmake/export_capture_msgs__rosidl_typesupport_fastrtps_cppExport-noconfig.cmake
[0.598s] -- Up-to-date: /home/addinedu/amr_ws/ros/camera_oneday/install/capture_msgs/share/capture_msgs/cmake/capture_msgs__rosidl_typesupport_introspection_cppExport.cmake
[0.598s] -- Up-to-date: /home/addinedu/amr_ws/ros/camera_oneday/install/capture_msgs/share/capture_msgs/cmake/capture_msgs__rosidl_typesupport_introspection_cppExport-noconfig.cmake
[0.598s] -- Up-to-date: /home/addinedu/amr_ws/ros/camera_oneday/install/capture_msgs/share/capture_msgs/cmake/capture_msgs__rosidl_typesupport_cppExport.cmake
[0.599s] -- Up-to-date: /home/addinedu/amr_ws/ros/camera_oneday/install/capture_msgs/share/capture_msgs/cmake/capture_msgs__rosidl_typesupport_cppExport-noconfig.cmake
[0.599s] -- Up-to-date: /home/addinedu/amr_ws/ros/camera_oneday/install/capture_msgs/share/capture_msgs/cmake/export_capture_msgs__rosidl_generator_pyExport.cmake
[0.599s] -- Up-to-date: /home/addinedu/amr_ws/ros/camera_oneday/install/capture_msgs/share/capture_msgs/cmake/export_capture_msgs__rosidl_generator_pyExport-noconfig.cmake
[0.599s] -- Up-to-date: /home/addinedu/amr_ws/ros/camera_oneday/install/capture_msgs/share/capture_msgs/cmake/rosidl_cmake-extras.cmake
[0.599s] -- Up-to-date: /home/addinedu/amr_ws/ros/camera_oneday/install/capture_msgs/share/capture_msgs/cmake/ament_cmake_export_include_directories-extras.cmake
[0.599s] -- Up-to-date: /home/addinedu/amr_ws/ros/camera_oneday/install/capture_msgs/share/capture_msgs/cmake/ament_cmake_export_libraries-extras.cmake
[0.599s] -- Up-to-date: /home/addinedu/amr_ws/ros/camera_oneday/install/capture_msgs/share/capture_msgs/cmake/ament_cmake_export_targets-extras.cmake
[0.599s] -- Up-to-date: /home/addinedu/amr_ws/ros/camera_oneday/install/capture_msgs/share/capture_msgs/cmake/rosidl_cmake_export_typesupport_targets-extras.cmake
[0.599s] -- Up-to-date: /home/addinedu/amr_ws/ros/camera_oneday/install/capture_msgs/share/capture_msgs/cmake/ament_cmake_export_dependencies-extras.cmake
[0.599s] -- Up-to-date: /home/addinedu/amr_ws/ros/camera_oneday/install/capture_msgs/share/capture_msgs/cmake/rosidl_cmake_export_typesupport_libraries-extras.cmake
[0.599s] -- Up-to-date: /home/addinedu/amr_ws/ros/camera_oneday/install/capture_msgs/share/capture_msgs/cmake/capture_msgsConfig.cmake
[0.599s] -- Up-to-date: /home/addinedu/amr_ws/ros/camera_oneday/install/capture_msgs/share/capture_msgs/cmake/capture_msgsConfig-version.cmake
[0.599s] -- Up-to-date: /home/addinedu/amr_ws/ros/camera_oneday/install/capture_msgs/share/capture_msgs/package.xml
[0.600s] Invoked command in '/home/addinedu/amr_ws/ros/camera_oneday/build/capture_msgs' returned '0': CMAKE_PREFIX_PATH=${CMAKE_PREFIX_PATH}:/home/addinedu/amr_ws/ros/camera_oneday/install/camera_oneday:/home/addinedu/amr_ws/ros/opencv_study/install/opencv_tutorials:/opt/ros/humble /usr/bin/cmake --install /home/addinedu/amr_ws/ros/camera_oneday/build/capture_msgs
