[0.086s] DEBUG:colcon:Command line arguments: ['/usr/bin/colcon', 'build']
[0.086s] DEBUG:colcon:Parsed command line arguments: Namespace(log_base=None, log_level=None, verb_name='build', build_base='build', install_base='install', merge_install=False, symlink_install=False, test_result_base=None, continue_on_error=False, executor='parallel', parallel_workers=12, event_handlers=None, ignore_user_meta=False, metas=['./colcon.meta'], base_paths=['.'], packages_ignore=None, packages_ignore_regex=None, paths=None, packages_up_to=None, packages_up_to_regex=None, packages_above=None, packages_above_and_dependencies=None, packages_above_depth=None, packages_select_by_dep=None, packages_skip_by_dep=None, packages_skip_up_to=None, packages_select_build_failed=False, packages_skip_build_finished=False, packages_select_test_failures=False, packages_skip_test_passed=False, packages_select=None, packages_skip=None, packages_select_regex=None, packages_skip_regex=None, packages_start=None, packages_end=None, allow_overriding=[], cmake_args=None, cmake_target=None, cmake_target_skip_unavailable=False, cmake_clean_cache=False, cmake_clean_first=False, cmake_force_configure=False, ament_cmake_args=None, catkin_cmake_args=None, catkin_skip_building_tests=False, verb_parser=<colcon_defaults.argument_parser.defaults.DefaultArgumentsDecorator object at 0x786dabd2f6a0>, verb_extension=<colcon_core.verb.build.BuildVerb object at 0x786dabd2ed10>, main=<bound method BuildVerb.main of <colcon_core.verb.build.BuildVerb object at 0x786dabd2ed10>>)
[0.115s] Level 1:colcon.colcon_core.package_discovery:discover_packages(colcon_meta) check parameters
[0.115s] Level 1:colcon.colcon_core.package_discovery:discover_packages(recursive) check parameters
[0.115s] Level 1:colcon.colcon_core.package_discovery:discover_packages(ignore) check parameters
[0.115s] Level 1:colcon.colcon_core.package_discovery:discover_packages(path) check parameters
[0.115s] Level 1:colcon.colcon_core.package_discovery:discover_packages(colcon_meta) discover
[0.115s] Level 1:colcon.colcon_core.package_discovery:discover_packages(recursive) discover
[0.115s] INFO:colcon.colcon_core.package_discovery:Crawling recursively for packages in '/home/addinedu/amr_ws/ros/camera_oneday'
[0.115s] Level 1:colcon.colcon_core.package_identification:_identify(.) by extensions ['ignore', 'ignore_ament_install']
[0.115s] Level 1:colcon.colcon_core.package_identification:_identify(.) by extension 'ignore'
[0.115s] Level 1:colcon.colcon_core.package_identification:_identify(.) by extension 'ignore_ament_install'
[0.116s] Level 1:colcon.colcon_core.package_identification:_identify(.) by extensions ['colcon_pkg']
[0.116s] Level 1:colcon.colcon_core.package_identification:_identify(.) by extension 'colcon_pkg'
[0.116s] Level 1:colcon.colcon_core.package_identification:_identify(.) by extensions ['colcon_meta']
[0.116s] Level 1:colcon.colcon_core.package_identification:_identify(.) by extension 'colcon_meta'
[0.116s] Level 1:colcon.colcon_core.package_identification:_identify(.) by extensions ['ros']
[0.116s] Level 1:colcon.colcon_core.package_identification:_identify(.) by extension 'ros'
[0.127s] Level 1:colcon.colcon_core.package_identification:_identify(.) by extensions ['cmake', 'python']
[0.127s] Level 1:colcon.colcon_core.package_identification:_identify(.) by extension 'cmake'
[0.127s] Level 1:colcon.colcon_core.package_identification:_identify(.) by extension 'python'
[0.127s] Level 1:colcon.colcon_core.package_identification:_identify(.) by extensions ['python_setup_py']
[0.127s] Level 1:colcon.colcon_core.package_identification:_identify(.) by extension 'python_setup_py'
[0.127s] Level 1:colcon.colcon_core.package_identification:_identify(build) by extensions ['ignore', 'ignore_ament_install']
[0.128s] Level 1:colcon.colcon_core.package_identification:_identify(build) by extension 'ignore'
[0.128s] Level 1:colcon.colcon_core.package_identification:_identify(build) ignored
[0.128s] Level 1:colcon.colcon_core.package_identification:_identify(install) by extensions ['ignore', 'ignore_ament_install']
[0.128s] Level 1:colcon.colcon_core.package_identification:_identify(install) by extension 'ignore'
[0.128s] Level 1:colcon.colcon_core.package_identification:_identify(install) ignored
[0.128s] Level 1:colcon.colcon_core.package_identification:_identify(log) by extensions ['ignore', 'ignore_ament_install']
[0.128s] Level 1:colcon.colcon_core.package_identification:_identify(log) by extension 'ignore'
[0.128s] Level 1:colcon.colcon_core.package_identification:_identify(log) ignored
[0.128s] Level 1:colcon.colcon_core.package_identification:_identify(src) by extensions ['ignore', 'ignore_ament_install']
[0.128s] Level 1:colcon.colcon_core.package_identification:_identify(src) by extension 'ignore'
[0.128s] Level 1:colcon.colcon_core.package_identification:_identify(src) by extension 'ignore_ament_install'
[0.128s] Level 1:colcon.colcon_core.package_identification:_identify(src) by extensions ['colcon_pkg']
[0.128s] Level 1:colcon.colcon_core.package_identification:_identify(src) by extension 'colcon_pkg'
[0.128s] Level 1:colcon.colcon_core.package_identification:_identify(src) by extensions ['colcon_meta']
[0.128s] Level 1:colcon.colcon_core.package_identification:_identify(src) by extension 'colcon_meta'
[0.128s] Level 1:colcon.colcon_core.package_identification:_identify(src) by extensions ['ros']
[0.128s] Level 1:colcon.colcon_core.package_identification:_identify(src) by extension 'ros'
[0.128s] Level 1:colcon.colcon_core.package_identification:_identify(src) by extensions ['cmake', 'python']
[0.128s] Level 1:colcon.colcon_core.package_identification:_identify(src) by extension 'cmake'
[0.128s] Level 1:colcon.colcon_core.package_identification:_identify(src) by extension 'python'
[0.128s] Level 1:colcon.colcon_core.package_identification:_identify(src) by extensions ['python_setup_py']
[0.129s] Level 1:colcon.colcon_core.package_identification:_identify(src) by extension 'python_setup_py'
[0.129s] Level 1:colcon.colcon_core.package_identification:_identify(src/camera_oneday) by extensions ['ignore', 'ignore_ament_install']
[0.129s] Level 1:colcon.colcon_core.package_identification:_identify(src/camera_oneday) by extension 'ignore'
[0.129s] Level 1:colcon.colcon_core.package_identification:_identify(src/camera_oneday) by extension 'ignore_ament_install'
[0.129s] Level 1:colcon.colcon_core.package_identification:_identify(src/camera_oneday) by extensions ['colcon_pkg']
[0.129s] Level 1:colcon.colcon_core.package_identification:_identify(src/camera_oneday) by extension 'colcon_pkg'
[0.129s] Level 1:colcon.colcon_core.package_identification:_identify(src/camera_oneday) by extensions ['colcon_meta']
[0.129s] Level 1:colcon.colcon_core.package_identification:_identify(src/camera_oneday) by extension 'colcon_meta'
[0.129s] Level 1:colcon.colcon_core.package_identification:_identify(src/camera_oneday) by extensions ['ros']
[0.129s] Level 1:colcon.colcon_core.package_identification:_identify(src/camera_oneday) by extension 'ros'
[0.131s] DEBUG:colcon.colcon_core.package_identification:Package 'src/camera_oneday' with type 'ros.ament_python' and name 'camera_oneday'
[0.131s] Level 1:colcon.colcon_core.package_identification:_identify(src/capture_msgs) by extensions ['ignore', 'ignore_ament_install']
[0.131s] Level 1:colcon.colcon_core.package_identification:_identify(src/capture_msgs) by extension 'ignore'
[0.131s] Level 1:colcon.colcon_core.package_identification:_identify(src/capture_msgs) by extension 'ignore_ament_install'
[0.131s] Level 1:colcon.colcon_core.package_identification:_identify(src/capture_msgs) by extensions ['colcon_pkg']
[0.131s] Level 1:colcon.colcon_core.package_identification:_identify(src/capture_msgs) by extension 'colcon_pkg'
[0.131s] Level 1:colcon.colcon_core.package_identification:_identify(src/capture_msgs) by extensions ['colcon_meta']
[0.131s] Level 1:colcon.colcon_core.package_identification:_identify(src/capture_msgs) by extension 'colcon_meta'
[0.131s] Level 1:colcon.colcon_core.package_identification:_identify(src/capture_msgs) by extensions ['ros']
[0.131s] Level 1:colcon.colcon_core.package_identification:_identify(src/capture_msgs) by extension 'ros'
[0.131s] DEBUG:colcon.colcon_core.package_identification:Package 'src/capture_msgs' with type 'ros.ament_cmake' and name 'capture_msgs'
[0.131s] Level 1:colcon.colcon_core.package_discovery:discover_packages(recursive) using defaults
[0.131s] Level 1:colcon.colcon_core.package_discovery:discover_packages(ignore) discover
[0.131s] Level 1:colcon.colcon_core.package_discovery:discover_packages(ignore) using defaults
[0.131s] Level 1:colcon.colcon_core.package_discovery:discover_packages(path) discover
[0.131s] Level 1:colcon.colcon_core.package_discovery:discover_packages(path) using defaults
[0.146s] Level 1:colcon.colcon_core.package_discovery:discover_packages(prefix_path) check parameters
[0.146s] Level 1:colcon.colcon_core.package_discovery:discover_packages(prefix_path) discover
[0.148s] DEBUG:colcon.colcon_installed_package_information.package_discovery:Found 2 installed packages in /home/addinedu/amr_ws/ros/camera_oneday/install
[0.149s] DEBUG:colcon.colcon_installed_package_information.package_discovery:Found 1 installed packages in /home/addinedu/amr_ws/ros/opencv_study/install
[0.150s] DEBUG:colcon.colcon_installed_package_information.package_discovery:Found 298 installed packages in /opt/ros/humble
[0.151s] Level 1:colcon.colcon_core.package_discovery:discover_packages(prefix_path) using defaults
[0.194s] Level 5:colcon.colcon_core.verb:set package 'camera_oneday' build argument 'cmake_args' from command line to 'None'
[0.194s] Level 5:colcon.colcon_core.verb:set package 'camera_oneday' build argument 'cmake_target' from command line to 'None'
[0.194s] Level 5:colcon.colcon_core.verb:set package 'camera_oneday' build argument 'cmake_target_skip_unavailable' from command line to 'False'
[0.194s] Level 5:colcon.colcon_core.verb:set package 'camera_oneday' build argument 'cmake_clean_cache' from command line to 'False'
[0.194s] Level 5:colcon.colcon_core.verb:set package 'camera_oneday' build argument 'cmake_clean_first' from command line to 'False'
[0.194s] Level 5:colcon.colcon_core.verb:set package 'camera_oneday' build argument 'cmake_force_configure' from command line to 'False'
[0.194s] Level 5:colcon.colcon_core.verb:set package 'camera_oneday' build argument 'ament_cmake_args' from command line to 'None'
[0.194s] Level 5:colcon.colcon_core.verb:set package 'camera_oneday' build argument 'catkin_cmake_args' from command line to 'None'
[0.194s] Level 5:colcon.colcon_core.verb:set package 'camera_oneday' build argument 'catkin_skip_building_tests' from command line to 'False'
[0.194s] DEBUG:colcon.colcon_core.verb:Building package 'camera_oneday' with the following arguments: {'ament_cmake_args': None, 'build_base': '/home/addinedu/amr_ws/ros/camera_oneday/build/camera_oneday', 'catkin_cmake_args': None, 'catkin_skip_building_tests': False, 'cmake_args': None, 'cmake_clean_cache': False, 'cmake_clean_first': False, 'cmake_force_configure': False, 'cmake_target': None, 'cmake_target_skip_unavailable': False, 'install_base': '/home/addinedu/amr_ws/ros/camera_oneday/install/camera_oneday', 'merge_install': False, 'path': '/home/addinedu/amr_ws/ros/camera_oneday/src/camera_oneday', 'symlink_install': False, 'test_result_base': None}
[0.195s] Level 5:colcon.colcon_core.verb:set package 'capture_msgs' build argument 'cmake_args' from command line to 'None'
[0.195s] Level 5:colcon.colcon_core.verb:set package 'capture_msgs' build argument 'cmake_target' from command line to 'None'
[0.195s] Level 5:colcon.colcon_core.verb:set package 'capture_msgs' build argument 'cmake_target_skip_unavailable' from command line to 'False'
[0.195s] Level 5:colcon.colcon_core.verb:set package 'capture_msgs' build argument 'cmake_clean_cache' from command line to 'False'
[0.195s] Level 5:colcon.colcon_core.verb:set package 'capture_msgs' build argument 'cmake_clean_first' from command line to 'False'
[0.195s] Level 5:colcon.colcon_core.verb:set package 'capture_msgs' build argument 'cmake_force_configure' from command line to 'False'
[0.195s] Level 5:colcon.colcon_core.verb:set package 'capture_msgs' build argument 'ament_cmake_args' from command line to 'None'
[0.195s] Level 5:colcon.colcon_core.verb:set package 'capture_msgs' build argument 'catkin_cmake_args' from command line to 'None'
[0.195s] Level 5:colcon.colcon_core.verb:set package 'capture_msgs' build argument 'catkin_skip_building_tests' from command line to 'False'
[0.195s] DEBUG:colcon.colcon_core.verb:Building package 'capture_msgs' with the following arguments: {'ament_cmake_args': None, 'build_base': '/home/addinedu/amr_ws/ros/camera_oneday/build/capture_msgs', 'catkin_cmake_args': None, 'catkin_skip_building_tests': False, 'cmake_args': None, 'cmake_clean_cache': False, 'cmake_clean_first': False, 'cmake_force_configure': False, 'cmake_target': None, 'cmake_target_skip_unavailable': False, 'install_base': '/home/addinedu/amr_ws/ros/camera_oneday/install/capture_msgs', 'merge_install': False, 'path': '/home/addinedu/amr_ws/ros/camera_oneday/src/capture_msgs', 'symlink_install': False, 'test_result_base': None}
[0.195s] INFO:colcon.colcon_core.executor:Executing jobs using 'parallel' executor
[0.197s] DEBUG:colcon.colcon_parallel_executor.executor.parallel:run_until_complete
[0.197s] INFO:colcon.colcon_ros.task.ament_python.build:Building ROS package in '/home/addinedu/amr_ws/ros/camera_oneday/src/camera_oneday' with build type 'ament_python'
[0.197s] Level 1:colcon.colcon_core.shell:create_environment_hook('camera_oneday', 'ament_prefix_path')
[0.200s] INFO:colcon.colcon_core.plugin_system:Skipping extension 'colcon_core.shell.bat': Not used on non-Windows systems
[0.200s] INFO:colcon.colcon_core.shell:Creating environment hook '/home/addinedu/amr_ws/ros/camera_oneday/install/camera_oneday/share/camera_oneday/hook/ament_prefix_path.ps1'
[0.201s] INFO:colcon.colcon_core.shell:Creating environment descriptor '/home/addinedu/amr_ws/ros/camera_oneday/install/camera_oneday/share/camera_oneday/hook/ament_prefix_path.dsv'
[0.201s] INFO:colcon.colcon_core.shell:Creating environment hook '/home/addinedu/amr_ws/ros/camera_oneday/install/camera_oneday/share/camera_oneday/hook/ament_prefix_path.sh'
[0.202s] INFO:colcon.colcon_core.shell:Skip shell extension 'powershell' for command environment: Not usable outside of PowerShell
[0.202s] DEBUG:colcon.colcon_core.shell:Skip shell extension 'dsv' for command environment
[0.205s] INFO:colcon.colcon_ros.task.ament_cmake.build:Building ROS package in '/home/addinedu/amr_ws/ros/camera_oneday/src/capture_msgs' with build type 'ament_cmake'
[0.205s] INFO:colcon.colcon_cmake.task.cmake.build:Building CMake package in '/home/addinedu/amr_ws/ros/camera_oneday/src/capture_msgs'
[0.205s] INFO:colcon.colcon_core.shell:Skip shell extension 'powershell' for command environment: Not usable outside of PowerShell
[0.205s] DEBUG:colcon.colcon_core.shell:Skip shell extension 'dsv' for command environment
[0.378s] INFO:colcon.colcon_core.task.python.build:Building Python package in '/home/addinedu/amr_ws/ros/camera_oneday/src/camera_oneday'
[0.378s] INFO:colcon.colcon_core.shell:Skip shell extension 'powershell' for command environment: Not usable outside of PowerShell
[0.378s] DEBUG:colcon.colcon_core.shell:Skip shell extension 'dsv' for command environment
[0.385s] DEBUG:colcon.colcon_core.event_handler.log_command:Invoking command in '/home/addinedu/amr_ws/ros/camera_oneday/build/capture_msgs': CMAKE_PREFIX_PATH=${CMAKE_PREFIX_PATH}:/home/addinedu/amr_ws/ros/camera_oneday/install/camera_oneday:/home/addinedu/amr_ws/ros/opencv_study/install/opencv_tutorials:/opt/ros/humble /usr/bin/cmake --build /home/addinedu/amr_ws/ros/camera_oneday/build/capture_msgs -- -j12 -l12
[0.412s] DEBUG:colcon.colcon_core.event_handler.log_command:Invoked command in '/home/addinedu/amr_ws/ros/camera_oneday/build/capture_msgs' returned '0': CMAKE_PREFIX_PATH=${CMAKE_PREFIX_PATH}:/home/addinedu/amr_ws/ros/camera_oneday/install/camera_oneday:/home/addinedu/amr_ws/ros/opencv_study/install/opencv_tutorials:/opt/ros/humble /usr/bin/cmake --build /home/addinedu/amr_ws/ros/camera_oneday/build/capture_msgs -- -j12 -l12
[0.436s] DEBUG:colcon.colcon_core.event_handler.log_command:Invoking command in '/home/addinedu/amr_ws/ros/camera_oneday/build/capture_msgs': CMAKE_PREFIX_PATH=${CMAKE_PREFIX_PATH}:/home/addinedu/amr_ws/ros/camera_oneday/install/camera_oneday:/home/addinedu/amr_ws/ros/opencv_study/install/opencv_tutorials:/opt/ros/humble /usr/bin/cmake --install /home/addinedu/amr_ws/ros/camera_oneday/build/capture_msgs
[0.443s] Level 1:colcon.colcon_core.environment:create_environment_scripts_only(capture_msgs)
[0.443s] DEBUG:colcon.colcon_core.event_handler.log_command:Invoked command in '/home/addinedu/amr_ws/ros/camera_oneday/build/capture_msgs' returned '0': CMAKE_PREFIX_PATH=${CMAKE_PREFIX_PATH}:/home/addinedu/amr_ws/ros/camera_oneday/install/camera_oneday:/home/addinedu/amr_ws/ros/opencv_study/install/opencv_tutorials:/opt/ros/humble /usr/bin/cmake --install /home/addinedu/amr_ws/ros/camera_oneday/build/capture_msgs
[0.445s] Level 1:colcon.colcon_core.environment:checking '/home/addinedu/amr_ws/ros/camera_oneday/install/capture_msgs' for CMake module files
[0.445s] Level 1:colcon.colcon_core.environment:checking '/home/addinedu/amr_ws/ros/camera_oneday/install/capture_msgs' for CMake config files
[0.446s] Level 1:colcon.colcon_core.shell:create_environment_hook('capture_msgs', 'cmake_prefix_path')
[0.446s] INFO:colcon.colcon_core.shell:Creating environment hook '/home/addinedu/amr_ws/ros/camera_oneday/install/capture_msgs/share/capture_msgs/hook/cmake_prefix_path.ps1'
[0.446s] INFO:colcon.colcon_core.shell:Creating environment descriptor '/home/addinedu/amr_ws/ros/camera_oneday/install/capture_msgs/share/capture_msgs/hook/cmake_prefix_path.dsv'
[0.446s] INFO:colcon.colcon_core.shell:Creating environment hook '/home/addinedu/amr_ws/ros/camera_oneday/install/capture_msgs/share/capture_msgs/hook/cmake_prefix_path.sh'
[0.447s] Level 1:colcon.colcon_core.environment:checking '/home/addinedu/amr_ws/ros/camera_oneday/install/capture_msgs/bin'
[0.447s] Level 1:colcon.colcon_core.environment:checking '/home/addinedu/amr_ws/ros/camera_oneday/install/capture_msgs/lib/pkgconfig/capture_msgs.pc'
[0.447s] Level 1:colcon.colcon_core.environment:checking '/home/addinedu/amr_ws/ros/camera_oneday/install/capture_msgs/lib/python3.10/site-packages'
[0.447s] Level 1:colcon.colcon_core.environment:checking '/home/addinedu/amr_ws/ros/camera_oneday/install/capture_msgs/bin'
[0.448s] INFO:colcon.colcon_core.shell:Creating package script '/home/addinedu/amr_ws/ros/camera_oneday/install/capture_msgs/share/capture_msgs/package.ps1'
[0.448s] INFO:colcon.colcon_core.shell:Creating package descriptor '/home/addinedu/amr_ws/ros/camera_oneday/install/capture_msgs/share/capture_msgs/package.dsv'
[0.449s] INFO:colcon.colcon_core.shell:Creating package script '/home/addinedu/amr_ws/ros/camera_oneday/install/capture_msgs/share/capture_msgs/package.sh'
[0.449s] INFO:colcon.colcon_core.shell:Creating package script '/home/addinedu/amr_ws/ros/camera_oneday/install/capture_msgs/share/capture_msgs/package.bash'
[0.450s] INFO:colcon.colcon_core.shell:Creating package script '/home/addinedu/amr_ws/ros/camera_oneday/install/capture_msgs/share/capture_msgs/package.zsh'
[0.450s] Level 1:colcon.colcon_core.environment:create_file_with_runtime_dependencies(/home/addinedu/amr_ws/ros/camera_oneday/install/capture_msgs/share/colcon-core/packages/capture_msgs)
[0.465s] Level 1:colcon.colcon_core.environment:create_environment_scripts_only(capture_msgs)
[0.465s] Level 1:colcon.colcon_core.environment:checking '/home/addinedu/amr_ws/ros/camera_oneday/install/capture_msgs' for CMake module files
[0.465s] Level 1:colcon.colcon_core.environment:checking '/home/addinedu/amr_ws/ros/camera_oneday/install/capture_msgs' for CMake config files
[0.466s] Level 1:colcon.colcon_core.shell:create_environment_hook('capture_msgs', 'cmake_prefix_path')
[0.466s] INFO:colcon.colcon_core.shell:Creating environment hook '/home/addinedu/amr_ws/ros/camera_oneday/install/capture_msgs/share/capture_msgs/hook/cmake_prefix_path.ps1'
[0.466s] INFO:colcon.colcon_core.shell:Creating environment descriptor '/home/addinedu/amr_ws/ros/camera_oneday/install/capture_msgs/share/capture_msgs/hook/cmake_prefix_path.dsv'
[0.466s] INFO:colcon.colcon_core.shell:Creating environment hook '/home/addinedu/amr_ws/ros/camera_oneday/install/capture_msgs/share/capture_msgs/hook/cmake_prefix_path.sh'
[0.467s] Level 1:colcon.colcon_core.environment:checking '/home/addinedu/amr_ws/ros/camera_oneday/install/capture_msgs/bin'
[0.467s] Level 1:colcon.colcon_core.environment:checking '/home/addinedu/amr_ws/ros/camera_oneday/install/capture_msgs/lib/pkgconfig/capture_msgs.pc'
[0.467s] Level 1:colcon.colcon_core.environment:checking '/home/addinedu/amr_ws/ros/camera_oneday/install/capture_msgs/lib/python3.10/site-packages'
[0.467s] Level 1:colcon.colcon_core.environment:checking '/home/addinedu/amr_ws/ros/camera_oneday/install/capture_msgs/bin'
[0.467s] INFO:colcon.colcon_core.shell:Creating package script '/home/addinedu/amr_ws/ros/camera_oneday/install/capture_msgs/share/capture_msgs/package.ps1'
[0.468s] INFO:colcon.colcon_core.shell:Creating package descriptor '/home/addinedu/amr_ws/ros/camera_oneday/install/capture_msgs/share/capture_msgs/package.dsv'
[0.468s] INFO:colcon.colcon_core.shell:Creating package script '/home/addinedu/amr_ws/ros/camera_oneday/install/capture_msgs/share/capture_msgs/package.sh'
[0.469s] INFO:colcon.colcon_core.shell:Creating package script '/home/addinedu/amr_ws/ros/camera_oneday/install/capture_msgs/share/capture_msgs/package.bash'
[0.469s] INFO:colcon.colcon_core.shell:Creating package script '/home/addinedu/amr_ws/ros/camera_oneday/install/capture_msgs/share/capture_msgs/package.zsh'
[0.469s] Level 1:colcon.colcon_core.environment:create_file_with_runtime_dependencies(/home/addinedu/amr_ws/ros/camera_oneday/install/capture_msgs/share/colcon-core/packages/capture_msgs)
[0.931s] DEBUG:colcon.colcon_core.event_handler.log_command:Invoking command in '/home/addinedu/amr_ws/ros/camera_oneday/src/camera_oneday': PYTHONPATH=/home/addinedu/amr_ws/ros/camera_oneday/build/camera_oneday/prefix_override:/home/addinedu/amr_ws/ros/camera_oneday/install/camera_oneday/lib/python3.10/site-packages:${PYTHONPATH} /usr/bin/python3 -W ignore:setup.py install is deprecated setup.py egg_info --egg-base ../../build/camera_oneday build --build-base /home/addinedu/amr_ws/ros/camera_oneday/build/camera_oneday/build install --record /home/addinedu/amr_ws/ros/camera_oneday/build/camera_oneday/install.log --single-version-externally-managed install_data
[1.394s] Level 1:colcon.colcon_core.environment:checking '/home/addinedu/amr_ws/ros/camera_oneday/install/camera_oneday' for CMake module files
[1.394s] DEBUG:colcon.colcon_core.event_handler.log_command:Invoked command in '/home/addinedu/amr_ws/ros/camera_oneday/src/camera_oneday' returned '0': PYTHONPATH=/home/addinedu/amr_ws/ros/camera_oneday/build/camera_oneday/prefix_override:/home/addinedu/amr_ws/ros/camera_oneday/install/camera_oneday/lib/python3.10/site-packages:${PYTHONPATH} /usr/bin/python3 -W ignore:setup.py install is deprecated setup.py egg_info --egg-base ../../build/camera_oneday build --build-base /home/addinedu/amr_ws/ros/camera_oneday/build/camera_oneday/build install --record /home/addinedu/amr_ws/ros/camera_oneday/build/camera_oneday/install.log --single-version-externally-managed install_data
[1.395s] Level 1:colcon.colcon_core.environment:checking '/home/addinedu/amr_ws/ros/camera_oneday/install/camera_oneday' for CMake config files
[1.395s] Level 1:colcon.colcon_core.environment:checking '/home/addinedu/amr_ws/ros/camera_oneday/install/camera_oneday/lib'
[1.395s] Level 1:colcon.colcon_core.environment:checking '/home/addinedu/amr_ws/ros/camera_oneday/install/camera_oneday/bin'
[1.395s] Level 1:colcon.colcon_core.environment:checking '/home/addinedu/amr_ws/ros/camera_oneday/install/camera_oneday/lib/pkgconfig/camera_oneday.pc'
[1.396s] Level 1:colcon.colcon_core.environment:checking '/home/addinedu/amr_ws/ros/camera_oneday/install/camera_oneday/lib/python3.10/site-packages'
[1.396s] Level 1:colcon.colcon_core.shell:create_environment_hook('camera_oneday', 'pythonpath')
[1.396s] INFO:colcon.colcon_core.shell:Creating environment hook '/home/addinedu/amr_ws/ros/camera_oneday/install/camera_oneday/share/camera_oneday/hook/pythonpath.ps1'
[1.396s] INFO:colcon.colcon_core.shell:Creating environment descriptor '/home/addinedu/amr_ws/ros/camera_oneday/install/camera_oneday/share/camera_oneday/hook/pythonpath.dsv'
[1.396s] INFO:colcon.colcon_core.shell:Creating environment hook '/home/addinedu/amr_ws/ros/camera_oneday/install/camera_oneday/share/camera_oneday/hook/pythonpath.sh'
[1.397s] Level 1:colcon.colcon_core.environment:checking '/home/addinedu/amr_ws/ros/camera_oneday/install/camera_oneday/bin'
[1.397s] Level 1:colcon.colcon_core.environment:create_environment_scripts_only(camera_oneday)
[1.397s] INFO:colcon.colcon_core.shell:Creating package script '/home/addinedu/amr_ws/ros/camera_oneday/install/camera_oneday/share/camera_oneday/package.ps1'
[1.397s] INFO:colcon.colcon_core.shell:Creating package descriptor '/home/addinedu/amr_ws/ros/camera_oneday/install/camera_oneday/share/camera_oneday/package.dsv'
[1.398s] INFO:colcon.colcon_core.shell:Creating package script '/home/addinedu/amr_ws/ros/camera_oneday/install/camera_oneday/share/camera_oneday/package.sh'
[1.398s] INFO:colcon.colcon_core.shell:Creating package script '/home/addinedu/amr_ws/ros/camera_oneday/install/camera_oneday/share/camera_oneday/package.bash'
[1.398s] INFO:colcon.colcon_core.shell:Creating package script '/home/addinedu/amr_ws/ros/camera_oneday/install/camera_oneday/share/camera_oneday/package.zsh'
[1.398s] Level 1:colcon.colcon_core.environment:create_file_with_runtime_dependencies(/home/addinedu/amr_ws/ros/camera_oneday/install/camera_oneday/share/colcon-core/packages/camera_oneday)
[1.399s] DEBUG:colcon.colcon_parallel_executor.executor.parallel:closing loop
[1.399s] DEBUG:colcon.colcon_parallel_executor.executor.parallel:loop closed
[1.399s] DEBUG:colcon.colcon_parallel_executor.executor.parallel:run_until_complete finished with '0'
[1.399s] DEBUG:colcon.colcon_core.event_reactor:joining thread
[1.403s] INFO:colcon.colcon_core.plugin_system:Skipping extension 'colcon_notification.desktop_notification.terminal_notifier': Not used on non-Darwin systems
[1.403s] INFO:colcon.colcon_core.plugin_system:Skipping extension 'colcon_notification.desktop_notification.win32': Not used on non-Windows systems
[1.403s] INFO:colcon.colcon_notification.desktop_notification:Sending desktop notification using 'notify2'
[1.411s] DEBUG:colcon.colcon_core.event_reactor:joined thread
[1.411s] INFO:colcon.colcon_core.shell:Creating prefix script '/home/addinedu/amr_ws/ros/camera_oneday/install/local_setup.ps1'
[1.412s] INFO:colcon.colcon_core.shell:Creating prefix util module '/home/addinedu/amr_ws/ros/camera_oneday/install/_local_setup_util_ps1.py'
[1.413s] INFO:colcon.colcon_core.shell:Creating prefix chain script '/home/addinedu/amr_ws/ros/camera_oneday/install/setup.ps1'
[1.414s] INFO:colcon.colcon_core.shell:Creating prefix script '/home/addinedu/amr_ws/ros/camera_oneday/install/local_setup.sh'
[1.414s] INFO:colcon.colcon_core.shell:Creating prefix util module '/home/addinedu/amr_ws/ros/camera_oneday/install/_local_setup_util_sh.py'
[1.415s] INFO:colcon.colcon_core.shell:Creating prefix chain script '/home/addinedu/amr_ws/ros/camera_oneday/install/setup.sh'
[1.416s] INFO:colcon.colcon_core.shell:Creating prefix script '/home/addinedu/amr_ws/ros/camera_oneday/install/local_setup.bash'
[1.416s] INFO:colcon.colcon_core.shell:Creating prefix chain script '/home/addinedu/amr_ws/ros/camera_oneday/install/setup.bash'
[1.417s] INFO:colcon.colcon_core.shell:Creating prefix script '/home/addinedu/amr_ws/ros/camera_oneday/install/local_setup.zsh'
[1.417s] INFO:colcon.colcon_core.shell:Creating prefix chain script '/home/addinedu/amr_ws/ros/camera_oneday/install/setup.zsh'
