[0.100s] DEBUG:colcon:Command line arguments: ['/usr/bin/colcon', 'build']
[0.100s] DEBUG:colcon:Parsed command line arguments: Namespace(log_base=None, log_level=None, verb_name='build', build_base='build', install_base='install', merge_install=False, symlink_install=False, test_result_base=None, continue_on_error=False, executor='parallel', parallel_workers=12, event_handlers=None, ignore_user_meta=False, metas=['./colcon.meta'], base_paths=['.'], packages_ignore=None, packages_ignore_regex=None, paths=None, packages_up_to=None, packages_up_to_regex=None, packages_above=None, packages_above_and_dependencies=None, packages_above_depth=None, packages_select_by_dep=None, packages_skip_by_dep=None, packages_skip_up_to=None, packages_select_build_failed=False, packages_skip_build_finished=False, packages_select_test_failures=False, packages_skip_test_passed=False, packages_select=None, packages_skip=None, packages_select_regex=None, packages_skip_regex=None, packages_start=None, packages_end=None, allow_overriding=[], cmake_args=None, cmake_target=None, cmake_target_skip_unavailable=False, cmake_clean_cache=False, cmake_clean_first=False, cmake_force_configure=False, ament_cmake_args=None, catkin_cmake_args=None, catkin_skip_building_tests=False, verb_parser=<colcon_defaults.argument_parser.defaults.DefaultArgumentsDecorator object at 0x7e5de9aff640>, verb_extension=<colcon_core.verb.build.BuildVerb object at 0x7e5de9afecb0>, main=<bound method BuildVerb.main of <colcon_core.verb.build.BuildVerb object at 0x7e5de9afecb0>>)
[0.132s] Level 1:colcon.colcon_core.package_discovery:discover_packages(colcon_meta) check parameters
[0.132s] Level 1:colcon.colcon_core.package_discovery:discover_packages(recursive) check parameters
[0.132s] Level 1:colcon.colcon_core.package_discovery:discover_packages(ignore) check parameters
[0.132s] Level 1:colcon.colcon_core.package_discovery:discover_packages(path) check parameters
[0.132s] Level 1:colcon.colcon_core.package_discovery:discover_packages(colcon_meta) discover
[0.132s] Level 1:colcon.colcon_core.package_discovery:discover_packages(recursive) discover
[0.132s] INFO:colcon.colcon_core.package_discovery:Crawling recursively for packages in '/home/addinedu/amr_ws/ros/camera_oneday'
[0.132s] Level 1:colcon.colcon_core.package_identification:_identify(.) by extensions ['ignore', 'ignore_ament_install']
[0.132s] Level 1:colcon.colcon_core.package_identification:_identify(.) by extension 'ignore'
[0.132s] Level 1:colcon.colcon_core.package_identification:_identify(.) by extension 'ignore_ament_install'
[0.132s] Level 1:colcon.colcon_core.package_identification:_identify(.) by extensions ['colcon_pkg']
[0.132s] Level 1:colcon.colcon_core.package_identification:_identify(.) by extension 'colcon_pkg'
[0.132s] Level 1:colcon.colcon_core.package_identification:_identify(.) by extensions ['colcon_meta']
[0.132s] Level 1:colcon.colcon_core.package_identification:_identify(.) by extension 'colcon_meta'
[0.133s] Level 1:colcon.colcon_core.package_identification:_identify(.) by extensions ['ros']
[0.133s] Level 1:colcon.colcon_core.package_identification:_identify(.) by extension 'ros'
[0.145s] Level 1:colcon.colcon_core.package_identification:_identify(.) by extensions ['cmake', 'python']
[0.145s] Level 1:colcon.colcon_core.package_identification:_identify(.) by extension 'cmake'
[0.145s] Level 1:colcon.colcon_core.package_identification:_identify(.) by extension 'python'
[0.145s] Level 1:colcon.colcon_core.package_identification:_identify(.) by extensions ['python_setup_py']
[0.145s] Level 1:colcon.colcon_core.package_identification:_identify(.) by extension 'python_setup_py'
[0.145s] Level 1:colcon.colcon_core.package_identification:_identify(build) by extensions ['ignore', 'ignore_ament_install']
[0.145s] Level 1:colcon.colcon_core.package_identification:_identify(build) by extension 'ignore'
[0.145s] Level 1:colcon.colcon_core.package_identification:_identify(build) ignored
[0.145s] Level 1:colcon.colcon_core.package_identification:_identify(install) by extensions ['ignore', 'ignore_ament_install']
[0.145s] Level 1:colcon.colcon_core.package_identification:_identify(install) by extension 'ignore'
[0.145s] Level 1:colcon.colcon_core.package_identification:_identify(install) ignored
[0.146s] Level 1:colcon.colcon_core.package_identification:_identify(log) by extensions ['ignore', 'ignore_ament_install']
[0.146s] Level 1:colcon.colcon_core.package_identification:_identify(log) by extension 'ignore'
[0.146s] Level 1:colcon.colcon_core.package_identification:_identify(log) ignored
[0.146s] Level 1:colcon.colcon_core.package_identification:_identify(src) by extensions ['ignore', 'ignore_ament_install']
[0.146s] Level 1:colcon.colcon_core.package_identification:_identify(src) by extension 'ignore'
[0.146s] Level 1:colcon.colcon_core.package_identification:_identify(src) by extension 'ignore_ament_install'
[0.146s] Level 1:colcon.colcon_core.package_identification:_identify(src) by extensions ['colcon_pkg']
[0.146s] Level 1:colcon.colcon_core.package_identification:_identify(src) by extension 'colcon_pkg'
[0.146s] Level 1:colcon.colcon_core.package_identification:_identify(src) by extensions ['colcon_meta']
[0.146s] Level 1:colcon.colcon_core.package_identification:_identify(src) by extension 'colcon_meta'
[0.146s] Level 1:colcon.colcon_core.package_identification:_identify(src) by extensions ['ros']
[0.146s] Level 1:colcon.colcon_core.package_identification:_identify(src) by extension 'ros'
[0.146s] Level 1:colcon.colcon_core.package_identification:_identify(src) by extensions ['cmake', 'python']
[0.146s] Level 1:colcon.colcon_core.package_identification:_identify(src) by extension 'cmake'
[0.146s] Level 1:colcon.colcon_core.package_identification:_identify(src) by extension 'python'
[0.146s] Level 1:colcon.colcon_core.package_identification:_identify(src) by extensions ['python_setup_py']
[0.146s] Level 1:colcon.colcon_core.package_identification:_identify(src) by extension 'python_setup_py'
[0.146s] Level 1:colcon.colcon_core.package_identification:_identify(src/camera_oneday) by extensions ['ignore', 'ignore_ament_install']
[0.146s] Level 1:colcon.colcon_core.package_identification:_identify(src/camera_oneday) by extension 'ignore'
[0.146s] Level 1:colcon.colcon_core.package_identification:_identify(src/camera_oneday) by extension 'ignore_ament_install'
[0.146s] Level 1:colcon.colcon_core.package_identification:_identify(src/camera_oneday) by extensions ['colcon_pkg']
[0.147s] Level 1:colcon.colcon_core.package_identification:_identify(src/camera_oneday) by extension 'colcon_pkg'
[0.147s] Level 1:colcon.colcon_core.package_identification:_identify(src/camera_oneday) by extensions ['colcon_meta']
[0.147s] Level 1:colcon.colcon_core.package_identification:_identify(src/camera_oneday) by extension 'colcon_meta'
[0.147s] Level 1:colcon.colcon_core.package_identification:_identify(src/camera_oneday) by extensions ['ros']
[0.147s] Level 1:colcon.colcon_core.package_identification:_identify(src/camera_oneday) by extension 'ros'
[0.149s] DEBUG:colcon.colcon_core.package_identification:Package 'src/camera_oneday' with type 'ros.ament_python' and name 'camera_oneday'
[0.150s] Level 1:colcon.colcon_core.package_identification:_identify(src/capture_msgs) by extensions ['ignore', 'ignore_ament_install']
[0.150s] Level 1:colcon.colcon_core.package_identification:_identify(src/capture_msgs) by extension 'ignore'
[0.150s] Level 1:colcon.colcon_core.package_identification:_identify(src/capture_msgs) by extension 'ignore_ament_install'
[0.150s] Level 1:colcon.colcon_core.package_identification:_identify(src/capture_msgs) by extensions ['colcon_pkg']
[0.150s] Level 1:colcon.colcon_core.package_identification:_identify(src/capture_msgs) by extension 'colcon_pkg'
[0.150s] Level 1:colcon.colcon_core.package_identification:_identify(src/capture_msgs) by extensions ['colcon_meta']
[0.150s] Level 1:colcon.colcon_core.package_identification:_identify(src/capture_msgs) by extension 'colcon_meta'
[0.150s] Level 1:colcon.colcon_core.package_identification:_identify(src/capture_msgs) by extensions ['ros']
[0.150s] Level 1:colcon.colcon_core.package_identification:_identify(src/capture_msgs) by extension 'ros'
[0.151s] DEBUG:colcon.colcon_core.package_identification:Package 'src/capture_msgs' with type 'ros.ament_cmake' and name 'capture_msgs'
[0.151s] Level 1:colcon.colcon_core.package_discovery:discover_packages(recursive) using defaults
[0.151s] Level 1:colcon.colcon_core.package_discovery:discover_packages(ignore) discover
[0.151s] Level 1:colcon.colcon_core.package_discovery:discover_packages(ignore) using defaults
[0.151s] Level 1:colcon.colcon_core.package_discovery:discover_packages(path) discover
[0.151s] Level 1:colcon.colcon_core.package_discovery:discover_packages(path) using defaults
[0.169s] Level 1:colcon.colcon_core.package_discovery:discover_packages(prefix_path) check parameters
[0.169s] Level 1:colcon.colcon_core.package_discovery:discover_packages(prefix_path) discover
[0.171s] DEBUG:colcon.colcon_installed_package_information.package_discovery:Found 2 installed packages in /home/addinedu/amr_ws/ros/camera_oneday/install
[0.172s] DEBUG:colcon.colcon_installed_package_information.package_discovery:Found 298 installed packages in /opt/ros/humble
[0.173s] Level 1:colcon.colcon_core.package_discovery:discover_packages(prefix_path) using defaults
[0.207s] Level 5:colcon.colcon_core.verb:set package 'camera_oneday' build argument 'cmake_args' from command line to 'None'
[0.207s] Level 5:colcon.colcon_core.verb:set package 'camera_oneday' build argument 'cmake_target' from command line to 'None'
[0.207s] Level 5:colcon.colcon_core.verb:set package 'camera_oneday' build argument 'cmake_target_skip_unavailable' from command line to 'False'
[0.207s] Level 5:colcon.colcon_core.verb:set package 'camera_oneday' build argument 'cmake_clean_cache' from command line to 'False'
[0.207s] Level 5:colcon.colcon_core.verb:set package 'camera_oneday' build argument 'cmake_clean_first' from command line to 'False'
[0.207s] Level 5:colcon.colcon_core.verb:set package 'camera_oneday' build argument 'cmake_force_configure' from command line to 'False'
[0.207s] Level 5:colcon.colcon_core.verb:set package 'camera_oneday' build argument 'ament_cmake_args' from command line to 'None'
[0.207s] Level 5:colcon.colcon_core.verb:set package 'camera_oneday' build argument 'catkin_cmake_args' from command line to 'None'
[0.207s] Level 5:colcon.colcon_core.verb:set package 'camera_oneday' build argument 'catkin_skip_building_tests' from command line to 'False'
[0.208s] DEBUG:colcon.colcon_core.verb:Building package 'camera_oneday' with the following arguments: {'ament_cmake_args': None, 'build_base': '/home/addinedu/amr_ws/ros/camera_oneday/build/camera_oneday', 'catkin_cmake_args': None, 'catkin_skip_building_tests': False, 'cmake_args': None, 'cmake_clean_cache': False, 'cmake_clean_first': False, 'cmake_force_configure': False, 'cmake_target': None, 'cmake_target_skip_unavailable': False, 'install_base': '/home/addinedu/amr_ws/ros/camera_oneday/install/camera_oneday', 'merge_install': False, 'path': '/home/addinedu/amr_ws/ros/camera_oneday/src/camera_oneday', 'symlink_install': False, 'test_result_base': None}
[0.208s] Level 5:colcon.colcon_core.verb:set package 'capture_msgs' build argument 'cmake_args' from command line to 'None'
[0.208s] Level 5:colcon.colcon_core.verb:set package 'capture_msgs' build argument 'cmake_target' from command line to 'None'
[0.208s] Level 5:colcon.colcon_core.verb:set package 'capture_msgs' build argument 'cmake_target_skip_unavailable' from command line to 'False'
[0.208s] Level 5:colcon.colcon_core.verb:set package 'capture_msgs' build argument 'cmake_clean_cache' from command line to 'False'
[0.208s] Level 5:colcon.colcon_core.verb:set package 'capture_msgs' build argument 'cmake_clean_first' from command line to 'False'
[0.208s] Level 5:colcon.colcon_core.verb:set package 'capture_msgs' build argument 'cmake_force_configure' from command line to 'False'
[0.208s] Level 5:colcon.colcon_core.verb:set package 'capture_msgs' build argument 'ament_cmake_args' from command line to 'None'
[0.208s] Level 5:colcon.colcon_core.verb:set package 'capture_msgs' build argument 'catkin_cmake_args' from command line to 'None'
[0.208s] Level 5:colcon.colcon_core.verb:set package 'capture_msgs' build argument 'catkin_skip_building_tests' from command line to 'False'
[0.208s] DEBUG:colcon.colcon_core.verb:Building package 'capture_msgs' with the following arguments: {'ament_cmake_args': None, 'build_base': '/home/addinedu/amr_ws/ros/camera_oneday/build/capture_msgs', 'catkin_cmake_args': None, 'catkin_skip_building_tests': False, 'cmake_args': None, 'cmake_clean_cache': False, 'cmake_clean_first': False, 'cmake_force_configure': False, 'cmake_target': None, 'cmake_target_skip_unavailable': False, 'install_base': '/home/addinedu/amr_ws/ros/camera_oneday/install/capture_msgs', 'merge_install': False, 'path': '/home/addinedu/amr_ws/ros/camera_oneday/src/capture_msgs', 'symlink_install': False, 'test_result_base': None}
[0.208s] INFO:colcon.colcon_core.executor:Executing jobs using 'parallel' executor
[0.209s] DEBUG:colcon.colcon_parallel_executor.executor.parallel:run_until_complete
[0.209s] INFO:colcon.colcon_ros.task.ament_python.build:Building ROS package in '/home/addinedu/amr_ws/ros/camera_oneday/src/camera_oneday' with build type 'ament_python'
[0.209s] Level 1:colcon.colcon_core.shell:create_environment_hook('camera_oneday', 'ament_prefix_path')
[0.211s] INFO:colcon.colcon_core.plugin_system:Skipping extension 'colcon_core.shell.bat': Not used on non-Windows systems
[0.211s] INFO:colcon.colcon_core.shell:Creating environment hook '/home/addinedu/amr_ws/ros/camera_oneday/install/camera_oneday/share/camera_oneday/hook/ament_prefix_path.ps1'
[0.211s] INFO:colcon.colcon_core.shell:Creating environment descriptor '/home/addinedu/amr_ws/ros/camera_oneday/install/camera_oneday/share/camera_oneday/hook/ament_prefix_path.dsv'
[0.212s] INFO:colcon.colcon_core.shell:Creating environment hook '/home/addinedu/amr_ws/ros/camera_oneday/install/camera_oneday/share/camera_oneday/hook/ament_prefix_path.sh'
[0.212s] INFO:colcon.colcon_core.shell:Skip shell extension 'powershell' for command environment: Not usable outside of PowerShell
[0.212s] DEBUG:colcon.colcon_core.shell:Skip shell extension 'dsv' for command environment
[0.214s] INFO:colcon.colcon_ros.task.ament_cmake.build:Building ROS package in '/home/addinedu/amr_ws/ros/camera_oneday/src/capture_msgs' with build type 'ament_cmake'
[0.215s] INFO:colcon.colcon_cmake.task.cmake.build:Building CMake package in '/home/addinedu/amr_ws/ros/camera_oneday/src/capture_msgs'
[0.215s] INFO:colcon.colcon_core.shell:Skip shell extension 'powershell' for command environment: Not usable outside of PowerShell
[0.215s] DEBUG:colcon.colcon_core.shell:Skip shell extension 'dsv' for command environment
[0.406s] INFO:colcon.colcon_core.task.python.build:Building Python package in '/home/addinedu/amr_ws/ros/camera_oneday/src/camera_oneday'
[0.406s] INFO:colcon.colcon_core.shell:Skip shell extension 'powershell' for command environment: Not usable outside of PowerShell
[0.406s] DEBUG:colcon.colcon_core.shell:Skip shell extension 'dsv' for command environment
[0.411s] DEBUG:colcon.colcon_core.event_handler.log_command:Invoking command in '/home/addinedu/amr_ws/ros/camera_oneday/build/capture_msgs': CMAKE_PREFIX_PATH=${CMAKE_PREFIX_PATH}:/home/addinedu/amr_ws/ros/camera_oneday/install/camera_oneday:/opt/ros/humble /usr/bin/cmake --build /home/addinedu/amr_ws/ros/camera_oneday/build/capture_msgs -- -j12 -l12
[1.006s] DEBUG:colcon.colcon_core.event_handler.log_command:Invoking command in '/home/addinedu/amr_ws/ros/camera_oneday/src/camera_oneday': PYTHONPATH=/home/addinedu/amr_ws/ros/camera_oneday/build/camera_oneday/prefix_override:/home/addinedu/amr_ws/ros/camera_oneday/install/camera_oneday/lib/python3.10/site-packages:${PYTHONPATH} /usr/bin/python3 -W ignore:setup.py install is deprecated setup.py egg_info --egg-base ../../build/camera_oneday build --build-base /home/addinedu/amr_ws/ros/camera_oneday/build/camera_oneday/build install --record /home/addinedu/amr_ws/ros/camera_oneday/build/camera_oneday/install.log --single-version-externally-managed install_data
[1.576s] DEBUG:colcon.colcon_core.event_handler.log_command:Invoked command in '/home/addinedu/amr_ws/ros/camera_oneday/src/camera_oneday' returned '0': PYTHONPATH=/home/addinedu/amr_ws/ros/camera_oneday/build/camera_oneday/prefix_override:/home/addinedu/amr_ws/ros/camera_oneday/install/camera_oneday/lib/python3.10/site-packages:${PYTHONPATH} /usr/bin/python3 -W ignore:setup.py install is deprecated setup.py egg_info --egg-base ../../build/camera_oneday build --build-base /home/addinedu/amr_ws/ros/camera_oneday/build/camera_oneday/build install --record /home/addinedu/amr_ws/ros/camera_oneday/build/camera_oneday/install.log --single-version-externally-managed install_data
[1.578s] Level 1:colcon.colcon_core.environment:checking '/home/addinedu/amr_ws/ros/camera_oneday/install/camera_oneday' for CMake module files
[1.579s] Level 1:colcon.colcon_core.environment:checking '/home/addinedu/amr_ws/ros/camera_oneday/install/camera_oneday' for CMake config files
[1.580s] Level 1:colcon.colcon_core.environment:checking '/home/addinedu/amr_ws/ros/camera_oneday/install/camera_oneday/lib'
[1.580s] Level 1:colcon.colcon_core.environment:checking '/home/addinedu/amr_ws/ros/camera_oneday/install/camera_oneday/bin'
[1.581s] Level 1:colcon.colcon_core.environment:checking '/home/addinedu/amr_ws/ros/camera_oneday/install/camera_oneday/lib/pkgconfig/camera_oneday.pc'
[1.581s] Level 1:colcon.colcon_core.environment:checking '/home/addinedu/amr_ws/ros/camera_oneday/install/camera_oneday/lib/python3.10/site-packages'
[1.581s] Level 1:colcon.colcon_core.shell:create_environment_hook('camera_oneday', 'pythonpath')
[1.581s] INFO:colcon.colcon_core.shell:Creating environment hook '/home/addinedu/amr_ws/ros/camera_oneday/install/camera_oneday/share/camera_oneday/hook/pythonpath.ps1'
[1.582s] INFO:colcon.colcon_core.shell:Creating environment descriptor '/home/addinedu/amr_ws/ros/camera_oneday/install/camera_oneday/share/camera_oneday/hook/pythonpath.dsv'
[1.582s] INFO:colcon.colcon_core.shell:Creating environment hook '/home/addinedu/amr_ws/ros/camera_oneday/install/camera_oneday/share/camera_oneday/hook/pythonpath.sh'
[1.583s] Level 1:colcon.colcon_core.environment:checking '/home/addinedu/amr_ws/ros/camera_oneday/install/camera_oneday/bin'
[1.583s] Level 1:colcon.colcon_core.environment:create_environment_scripts_only(camera_oneday)
[1.583s] INFO:colcon.colcon_core.shell:Creating package script '/home/addinedu/amr_ws/ros/camera_oneday/install/camera_oneday/share/camera_oneday/package.ps1'
[1.584s] INFO:colcon.colcon_core.shell:Creating package descriptor '/home/addinedu/amr_ws/ros/camera_oneday/install/camera_oneday/share/camera_oneday/package.dsv'
[1.584s] INFO:colcon.colcon_core.shell:Creating package script '/home/addinedu/amr_ws/ros/camera_oneday/install/camera_oneday/share/camera_oneday/package.sh'
[1.585s] INFO:colcon.colcon_core.shell:Creating package script '/home/addinedu/amr_ws/ros/camera_oneday/install/camera_oneday/share/camera_oneday/package.bash'
[1.586s] INFO:colcon.colcon_core.shell:Creating package script '/home/addinedu/amr_ws/ros/camera_oneday/install/camera_oneday/share/camera_oneday/package.zsh'
[1.586s] Level 1:colcon.colcon_core.environment:create_file_with_runtime_dependencies(/home/addinedu/amr_ws/ros/camera_oneday/install/camera_oneday/share/colcon-core/packages/camera_oneday)
[1.684s] DEBUG:colcon.colcon_core.event_handler.log_command:Invoked command in '/home/addinedu/amr_ws/ros/camera_oneday/build/capture_msgs' returned '0': CMAKE_PREFIX_PATH=${CMAKE_PREFIX_PATH}:/home/addinedu/amr_ws/ros/camera_oneday/install/camera_oneday:/opt/ros/humble /usr/bin/cmake --build /home/addinedu/amr_ws/ros/camera_oneday/build/capture_msgs -- -j12 -l12
[1.737s] DEBUG:colcon.colcon_core.event_handler.log_command:Invoking command in '/home/addinedu/amr_ws/ros/camera_oneday/build/capture_msgs': CMAKE_PREFIX_PATH=${CMAKE_PREFIX_PATH}:/home/addinedu/amr_ws/ros/camera_oneday/install/camera_oneday:/opt/ros/humble /usr/bin/cmake --install /home/addinedu/amr_ws/ros/camera_oneday/build/capture_msgs
[1.786s] Level 1:colcon.colcon_core.environment:create_environment_scripts_only(capture_msgs)
[1.786s] Level 1:colcon.colcon_core.environment:checking '/home/addinedu/amr_ws/ros/camera_oneday/install/capture_msgs' for CMake module files
[1.787s] DEBUG:colcon.colcon_core.event_handler.log_command:Invoked command in '/home/addinedu/amr_ws/ros/camera_oneday/build/capture_msgs' returned '0': CMAKE_PREFIX_PATH=${CMAKE_PREFIX_PATH}:/home/addinedu/amr_ws/ros/camera_oneday/install/camera_oneday:/opt/ros/humble /usr/bin/cmake --install /home/addinedu/amr_ws/ros/camera_oneday/build/capture_msgs
[1.787s] Level 1:colcon.colcon_core.environment:checking '/home/addinedu/amr_ws/ros/camera_oneday/install/capture_msgs' for CMake config files
[1.787s] Level 1:colcon.colcon_core.shell:create_environment_hook('capture_msgs', 'cmake_prefix_path')
[1.788s] INFO:colcon.colcon_core.shell:Creating environment hook '/home/addinedu/amr_ws/ros/camera_oneday/install/capture_msgs/share/capture_msgs/hook/cmake_prefix_path.ps1'
[1.788s] INFO:colcon.colcon_core.shell:Creating environment descriptor '/home/addinedu/amr_ws/ros/camera_oneday/install/capture_msgs/share/capture_msgs/hook/cmake_prefix_path.dsv'
[1.788s] INFO:colcon.colcon_core.shell:Creating environment hook '/home/addinedu/amr_ws/ros/camera_oneday/install/capture_msgs/share/capture_msgs/hook/cmake_prefix_path.sh'
[1.789s] Level 1:colcon.colcon_core.environment:checking '/home/addinedu/amr_ws/ros/camera_oneday/install/capture_msgs/lib'
[1.789s] Level 1:colcon.colcon_core.shell:create_environment_hook('capture_msgs', 'ld_library_path_lib')
[1.789s] INFO:colcon.colcon_core.shell:Creating environment hook '/home/addinedu/amr_ws/ros/camera_oneday/install/capture_msgs/share/capture_msgs/hook/ld_library_path_lib.ps1'
[1.789s] INFO:colcon.colcon_core.shell:Creating environment descriptor '/home/addinedu/amr_ws/ros/camera_oneday/install/capture_msgs/share/capture_msgs/hook/ld_library_path_lib.dsv'
[1.789s] INFO:colcon.colcon_core.shell:Creating environment hook '/home/addinedu/amr_ws/ros/camera_oneday/install/capture_msgs/share/capture_msgs/hook/ld_library_path_lib.sh'
[1.790s] Level 1:colcon.colcon_core.environment:checking '/home/addinedu/amr_ws/ros/camera_oneday/install/capture_msgs/bin'
[1.790s] Level 1:colcon.colcon_core.environment:checking '/home/addinedu/amr_ws/ros/camera_oneday/install/capture_msgs/lib/pkgconfig/capture_msgs.pc'
[1.790s] Level 1:colcon.colcon_core.environment:checking '/home/addinedu/amr_ws/ros/camera_oneday/install/capture_msgs/lib/python3.10/site-packages'
[1.790s] Level 1:colcon.colcon_core.environment:checking '/home/addinedu/amr_ws/ros/camera_oneday/install/capture_msgs/bin'
[1.790s] INFO:colcon.colcon_core.shell:Creating package script '/home/addinedu/amr_ws/ros/camera_oneday/install/capture_msgs/share/capture_msgs/package.ps1'
[1.791s] INFO:colcon.colcon_core.shell:Creating package descriptor '/home/addinedu/amr_ws/ros/camera_oneday/install/capture_msgs/share/capture_msgs/package.dsv'
[1.791s] INFO:colcon.colcon_core.shell:Creating package script '/home/addinedu/amr_ws/ros/camera_oneday/install/capture_msgs/share/capture_msgs/package.sh'
[1.791s] INFO:colcon.colcon_core.shell:Creating package script '/home/addinedu/amr_ws/ros/camera_oneday/install/capture_msgs/share/capture_msgs/package.bash'
[1.792s] INFO:colcon.colcon_core.shell:Creating package script '/home/addinedu/amr_ws/ros/camera_oneday/install/capture_msgs/share/capture_msgs/package.zsh'
[1.792s] Level 1:colcon.colcon_core.environment:create_file_with_runtime_dependencies(/home/addinedu/amr_ws/ros/camera_oneday/install/capture_msgs/share/colcon-core/packages/capture_msgs)
[1.836s] Level 1:colcon.colcon_core.environment:create_environment_scripts_only(capture_msgs)
[1.837s] Level 1:colcon.colcon_core.environment:checking '/home/addinedu/amr_ws/ros/camera_oneday/install/capture_msgs' for CMake module files
[1.837s] Level 1:colcon.colcon_core.environment:checking '/home/addinedu/amr_ws/ros/camera_oneday/install/capture_msgs' for CMake config files
[1.838s] Level 1:colcon.colcon_core.shell:create_environment_hook('capture_msgs', 'cmake_prefix_path')
[1.838s] INFO:colcon.colcon_core.shell:Creating environment hook '/home/addinedu/amr_ws/ros/camera_oneday/install/capture_msgs/share/capture_msgs/hook/cmake_prefix_path.ps1'
[1.838s] INFO:colcon.colcon_core.shell:Creating environment descriptor '/home/addinedu/amr_ws/ros/camera_oneday/install/capture_msgs/share/capture_msgs/hook/cmake_prefix_path.dsv'
[1.838s] INFO:colcon.colcon_core.shell:Creating environment hook '/home/addinedu/amr_ws/ros/camera_oneday/install/capture_msgs/share/capture_msgs/hook/cmake_prefix_path.sh'
[1.839s] Level 1:colcon.colcon_core.environment:checking '/home/addinedu/amr_ws/ros/camera_oneday/install/capture_msgs/lib'
[1.839s] Level 1:colcon.colcon_core.shell:create_environment_hook('capture_msgs', 'ld_library_path_lib')
[1.839s] INFO:colcon.colcon_core.shell:Creating environment hook '/home/addinedu/amr_ws/ros/camera_oneday/install/capture_msgs/share/capture_msgs/hook/ld_library_path_lib.ps1'
[1.840s] INFO:colcon.colcon_core.shell:Creating environment descriptor '/home/addinedu/amr_ws/ros/camera_oneday/install/capture_msgs/share/capture_msgs/hook/ld_library_path_lib.dsv'
[1.840s] INFO:colcon.colcon_core.shell:Creating environment hook '/home/addinedu/amr_ws/ros/camera_oneday/install/capture_msgs/share/capture_msgs/hook/ld_library_path_lib.sh'
[1.840s] Level 1:colcon.colcon_core.environment:checking '/home/addinedu/amr_ws/ros/camera_oneday/install/capture_msgs/bin'
[1.840s] Level 1:colcon.colcon_core.environment:checking '/home/addinedu/amr_ws/ros/camera_oneday/install/capture_msgs/lib/pkgconfig/capture_msgs.pc'
[1.840s] Level 1:colcon.colcon_core.environment:checking '/home/addinedu/amr_ws/ros/camera_oneday/install/capture_msgs/lib/python3.10/site-packages'
[1.840s] Level 1:colcon.colcon_core.environment:checking '/home/addinedu/amr_ws/ros/camera_oneday/install/capture_msgs/bin'
[1.841s] INFO:colcon.colcon_core.shell:Creating package script '/home/addinedu/amr_ws/ros/camera_oneday/install/capture_msgs/share/capture_msgs/package.ps1'
[1.841s] INFO:colcon.colcon_core.shell:Creating package descriptor '/home/addinedu/amr_ws/ros/camera_oneday/install/capture_msgs/share/capture_msgs/package.dsv'
[1.842s] INFO:colcon.colcon_core.shell:Creating package script '/home/addinedu/amr_ws/ros/camera_oneday/install/capture_msgs/share/capture_msgs/package.sh'
[1.842s] INFO:colcon.colcon_core.shell:Creating package script '/home/addinedu/amr_ws/ros/camera_oneday/install/capture_msgs/share/capture_msgs/package.bash'
[1.842s] INFO:colcon.colcon_core.shell:Creating package script '/home/addinedu/amr_ws/ros/camera_oneday/install/capture_msgs/share/capture_msgs/package.zsh'
[1.843s] Level 1:colcon.colcon_core.environment:create_file_with_runtime_dependencies(/home/addinedu/amr_ws/ros/camera_oneday/install/capture_msgs/share/colcon-core/packages/capture_msgs)
[1.843s] DEBUG:colcon.colcon_parallel_executor.executor.parallel:closing loop
[1.843s] DEBUG:colcon.colcon_parallel_executor.executor.parallel:loop closed
[1.843s] DEBUG:colcon.colcon_parallel_executor.executor.parallel:run_until_complete finished with '0'
[1.843s] DEBUG:colcon.colcon_core.event_reactor:joining thread
[1.848s] INFO:colcon.colcon_core.plugin_system:Skipping extension 'colcon_notification.desktop_notification.terminal_notifier': Not used on non-Darwin systems
[1.848s] INFO:colcon.colcon_core.plugin_system:Skipping extension 'colcon_notification.desktop_notification.win32': Not used on non-Windows systems
[1.848s] INFO:colcon.colcon_notification.desktop_notification:Sending desktop notification using 'notify2'
[1.863s] DEBUG:colcon.colcon_core.event_reactor:joined thread
[1.864s] INFO:colcon.colcon_core.shell:Creating prefix script '/home/addinedu/amr_ws/ros/camera_oneday/install/local_setup.ps1'
[1.865s] INFO:colcon.colcon_core.shell:Creating prefix util module '/home/addinedu/amr_ws/ros/camera_oneday/install/_local_setup_util_ps1.py'
[1.866s] INFO:colcon.colcon_core.shell:Creating prefix chain script '/home/addinedu/amr_ws/ros/camera_oneday/install/setup.ps1'
[1.867s] INFO:colcon.colcon_core.shell:Creating prefix script '/home/addinedu/amr_ws/ros/camera_oneday/install/local_setup.sh'
[1.867s] INFO:colcon.colcon_core.shell:Creating prefix util module '/home/addinedu/amr_ws/ros/camera_oneday/install/_local_setup_util_sh.py'
[1.867s] INFO:colcon.colcon_core.shell:Creating prefix chain script '/home/addinedu/amr_ws/ros/camera_oneday/install/setup.sh'
[1.868s] INFO:colcon.colcon_core.shell:Creating prefix script '/home/addinedu/amr_ws/ros/camera_oneday/install/local_setup.bash'
[1.869s] INFO:colcon.colcon_core.shell:Creating prefix chain script '/home/addinedu/amr_ws/ros/camera_oneday/install/setup.bash'
[1.870s] INFO:colcon.colcon_core.shell:Creating prefix script '/home/addinedu/amr_ws/ros/camera_oneday/install/local_setup.zsh'
[1.870s] INFO:colcon.colcon_core.shell:Creating prefix chain script '/home/addinedu/amr_ws/ros/camera_oneday/install/setup.zsh'
