[0.085s] DEBUG:colcon:Command line arguments: ['/usr/bin/colcon', 'build']
[0.085s] DEBUG:colcon:Parsed command line arguments: Namespace(log_base=None, log_level=None, verb_name='build', build_base='build', install_base='install', merge_install=False, symlink_install=False, test_result_base=None, continue_on_error=False, executor='parallel', parallel_workers=12, event_handlers=None, ignore_user_meta=False, metas=['./colcon.meta'], base_paths=['.'], packages_ignore=None, packages_ignore_regex=None, paths=None, packages_up_to=None, packages_up_to_regex=None, packages_above=None, packages_above_and_dependencies=None, packages_above_depth=None, packages_select_by_dep=None, packages_skip_by_dep=None, packages_skip_up_to=None, packages_select_build_failed=False, packages_skip_build_finished=False, packages_select_test_failures=False, packages_skip_test_passed=False, packages_select=None, packages_skip=None, packages_select_regex=None, packages_skip_regex=None, packages_start=None, packages_end=None, allow_overriding=[], cmake_args=None, cmake_target=None, cmake_target_skip_unavailable=False, cmake_clean_cache=False, cmake_clean_first=False, cmake_force_configure=False, ament_cmake_args=None, catkin_cmake_args=None, catkin_skip_building_tests=False, verb_parser=<colcon_defaults.argument_parser.defaults.DefaultArgumentsDecorator object at 0x78cce602b6d0>, verb_extension=<colcon_core.verb.build.BuildVerb object at 0x78cce602ad40>, main=<bound method BuildVerb.main of <colcon_core.verb.build.BuildVerb object at 0x78cce602ad40>>)
[0.115s] Level 1:colcon.colcon_core.package_discovery:discover_packages(colcon_meta) check parameters
[0.116s] Level 1:colcon.colcon_core.package_discovery:discover_packages(recursive) check parameters
[0.116s] Level 1:colcon.colcon_core.package_discovery:discover_packages(ignore) check parameters
[0.116s] Level 1:colcon.colcon_core.package_discovery:discover_packages(path) check parameters
[0.116s] Level 1:colcon.colcon_core.package_discovery:discover_packages(colcon_meta) discover
[0.116s] Level 1:colcon.colcon_core.package_discovery:discover_packages(recursive) discover
[0.116s] INFO:colcon.colcon_core.package_discovery:Crawling recursively for packages in '/home/addinedu/amr_ws/ros/camera_oneday'
[0.116s] Level 1:colcon.colcon_core.package_identification:_identify(.) by extensions ['ignore', 'ignore_ament_install']
[0.116s] Level 1:colcon.colcon_core.package_identification:_identify(.) by extension 'ignore'
[0.116s] Level 1:colcon.colcon_core.package_identification:_identify(.) by extension 'ignore_ament_install'
[0.116s] Level 1:colcon.colcon_core.package_identification:_identify(.) by extensions ['colcon_pkg']
[0.116s] Level 1:colcon.colcon_core.package_identification:_identify(.) by extension 'colcon_pkg'
[0.116s] Level 1:colcon.colcon_core.package_identification:_identify(.) by extensions ['colcon_meta']
[0.116s] Level 1:colcon.colcon_core.package_identification:_identify(.) by extension 'colcon_meta'
[0.116s] Level 1:colcon.colcon_core.package_identification:_identify(.) by extensions ['ros']
[0.116s] Level 1:colcon.colcon_core.package_identification:_identify(.) by extension 'ros'
[0.128s] Level 1:colcon.colcon_core.package_identification:_identify(.) by extensions ['cmake', 'python']
[0.128s] Level 1:colcon.colcon_core.package_identification:_identify(.) by extension 'cmake'
[0.128s] Level 1:colcon.colcon_core.package_identification:_identify(.) by extension 'python'
[0.128s] Level 1:colcon.colcon_core.package_identification:_identify(.) by extensions ['python_setup_py']
[0.128s] Level 1:colcon.colcon_core.package_identification:_identify(.) by extension 'python_setup_py'
[0.128s] Level 1:colcon.colcon_core.package_identification:_identify(build) by extensions ['ignore', 'ignore_ament_install']
[0.128s] Level 1:colcon.colcon_core.package_identification:_identify(build) by extension 'ignore'
[0.128s] Level 1:colcon.colcon_core.package_identification:_identify(build) ignored
[0.128s] Level 1:colcon.colcon_core.package_identification:_identify(install) by extensions ['ignore', 'ignore_ament_install']
[0.128s] Level 1:colcon.colcon_core.package_identification:_identify(install) by extension 'ignore'
[0.128s] Level 1:colcon.colcon_core.package_identification:_identify(install) ignored
[0.129s] Level 1:colcon.colcon_core.package_identification:_identify(log) by extensions ['ignore', 'ignore_ament_install']
[0.129s] Level 1:colcon.colcon_core.package_identification:_identify(log) by extension 'ignore'
[0.129s] Level 1:colcon.colcon_core.package_identification:_identify(log) ignored
[0.129s] Level 1:colcon.colcon_core.package_identification:_identify(src) by extensions ['ignore', 'ignore_ament_install']
[0.129s] Level 1:colcon.colcon_core.package_identification:_identify(src) by extension 'ignore'
[0.129s] Level 1:colcon.colcon_core.package_identification:_identify(src) by extension 'ignore_ament_install'
[0.129s] Level 1:colcon.colcon_core.package_identification:_identify(src) by extensions ['colcon_pkg']
[0.129s] Level 1:colcon.colcon_core.package_identification:_identify(src) by extension 'colcon_pkg'
[0.129s] Level 1:colcon.colcon_core.package_identification:_identify(src) by extensions ['colcon_meta']
[0.129s] Level 1:colcon.colcon_core.package_identification:_identify(src) by extension 'colcon_meta'
[0.129s] Level 1:colcon.colcon_core.package_identification:_identify(src) by extensions ['ros']
[0.129s] Level 1:colcon.colcon_core.package_identification:_identify(src) by extension 'ros'
[0.129s] Level 1:colcon.colcon_core.package_identification:_identify(src) by extensions ['cmake', 'python']
[0.129s] Level 1:colcon.colcon_core.package_identification:_identify(src) by extension 'cmake'
[0.129s] Level 1:colcon.colcon_core.package_identification:_identify(src) by extension 'python'
[0.129s] Level 1:colcon.colcon_core.package_identification:_identify(src) by extensions ['python_setup_py']
[0.129s] Level 1:colcon.colcon_core.package_identification:_identify(src) by extension 'python_setup_py'
[0.129s] Level 1:colcon.colcon_core.package_identification:_identify(src/camera_oneday) by extensions ['ignore', 'ignore_ament_install']
[0.129s] Level 1:colcon.colcon_core.package_identification:_identify(src/camera_oneday) by extension 'ignore'
[0.129s] Level 1:colcon.colcon_core.package_identification:_identify(src/camera_oneday) by extension 'ignore_ament_install'
[0.130s] Level 1:colcon.colcon_core.package_identification:_identify(src/camera_oneday) by extensions ['colcon_pkg']
[0.130s] Level 1:colcon.colcon_core.package_identification:_identify(src/camera_oneday) by extension 'colcon_pkg'
[0.130s] Level 1:colcon.colcon_core.package_identification:_identify(src/camera_oneday) by extensions ['colcon_meta']
[0.130s] Level 1:colcon.colcon_core.package_identification:_identify(src/camera_oneday) by extension 'colcon_meta'
[0.130s] Level 1:colcon.colcon_core.package_identification:_identify(src/camera_oneday) by extensions ['ros']
[0.130s] Level 1:colcon.colcon_core.package_identification:_identify(src/camera_oneday) by extension 'ros'
[0.131s] DEBUG:colcon.colcon_core.package_identification:Package 'src/camera_oneday' with type 'ros.ament_python' and name 'camera_oneday'
[0.131s] Level 1:colcon.colcon_core.package_identification:_identify(src/capture_msgs) by extensions ['ignore', 'ignore_ament_install']
[0.132s] Level 1:colcon.colcon_core.package_identification:_identify(src/capture_msgs) by extension 'ignore'
[0.132s] Level 1:colcon.colcon_core.package_identification:_identify(src/capture_msgs) by extension 'ignore_ament_install'
[0.132s] Level 1:colcon.colcon_core.package_identification:_identify(src/capture_msgs) by extensions ['colcon_pkg']
[0.132s] Level 1:colcon.colcon_core.package_identification:_identify(src/capture_msgs) by extension 'colcon_pkg'
[0.132s] Level 1:colcon.colcon_core.package_identification:_identify(src/capture_msgs) by extensions ['colcon_meta']
[0.132s] Level 1:colcon.colcon_core.package_identification:_identify(src/capture_msgs) by extension 'colcon_meta'
[0.132s] Level 1:colcon.colcon_core.package_identification:_identify(src/capture_msgs) by extensions ['ros']
[0.132s] Level 1:colcon.colcon_core.package_identification:_identify(src/capture_msgs) by extension 'ros'
[0.132s] DEBUG:colcon.colcon_core.package_identification:Package 'src/capture_msgs' with type 'ros.ament_cmake' and name 'capture_msgs'
[0.132s] Level 1:colcon.colcon_core.package_discovery:discover_packages(recursive) using defaults
[0.132s] Level 1:colcon.colcon_core.package_discovery:discover_packages(ignore) discover
[0.132s] Level 1:colcon.colcon_core.package_discovery:discover_packages(ignore) using defaults
[0.132s] Level 1:colcon.colcon_core.package_discovery:discover_packages(path) discover
[0.132s] Level 1:colcon.colcon_core.package_discovery:discover_packages(path) using defaults
[0.148s] Level 1:colcon.colcon_core.package_discovery:discover_packages(prefix_path) check parameters
[0.148s] Level 1:colcon.colcon_core.package_discovery:discover_packages(prefix_path) discover
[0.150s] DEBUG:colcon.colcon_installed_package_information.package_discovery:Found 2 installed packages in /home/addinedu/amr_ws/ros/camera_oneday/install
[0.150s] DEBUG:colcon.colcon_installed_package_information.package_discovery:Found 1 installed packages in /home/addinedu/amr_ws/ros/opencv_study/install
[0.151s] DEBUG:colcon.colcon_installed_package_information.package_discovery:Found 298 installed packages in /opt/ros/humble
[0.152s] Level 1:colcon.colcon_core.package_discovery:discover_packages(prefix_path) using defaults
[0.185s] Level 5:colcon.colcon_core.verb:set package 'camera_oneday' build argument 'cmake_args' from command line to 'None'
[0.185s] Level 5:colcon.colcon_core.verb:set package 'camera_oneday' build argument 'cmake_target' from command line to 'None'
[0.185s] Level 5:colcon.colcon_core.verb:set package 'camera_oneday' build argument 'cmake_target_skip_unavailable' from command line to 'False'
[0.185s] Level 5:colcon.colcon_core.verb:set package 'camera_oneday' build argument 'cmake_clean_cache' from command line to 'False'
[0.185s] Level 5:colcon.colcon_core.verb:set package 'camera_oneday' build argument 'cmake_clean_first' from command line to 'False'
[0.185s] Level 5:colcon.colcon_core.verb:set package 'camera_oneday' build argument 'cmake_force_configure' from command line to 'False'
[0.185s] Level 5:colcon.colcon_core.verb:set package 'camera_oneday' build argument 'ament_cmake_args' from command line to 'None'
[0.185s] Level 5:colcon.colcon_core.verb:set package 'camera_oneday' build argument 'catkin_cmake_args' from command line to 'None'
[0.185s] Level 5:colcon.colcon_core.verb:set package 'camera_oneday' build argument 'catkin_skip_building_tests' from command line to 'False'
[0.185s] DEBUG:colcon.colcon_core.verb:Building package 'camera_oneday' with the following arguments: {'ament_cmake_args': None, 'build_base': '/home/addinedu/amr_ws/ros/camera_oneday/build/camera_oneday', 'catkin_cmake_args': None, 'catkin_skip_building_tests': False, 'cmake_args': None, 'cmake_clean_cache': False, 'cmake_clean_first': False, 'cmake_force_configure': False, 'cmake_target': None, 'cmake_target_skip_unavailable': False, 'install_base': '/home/addinedu/amr_ws/ros/camera_oneday/install/camera_oneday', 'merge_install': False, 'path': '/home/addinedu/amr_ws/ros/camera_oneday/src/camera_oneday', 'symlink_install': False, 'test_result_base': None}
[0.186s] Level 5:colcon.colcon_core.verb:set package 'capture_msgs' build argument 'cmake_args' from command line to 'None'
[0.186s] Level 5:colcon.colcon_core.verb:set package 'capture_msgs' build argument 'cmake_target' from command line to 'None'
[0.186s] Level 5:colcon.colcon_core.verb:set package 'capture_msgs' build argument 'cmake_target_skip_unavailable' from command line to 'False'
[0.186s] Level 5:colcon.colcon_core.verb:set package 'capture_msgs' build argument 'cmake_clean_cache' from command line to 'False'
[0.186s] Level 5:colcon.colcon_core.verb:set package 'capture_msgs' build argument 'cmake_clean_first' from command line to 'False'
[0.186s] Level 5:colcon.colcon_core.verb:set package 'capture_msgs' build argument 'cmake_force_configure' from command line to 'False'
[0.186s] Level 5:colcon.colcon_core.verb:set package 'capture_msgs' build argument 'ament_cmake_args' from command line to 'None'
[0.186s] Level 5:colcon.colcon_core.verb:set package 'capture_msgs' build argument 'catkin_cmake_args' from command line to 'None'
[0.186s] Level 5:colcon.colcon_core.verb:set package 'capture_msgs' build argument 'catkin_skip_building_tests' from command line to 'False'
[0.186s] DEBUG:colcon.colcon_core.verb:Building package 'capture_msgs' with the following arguments: {'ament_cmake_args': None, 'build_base': '/home/addinedu/amr_ws/ros/camera_oneday/build/capture_msgs', 'catkin_cmake_args': None, 'catkin_skip_building_tests': False, 'cmake_args': None, 'cmake_clean_cache': False, 'cmake_clean_first': False, 'cmake_force_configure': False, 'cmake_target': None, 'cmake_target_skip_unavailable': False, 'install_base': '/home/addinedu/amr_ws/ros/camera_oneday/install/capture_msgs', 'merge_install': False, 'path': '/home/addinedu/amr_ws/ros/camera_oneday/src/capture_msgs', 'symlink_install': False, 'test_result_base': None}
[0.186s] INFO:colcon.colcon_core.executor:Executing jobs using 'parallel' executor
[0.187s] DEBUG:colcon.colcon_parallel_executor.executor.parallel:run_until_complete
[0.187s] INFO:colcon.colcon_ros.task.ament_python.build:Building ROS package in '/home/addinedu/amr_ws/ros/camera_oneday/src/camera_oneday' with build type 'ament_python'
[0.187s] Level 1:colcon.colcon_core.shell:create_environment_hook('camera_oneday', 'ament_prefix_path')
[0.188s] INFO:colcon.colcon_core.plugin_system:Skipping extension 'colcon_core.shell.bat': Not used on non-Windows systems
[0.189s] INFO:colcon.colcon_core.shell:Creating environment hook '/home/addinedu/amr_ws/ros/camera_oneday/install/camera_oneday/share/camera_oneday/hook/ament_prefix_path.ps1'
[0.189s] INFO:colcon.colcon_core.shell:Creating environment descriptor '/home/addinedu/amr_ws/ros/camera_oneday/install/camera_oneday/share/camera_oneday/hook/ament_prefix_path.dsv'
[0.189s] INFO:colcon.colcon_core.shell:Creating environment hook '/home/addinedu/amr_ws/ros/camera_oneday/install/camera_oneday/share/camera_oneday/hook/ament_prefix_path.sh'
[0.190s] INFO:colcon.colcon_core.shell:Skip shell extension 'powershell' for command environment: Not usable outside of PowerShell
[0.190s] DEBUG:colcon.colcon_core.shell:Skip shell extension 'dsv' for command environment
[0.193s] INFO:colcon.colcon_ros.task.ament_cmake.build:Building ROS package in '/home/addinedu/amr_ws/ros/camera_oneday/src/capture_msgs' with build type 'ament_cmake'
[0.193s] INFO:colcon.colcon_cmake.task.cmake.build:Building CMake package in '/home/addinedu/amr_ws/ros/camera_oneday/src/capture_msgs'
[0.193s] INFO:colcon.colcon_core.shell:Skip shell extension 'powershell' for command environment: Not usable outside of PowerShell
[0.193s] DEBUG:colcon.colcon_core.shell:Skip shell extension 'dsv' for command environment
[0.364s] INFO:colcon.colcon_core.task.python.build:Building Python package in '/home/addinedu/amr_ws/ros/camera_oneday/src/camera_oneday'
[0.365s] INFO:colcon.colcon_core.shell:Skip shell extension 'powershell' for command environment: Not usable outside of PowerShell
[0.365s] DEBUG:colcon.colcon_core.shell:Skip shell extension 'dsv' for command environment
[0.370s] DEBUG:colcon.colcon_core.event_handler.log_command:Invoking command in '/home/addinedu/amr_ws/ros/camera_oneday/build/capture_msgs': CMAKE_PREFIX_PATH=${CMAKE_PREFIX_PATH}:/home/addinedu/amr_ws/ros/camera_oneday/install/camera_oneday:/home/addinedu/amr_ws/ros/opencv_study/install/opencv_tutorials:/opt/ros/humble /usr/bin/cmake --build /home/addinedu/amr_ws/ros/camera_oneday/build/capture_msgs -- -j12 -l12
[0.708s] DEBUG:colcon.colcon_core.event_handler.log_command:Invoked command in '/home/addinedu/amr_ws/ros/camera_oneday/build/capture_msgs' returned '0': CMAKE_PREFIX_PATH=${CMAKE_PREFIX_PATH}:/home/addinedu/amr_ws/ros/camera_oneday/install/camera_oneday:/home/addinedu/amr_ws/ros/opencv_study/install/opencv_tutorials:/opt/ros/humble /usr/bin/cmake --build /home/addinedu/amr_ws/ros/camera_oneday/build/capture_msgs -- -j12 -l12
[0.757s] DEBUG:colcon.colcon_core.event_handler.log_command:Invoking command in '/home/addinedu/amr_ws/ros/camera_oneday/build/capture_msgs': CMAKE_PREFIX_PATH=${CMAKE_PREFIX_PATH}:/home/addinedu/amr_ws/ros/camera_oneday/install/camera_oneday:/home/addinedu/amr_ws/ros/opencv_study/install/opencv_tutorials:/opt/ros/humble /usr/bin/cmake --install /home/addinedu/amr_ws/ros/camera_oneday/build/capture_msgs
[0.803s] Level 1:colcon.colcon_core.environment:create_environment_scripts_only(capture_msgs)
[0.804s] DEBUG:colcon.colcon_core.event_handler.log_command:Invoked command in '/home/addinedu/amr_ws/ros/camera_oneday/build/capture_msgs' returned '0': CMAKE_PREFIX_PATH=${CMAKE_PREFIX_PATH}:/home/addinedu/amr_ws/ros/camera_oneday/install/camera_oneday:/home/addinedu/amr_ws/ros/opencv_study/install/opencv_tutorials:/opt/ros/humble /usr/bin/cmake --install /home/addinedu/amr_ws/ros/camera_oneday/build/capture_msgs
[0.807s] Level 1:colcon.colcon_core.environment:checking '/home/addinedu/amr_ws/ros/camera_oneday/install/capture_msgs' for CMake module files
[0.807s] Level 1:colcon.colcon_core.environment:checking '/home/addinedu/amr_ws/ros/camera_oneday/install/capture_msgs' for CMake config files
[0.808s] Level 1:colcon.colcon_core.shell:create_environment_hook('capture_msgs', 'cmake_prefix_path')
[0.808s] INFO:colcon.colcon_core.shell:Creating environment hook '/home/addinedu/amr_ws/ros/camera_oneday/install/capture_msgs/share/capture_msgs/hook/cmake_prefix_path.ps1'
[0.809s] INFO:colcon.colcon_core.shell:Creating environment descriptor '/home/addinedu/amr_ws/ros/camera_oneday/install/capture_msgs/share/capture_msgs/hook/cmake_prefix_path.dsv'
[0.809s] INFO:colcon.colcon_core.shell:Creating environment hook '/home/addinedu/amr_ws/ros/camera_oneday/install/capture_msgs/share/capture_msgs/hook/cmake_prefix_path.sh'
[0.810s] Level 1:colcon.colcon_core.environment:checking '/home/addinedu/amr_ws/ros/camera_oneday/install/capture_msgs/lib'
[0.810s] Level 1:colcon.colcon_core.shell:create_environment_hook('capture_msgs', 'ld_library_path_lib')
[0.810s] INFO:colcon.colcon_core.shell:Creating environment hook '/home/addinedu/amr_ws/ros/camera_oneday/install/capture_msgs/share/capture_msgs/hook/ld_library_path_lib.ps1'
[0.811s] INFO:colcon.colcon_core.shell:Creating environment descriptor '/home/addinedu/amr_ws/ros/camera_oneday/install/capture_msgs/share/capture_msgs/hook/ld_library_path_lib.dsv'
[0.811s] INFO:colcon.colcon_core.shell:Creating environment hook '/home/addinedu/amr_ws/ros/camera_oneday/install/capture_msgs/share/capture_msgs/hook/ld_library_path_lib.sh'
[0.811s] Level 1:colcon.colcon_core.environment:checking '/home/addinedu/amr_ws/ros/camera_oneday/install/capture_msgs/bin'
[0.812s] Level 1:colcon.colcon_core.environment:checking '/home/addinedu/amr_ws/ros/camera_oneday/install/capture_msgs/lib/pkgconfig/capture_msgs.pc'
[0.812s] Level 1:colcon.colcon_core.environment:checking '/home/addinedu/amr_ws/ros/camera_oneday/install/capture_msgs/lib/python3.10/site-packages'
[0.812s] Level 1:colcon.colcon_core.environment:checking '/home/addinedu/amr_ws/ros/camera_oneday/install/capture_msgs/bin'
[0.813s] INFO:colcon.colcon_core.shell:Creating package script '/home/addinedu/amr_ws/ros/camera_oneday/install/capture_msgs/share/capture_msgs/package.ps1'
[0.814s] INFO:colcon.colcon_core.shell:Creating package descriptor '/home/addinedu/amr_ws/ros/camera_oneday/install/capture_msgs/share/capture_msgs/package.dsv'
[0.814s] INFO:colcon.colcon_core.shell:Creating package script '/home/addinedu/amr_ws/ros/camera_oneday/install/capture_msgs/share/capture_msgs/package.sh'
[0.815s] INFO:colcon.colcon_core.shell:Creating package script '/home/addinedu/amr_ws/ros/camera_oneday/install/capture_msgs/share/capture_msgs/package.bash'
[0.816s] INFO:colcon.colcon_core.shell:Creating package script '/home/addinedu/amr_ws/ros/camera_oneday/install/capture_msgs/share/capture_msgs/package.zsh'
[0.817s] Level 1:colcon.colcon_core.environment:create_file_with_runtime_dependencies(/home/addinedu/amr_ws/ros/camera_oneday/install/capture_msgs/share/colcon-core/packages/capture_msgs)
[0.854s] Level 1:colcon.colcon_core.environment:create_environment_scripts_only(capture_msgs)
[0.854s] Level 1:colcon.colcon_core.environment:checking '/home/addinedu/amr_ws/ros/camera_oneday/install/capture_msgs' for CMake module files
[0.854s] Level 1:colcon.colcon_core.environment:checking '/home/addinedu/amr_ws/ros/camera_oneday/install/capture_msgs' for CMake config files
[0.855s] Level 1:colcon.colcon_core.shell:create_environment_hook('capture_msgs', 'cmake_prefix_path')
[0.855s] INFO:colcon.colcon_core.shell:Creating environment hook '/home/addinedu/amr_ws/ros/camera_oneday/install/capture_msgs/share/capture_msgs/hook/cmake_prefix_path.ps1'
[0.855s] INFO:colcon.colcon_core.shell:Creating environment descriptor '/home/addinedu/amr_ws/ros/camera_oneday/install/capture_msgs/share/capture_msgs/hook/cmake_prefix_path.dsv'
[0.856s] INFO:colcon.colcon_core.shell:Creating environment hook '/home/addinedu/amr_ws/ros/camera_oneday/install/capture_msgs/share/capture_msgs/hook/cmake_prefix_path.sh'
[0.856s] Level 1:colcon.colcon_core.environment:checking '/home/addinedu/amr_ws/ros/camera_oneday/install/capture_msgs/lib'
[0.856s] Level 1:colcon.colcon_core.shell:create_environment_hook('capture_msgs', 'ld_library_path_lib')
[0.856s] INFO:colcon.colcon_core.shell:Creating environment hook '/home/addinedu/amr_ws/ros/camera_oneday/install/capture_msgs/share/capture_msgs/hook/ld_library_path_lib.ps1'
[0.856s] INFO:colcon.colcon_core.shell:Creating environment descriptor '/home/addinedu/amr_ws/ros/camera_oneday/install/capture_msgs/share/capture_msgs/hook/ld_library_path_lib.dsv'
[0.857s] INFO:colcon.colcon_core.shell:Creating environment hook '/home/addinedu/amr_ws/ros/camera_oneday/install/capture_msgs/share/capture_msgs/hook/ld_library_path_lib.sh'
[0.857s] Level 1:colcon.colcon_core.environment:checking '/home/addinedu/amr_ws/ros/camera_oneday/install/capture_msgs/bin'
[0.857s] Level 1:colcon.colcon_core.environment:checking '/home/addinedu/amr_ws/ros/camera_oneday/install/capture_msgs/lib/pkgconfig/capture_msgs.pc'
[0.857s] Level 1:colcon.colcon_core.environment:checking '/home/addinedu/amr_ws/ros/camera_oneday/install/capture_msgs/lib/python3.10/site-packages'
[0.857s] Level 1:colcon.colcon_core.environment:checking '/home/addinedu/amr_ws/ros/camera_oneday/install/capture_msgs/bin'
[0.858s] INFO:colcon.colcon_core.shell:Creating package script '/home/addinedu/amr_ws/ros/camera_oneday/install/capture_msgs/share/capture_msgs/package.ps1'
[0.858s] INFO:colcon.colcon_core.shell:Creating package descriptor '/home/addinedu/amr_ws/ros/camera_oneday/install/capture_msgs/share/capture_msgs/package.dsv'
[0.858s] INFO:colcon.colcon_core.shell:Creating package script '/home/addinedu/amr_ws/ros/camera_oneday/install/capture_msgs/share/capture_msgs/package.sh'
[0.859s] INFO:colcon.colcon_core.shell:Creating package script '/home/addinedu/amr_ws/ros/camera_oneday/install/capture_msgs/share/capture_msgs/package.bash'
[0.859s] INFO:colcon.colcon_core.shell:Creating package script '/home/addinedu/amr_ws/ros/camera_oneday/install/capture_msgs/share/capture_msgs/package.zsh'
[0.859s] Level 1:colcon.colcon_core.environment:create_file_with_runtime_dependencies(/home/addinedu/amr_ws/ros/camera_oneday/install/capture_msgs/share/colcon-core/packages/capture_msgs)
[0.910s] DEBUG:colcon.colcon_core.event_handler.log_command:Invoking command in '/home/addinedu/amr_ws/ros/camera_oneday/src/camera_oneday': PYTHONPATH=/home/addinedu/amr_ws/ros/camera_oneday/build/camera_oneday/prefix_override:/home/addinedu/amr_ws/ros/camera_oneday/install/camera_oneday/lib/python3.10/site-packages:${PYTHONPATH} /usr/bin/python3 -W ignore:setup.py install is deprecated setup.py egg_info --egg-base ../../build/camera_oneday build --build-base /home/addinedu/amr_ws/ros/camera_oneday/build/camera_oneday/build install --record /home/addinedu/amr_ws/ros/camera_oneday/build/camera_oneday/install.log --single-version-externally-managed install_data
[1.381s] Level 1:colcon.colcon_core.environment:checking '/home/addinedu/amr_ws/ros/camera_oneday/install/camera_oneday' for CMake module files
[1.382s] DEBUG:colcon.colcon_core.event_handler.log_command:Invoked command in '/home/addinedu/amr_ws/ros/camera_oneday/src/camera_oneday' returned '0': PYTHONPATH=/home/addinedu/amr_ws/ros/camera_oneday/build/camera_oneday/prefix_override:/home/addinedu/amr_ws/ros/camera_oneday/install/camera_oneday/lib/python3.10/site-packages:${PYTHONPATH} /usr/bin/python3 -W ignore:setup.py install is deprecated setup.py egg_info --egg-base ../../build/camera_oneday build --build-base /home/addinedu/amr_ws/ros/camera_oneday/build/camera_oneday/build install --record /home/addinedu/amr_ws/ros/camera_oneday/build/camera_oneday/install.log --single-version-externally-managed install_data
[1.382s] Level 1:colcon.colcon_core.environment:checking '/home/addinedu/amr_ws/ros/camera_oneday/install/camera_oneday' for CMake config files
[1.383s] Level 1:colcon.colcon_core.environment:checking '/home/addinedu/amr_ws/ros/camera_oneday/install/camera_oneday/lib'
[1.383s] Level 1:colcon.colcon_core.environment:checking '/home/addinedu/amr_ws/ros/camera_oneday/install/camera_oneday/bin'
[1.383s] Level 1:colcon.colcon_core.environment:checking '/home/addinedu/amr_ws/ros/camera_oneday/install/camera_oneday/lib/pkgconfig/camera_oneday.pc'
[1.383s] Level 1:colcon.colcon_core.environment:checking '/home/addinedu/amr_ws/ros/camera_oneday/install/camera_oneday/lib/python3.10/site-packages'
[1.383s] Level 1:colcon.colcon_core.shell:create_environment_hook('camera_oneday', 'pythonpath')
[1.383s] INFO:colcon.colcon_core.shell:Creating environment hook '/home/addinedu/amr_ws/ros/camera_oneday/install/camera_oneday/share/camera_oneday/hook/pythonpath.ps1'
[1.383s] INFO:colcon.colcon_core.shell:Creating environment descriptor '/home/addinedu/amr_ws/ros/camera_oneday/install/camera_oneday/share/camera_oneday/hook/pythonpath.dsv'
[1.384s] INFO:colcon.colcon_core.shell:Creating environment hook '/home/addinedu/amr_ws/ros/camera_oneday/install/camera_oneday/share/camera_oneday/hook/pythonpath.sh'
[1.384s] Level 1:colcon.colcon_core.environment:checking '/home/addinedu/amr_ws/ros/camera_oneday/install/camera_oneday/bin'
[1.384s] Level 1:colcon.colcon_core.environment:create_environment_scripts_only(camera_oneday)
[1.384s] INFO:colcon.colcon_core.shell:Creating package script '/home/addinedu/amr_ws/ros/camera_oneday/install/camera_oneday/share/camera_oneday/package.ps1'
[1.385s] INFO:colcon.colcon_core.shell:Creating package descriptor '/home/addinedu/amr_ws/ros/camera_oneday/install/camera_oneday/share/camera_oneday/package.dsv'
[1.385s] INFO:colcon.colcon_core.shell:Creating package script '/home/addinedu/amr_ws/ros/camera_oneday/install/camera_oneday/share/camera_oneday/package.sh'
[1.385s] INFO:colcon.colcon_core.shell:Creating package script '/home/addinedu/amr_ws/ros/camera_oneday/install/camera_oneday/share/camera_oneday/package.bash'
[1.386s] INFO:colcon.colcon_core.shell:Creating package script '/home/addinedu/amr_ws/ros/camera_oneday/install/camera_oneday/share/camera_oneday/package.zsh'
[1.386s] Level 1:colcon.colcon_core.environment:create_file_with_runtime_dependencies(/home/addinedu/amr_ws/ros/camera_oneday/install/camera_oneday/share/colcon-core/packages/camera_oneday)
[1.386s] DEBUG:colcon.colcon_parallel_executor.executor.parallel:closing loop
[1.386s] DEBUG:colcon.colcon_parallel_executor.executor.parallel:loop closed
[1.386s] DEBUG:colcon.colcon_parallel_executor.executor.parallel:run_until_complete finished with '0'
[1.386s] DEBUG:colcon.colcon_core.event_reactor:joining thread
[1.390s] INFO:colcon.colcon_core.plugin_system:Skipping extension 'colcon_notification.desktop_notification.terminal_notifier': Not used on non-Darwin systems
[1.390s] INFO:colcon.colcon_core.plugin_system:Skipping extension 'colcon_notification.desktop_notification.win32': Not used on non-Windows systems
[1.390s] INFO:colcon.colcon_notification.desktop_notification:Sending desktop notification using 'notify2'
[1.398s] DEBUG:colcon.colcon_core.event_reactor:joined thread
[1.399s] INFO:colcon.colcon_core.shell:Creating prefix script '/home/addinedu/amr_ws/ros/camera_oneday/install/local_setup.ps1'
[1.399s] INFO:colcon.colcon_core.shell:Creating prefix util module '/home/addinedu/amr_ws/ros/camera_oneday/install/_local_setup_util_ps1.py'
[1.401s] INFO:colcon.colcon_core.shell:Creating prefix chain script '/home/addinedu/amr_ws/ros/camera_oneday/install/setup.ps1'
[1.401s] INFO:colcon.colcon_core.shell:Creating prefix script '/home/addinedu/amr_ws/ros/camera_oneday/install/local_setup.sh'
[1.402s] INFO:colcon.colcon_core.shell:Creating prefix util module '/home/addinedu/amr_ws/ros/camera_oneday/install/_local_setup_util_sh.py'
[1.402s] INFO:colcon.colcon_core.shell:Creating prefix chain script '/home/addinedu/amr_ws/ros/camera_oneday/install/setup.sh'
[1.403s] INFO:colcon.colcon_core.shell:Creating prefix script '/home/addinedu/amr_ws/ros/camera_oneday/install/local_setup.bash'
[1.404s] INFO:colcon.colcon_core.shell:Creating prefix chain script '/home/addinedu/amr_ws/ros/camera_oneday/install/setup.bash'
[1.405s] INFO:colcon.colcon_core.shell:Creating prefix script '/home/addinedu/amr_ws/ros/camera_oneday/install/local_setup.zsh'
[1.405s] INFO:colcon.colcon_core.shell:Creating prefix chain script '/home/addinedu/amr_ws/ros/camera_oneday/install/setup.zsh'
