[0.706s] Invoking command in '/home/addinedu/amr_ws/ros/camera_oneday/src/camera_oneday': PYTHONPATH=/home/addinedu/amr_ws/ros/camera_oneday/build/camera_oneday/prefix_override:/home/addinedu/amr_ws/ros/camera_oneday/install/camera_oneday/lib/python3.10/site-packages:${PYTHONPATH} /usr/bin/python3 -W ignore:setup.py install is deprecated setup.py egg_info --egg-base ../../build/camera_oneday build --build-base /home/addinedu/amr_ws/ros/camera_oneday/build/camera_oneday/build install --record /home/addinedu/amr_ws/ros/camera_oneday/build/camera_oneday/install.log --single-version-externally-managed install_data
[0.925s] running egg_info
[0.942s] writing ../../build/camera_oneday/camera_oneday.egg-info/PKG-INFO
[0.943s] writing dependency_links to ../../build/camera_oneday/camera_oneday.egg-info/dependency_links.txt
[0.943s] writing entry points to ../../build/camera_oneday/camera_oneday.egg-info/entry_points.txt
[0.943s] writing requirements to ../../build/camera_oneday/camera_oneday.egg-info/requires.txt
[0.943s] writing top-level names to ../../build/camera_oneday/camera_oneday.egg-info/top_level.txt
[0.977s] reading manifest file '../../build/camera_oneday/camera_oneday.egg-info/SOURCES.txt'
[0.978s] writing manifest file '../../build/camera_oneday/camera_oneday.egg-info/SOURCES.txt'
[0.978s] running build
[0.978s] running build_py
[0.978s] copying camera_oneday/__init__.py -> /home/addinedu/amr_ws/ros/camera_oneday/build/camera_oneday/build/lib/camera_oneday
[0.978s] copying camera_oneday/img_publisher.py -> /home/addinedu/amr_ws/ros/camera_oneday/build/camera_oneday/build/lib/camera_oneday
[0.979s] running install
[0.983s] running install_lib
[1.000s] running install_data
[1.000s] copying resource/camera_oneday -> /home/addinedu/amr_ws/ros/camera_oneday/install/camera_oneday/share/ament_index/resource_index/packages
[1.001s] copying package.xml -> /home/addinedu/amr_ws/ros/camera_oneday/install/camera_oneday/share/camera_oneday
[1.001s] running install_egg_info
[1.018s] removing '/home/addinedu/amr_ws/ros/camera_oneday/install/camera_oneday/lib/python3.10/site-packages/camera_oneday-0.0.0-py3.10.egg-info' (and everything under it)
[1.018s] Copying ../../build/camera_oneday/camera_oneday.egg-info to /home/addinedu/amr_ws/ros/camera_oneday/install/camera_oneday/lib/python3.10/site-packages/camera_oneday-0.0.0-py3.10.egg-info
[1.019s] running install_scripts
[1.162s] Installing img_publisher script to /home/addinedu/amr_ws/ros/camera_oneday/install/camera_oneday/lib/camera_oneday
[1.163s] writing list of installed files to '/home/addinedu/amr_ws/ros/camera_oneday/build/camera_oneday/install.log'
[1.185s] Invoked command in '/home/addinedu/amr_ws/ros/camera_oneday/src/camera_oneday' returned '0': PYTHONPATH=/home/addinedu/amr_ws/ros/camera_oneday/build/camera_oneday/prefix_override:/home/addinedu/amr_ws/ros/camera_oneday/install/camera_oneday/lib/python3.10/site-packages:${PYTHONPATH} /usr/bin/python3 -W ignore:setup.py install is deprecated setup.py egg_info --egg-base ../../build/camera_oneday build --build-base /home/addinedu/amr_ws/ros/camera_oneday/build/camera_oneday/build install --record /home/addinedu/amr_ws/ros/camera_oneday/build/camera_oneday/install.log --single-version-externally-managed install_data
