[0.190s] Invoking command in '/home/addinedu/amr_ws/ros/camera_oneday/build/capture_msgs': CMAKE_PREFIX_PATH=${CMAKE_PREFIX_PATH}:/home/addinedu/amr_ws/ros/camera_oneday/install/camera_oneday:/opt/ros/humble /usr/bin/cmake --build /home/addinedu/amr_ws/ros/camera_oneday/build/capture_msgs -- -j12 -l12
[0.229s] [  6%] Built target capture_msgs__cpp
[0.230s] [ 12%] Built target capture_msgs__rosidl_generator_c
[0.239s] [ 12%] Built target ament_cmake_python_copy_capture_msgs
[0.249s] [ 41%] Built target capture_msgs__rosidl_typesupport_introspection_cpp
[0.249s] [ 41%] Built target capture_msgs__rosidl_typesupport_cpp
[0.249s] [ 41%] Built target capture_msgs__rosidl_typesupport_c
[0.250s] [ 51%] Built target capture_msgs__rosidl_typesupport_fastrtps_c
[0.250s] [ 61%] Built target capture_msgs__rosidl_typesupport_fastrtps_cpp
[0.251s] [ 70%] Built target capture_msgs__rosidl_typesupport_introspection_c
[0.267s] [ 70%] Built target capture_msgs
[0.284s] [ 74%] Built target capture_msgs__py
[0.300s] [ 80%] Built target capture_msgs__rosidl_generator_py
[0.318s] [100%] Built target capture_msgs__rosidl_typesupport_c__pyext
[0.318s] [100%] Built target capture_msgs__rosidl_typesupport_fastrtps_c__pyext
[0.318s] [100%] Built target capture_msgs__rosidl_typesupport_introspection_c__pyext
[0.427s] running egg_info
[0.444s] writing capture_msgs.egg-info/PKG-INFO
[0.444s] writing dependency_links to capture_msgs.egg-info/dependency_links.txt
[0.445s] writing top-level names to capture_msgs.egg-info/top_level.txt
[0.498s] reading manifest file 'capture_msgs.egg-info/SOURCES.txt'
[0.498s] writing manifest file 'capture_msgs.egg-info/SOURCES.txt'
[0.524s] [100%] Built target ament_cmake_python_build_capture_msgs_egg
[0.536s] Invoked command in '/home/addinedu/amr_ws/ros/camera_oneday/build/capture_msgs' returned '0': CMAKE_PREFIX_PATH=${CMAKE_PREFIX_PATH}:/home/addinedu/amr_ws/ros/camera_oneday/install/camera_oneday:/opt/ros/humble /usr/bin/cmake --build /home/addinedu/amr_ws/ros/camera_oneday/build/capture_msgs -- -j12 -l12
[0.595s] Invoking command in '/home/addinedu/amr_ws/ros/camera_oneday/build/capture_msgs': CMAKE_PREFIX_PATH=${CMAKE_PREFIX_PATH}:/home/addinedu/amr_ws/ros/camera_oneday/install/camera_oneday:/opt/ros/humble /usr/bin/cmake --install /home/addinedu/amr_ws/ros/camera_oneday/build/capture_msgs
[0.602s] -- Install configuration: ""
[0.602s] -- Up-to-date: /home/addinedu/amr_ws/ros/camera_oneday/install/capture_msgs/share/ament_index/resource_index/rosidl_interfaces/capture_msgs
[0.602s] -- Up-to-date: /home/addinedu/amr_ws/ros/camera_oneday/install/capture_msgs/include/capture_msgs/capture_msgs
[0.602s] -- Up-to-date: /home/addinedu/amr_ws/ros/camera_oneday/install/capture_msgs/include/capture_msgs/capture_msgs/msg
[0.602s] -- Up-to-date: /home/addinedu/amr_ws/ros/camera_oneday/install/capture_msgs/include/capture_msgs/capture_msgs/msg/rosidl_generator_c__visibility_control.h
[0.602s] -- Up-to-date: /home/addinedu/amr_ws/ros/camera_oneday/install/capture_msgs/include/capture_msgs/capture_msgs/srv
[0.602s] -- Up-to-date: /home/addinedu/amr_ws/ros/camera_oneday/install/capture_msgs/include/capture_msgs/capture_msgs/srv/detail
[0.602s] -- Up-to-date: /home/addinedu/amr_ws/ros/camera_oneday/install/capture_msgs/include/capture_msgs/capture_msgs/srv/detail/capture__functions.c
[0.602s] -- Up-to-date: /home/addinedu/amr_ws/ros/camera_oneday/install/capture_msgs/include/capture_msgs/capture_msgs/srv/detail/capture__struct.h
[0.603s] -- Up-to-date: /home/addinedu/amr_ws/ros/camera_oneday/install/capture_msgs/include/capture_msgs/capture_msgs/srv/detail/capture__type_support.h
[0.603s] -- Up-to-date: /home/addinedu/amr_ws/ros/camera_oneday/install/capture_msgs/include/capture_msgs/capture_msgs/srv/detail/capture__functions.h
[0.603s] -- Up-to-date: /home/addinedu/amr_ws/ros/camera_oneday/install/capture_msgs/include/capture_msgs/capture_msgs/srv/capture.h
[0.603s] -- Up-to-date: /home/addinedu/amr_ws/ros/camera_oneday/install/capture_msgs/share/capture_msgs/environment/library_path.sh
[0.603s] -- Up-to-date: /home/addinedu/amr_ws/ros/camera_oneday/install/capture_msgs/share/capture_msgs/environment/library_path.dsv
[0.603s] -- Up-to-date: /home/addinedu/amr_ws/ros/camera_oneday/install/capture_msgs/lib/libcapture_msgs__rosidl_generator_c.so
[0.603s] -- Up-to-date: /home/addinedu/amr_ws/ros/camera_oneday/install/capture_msgs/include/capture_msgs/capture_msgs
[0.603s] -- Up-to-date: /home/addinedu/amr_ws/ros/camera_oneday/install/capture_msgs/include/capture_msgs/capture_msgs/msg
[0.604s] -- Up-to-date: /home/addinedu/amr_ws/ros/camera_oneday/install/capture_msgs/include/capture_msgs/capture_msgs/msg/rosidl_typesupport_fastrtps_c__visibility_control.h
[0.604s] -- Up-to-date: /home/addinedu/amr_ws/ros/camera_oneday/install/capture_msgs/include/capture_msgs/capture_msgs/srv
[0.604s] -- Up-to-date: /home/addinedu/amr_ws/ros/camera_oneday/install/capture_msgs/include/capture_msgs/capture_msgs/srv/detail
[0.604s] -- Up-to-date: /home/addinedu/amr_ws/ros/camera_oneday/install/capture_msgs/include/capture_msgs/capture_msgs/srv/detail/capture__rosidl_typesupport_fastrtps_c.h
[0.604s] -- Up-to-date: /home/addinedu/amr_ws/ros/camera_oneday/install/capture_msgs/lib/libcapture_msgs__rosidl_typesupport_fastrtps_c.so
[0.604s] -- Up-to-date: /home/addinedu/amr_ws/ros/camera_oneday/install/capture_msgs/include/capture_msgs/capture_msgs
[0.604s] -- Up-to-date: /home/addinedu/amr_ws/ros/camera_oneday/install/capture_msgs/include/capture_msgs/capture_msgs/msg
[0.604s] -- Up-to-date: /home/addinedu/amr_ws/ros/camera_oneday/install/capture_msgs/include/capture_msgs/capture_msgs/msg/rosidl_typesupport_introspection_c__visibility_control.h
[0.604s] -- Up-to-date: /home/addinedu/amr_ws/ros/camera_oneday/install/capture_msgs/include/capture_msgs/capture_msgs/srv
[0.604s] -- Up-to-date: /home/addinedu/amr_ws/ros/camera_oneday/install/capture_msgs/include/capture_msgs/capture_msgs/srv/detail
[0.604s] -- Up-to-date: /home/addinedu/amr_ws/ros/camera_oneday/install/capture_msgs/include/capture_msgs/capture_msgs/srv/detail/capture__type_support.c
[0.604s] -- Up-to-date: /home/addinedu/amr_ws/ros/camera_oneday/install/capture_msgs/include/capture_msgs/capture_msgs/srv/detail/capture__rosidl_typesupport_introspection_c.h
[0.604s] -- Up-to-date: /home/addinedu/amr_ws/ros/camera_oneday/install/capture_msgs/lib/libcapture_msgs__rosidl_typesupport_introspection_c.so
[0.605s] -- Up-to-date: /home/addinedu/amr_ws/ros/camera_oneday/install/capture_msgs/lib/libcapture_msgs__rosidl_typesupport_c.so
[0.605s] -- Up-to-date: /home/addinedu/amr_ws/ros/camera_oneday/install/capture_msgs/include/capture_msgs/capture_msgs
[0.605s] -- Up-to-date: /home/addinedu/amr_ws/ros/camera_oneday/install/capture_msgs/include/capture_msgs/capture_msgs/srv
[0.605s] -- Up-to-date: /home/addinedu/amr_ws/ros/camera_oneday/install/capture_msgs/include/capture_msgs/capture_msgs/srv/detail
[0.605s] -- Up-to-date: /home/addinedu/amr_ws/ros/camera_oneday/install/capture_msgs/include/capture_msgs/capture_msgs/srv/detail/capture__traits.hpp
[0.605s] -- Up-to-date: /home/addinedu/amr_ws/ros/camera_oneday/install/capture_msgs/include/capture_msgs/capture_msgs/srv/detail/capture__struct.hpp
[0.605s] -- Up-to-date: /home/addinedu/amr_ws/ros/camera_oneday/install/capture_msgs/include/capture_msgs/capture_msgs/srv/detail/capture__builder.hpp
[0.605s] -- Up-to-date: /home/addinedu/amr_ws/ros/camera_oneday/install/capture_msgs/include/capture_msgs/capture_msgs/srv/capture.hpp
[0.606s] -- Up-to-date: /home/addinedu/amr_ws/ros/camera_oneday/install/capture_msgs/include/capture_msgs/capture_msgs
[0.606s] -- Up-to-date: /home/addinedu/amr_ws/ros/camera_oneday/install/capture_msgs/include/capture_msgs/capture_msgs/msg
[0.606s] -- Up-to-date: /home/addinedu/amr_ws/ros/camera_oneday/install/capture_msgs/include/capture_msgs/capture_msgs/msg/rosidl_typesupport_fastrtps_cpp__visibility_control.h
[0.606s] -- Up-to-date: /home/addinedu/amr_ws/ros/camera_oneday/install/capture_msgs/include/capture_msgs/capture_msgs/srv
[0.606s] -- Up-to-date: /home/addinedu/amr_ws/ros/camera_oneday/install/capture_msgs/include/capture_msgs/capture_msgs/srv/detail
[0.606s] -- Up-to-date: /home/addinedu/amr_ws/ros/camera_oneday/install/capture_msgs/include/capture_msgs/capture_msgs/srv/detail/dds_fastrtps
[0.606s] -- Up-to-date: /home/addinedu/amr_ws/ros/camera_oneday/install/capture_msgs/include/capture_msgs/capture_msgs/srv/detail/capture__rosidl_typesupport_fastrtps_cpp.hpp
[0.606s] -- Up-to-date: /home/addinedu/amr_ws/ros/camera_oneday/install/capture_msgs/lib/libcapture_msgs__rosidl_typesupport_fastrtps_cpp.so
[0.606s] -- Up-to-date: /home/addinedu/amr_ws/ros/camera_oneday/install/capture_msgs/include/capture_msgs/capture_msgs
[0.606s] -- Up-to-date: /home/addinedu/amr_ws/ros/camera_oneday/install/capture_msgs/include/capture_msgs/capture_msgs/srv
[0.606s] -- Up-to-date: /home/addinedu/amr_ws/ros/camera_oneday/install/capture_msgs/include/capture_msgs/capture_msgs/srv/detail
[0.606s] -- Up-to-date: /home/addinedu/amr_ws/ros/camera_oneday/install/capture_msgs/include/capture_msgs/capture_msgs/srv/detail/capture__type_support.cpp
[0.606s] -- Up-to-date: /home/addinedu/amr_ws/ros/camera_oneday/install/capture_msgs/include/capture_msgs/capture_msgs/srv/detail/capture__rosidl_typesupport_introspection_cpp.hpp
[0.606s] -- Up-to-date: /home/addinedu/amr_ws/ros/camera_oneday/install/capture_msgs/lib/libcapture_msgs__rosidl_typesupport_introspection_cpp.so
[0.607s] -- Up-to-date: /home/addinedu/amr_ws/ros/camera_oneday/install/capture_msgs/lib/libcapture_msgs__rosidl_typesupport_cpp.so
[0.607s] -- Up-to-date: /home/addinedu/amr_ws/ros/camera_oneday/install/capture_msgs/share/capture_msgs/environment/pythonpath.sh
[0.607s] -- Up-to-date: /home/addinedu/amr_ws/ros/camera_oneday/install/capture_msgs/share/capture_msgs/environment/pythonpath.dsv
[0.607s] -- Up-to-date: /home/addinedu/amr_ws/ros/camera_oneday/install/capture_msgs/local/lib/python3.10/dist-packages/capture_msgs-0.0.0-py3.10.egg-info
[0.607s] -- Installing: /home/addinedu/amr_ws/ros/camera_oneday/install/capture_msgs/local/lib/python3.10/dist-packages/capture_msgs-0.0.0-py3.10.egg-info/top_level.txt
[0.607s] -- Installing: /home/addinedu/amr_ws/ros/camera_oneday/install/capture_msgs/local/lib/python3.10/dist-packages/capture_msgs-0.0.0-py3.10.egg-info/SOURCES.txt
[0.607s] -- Installing: /home/addinedu/amr_ws/ros/camera_oneday/install/capture_msgs/local/lib/python3.10/dist-packages/capture_msgs-0.0.0-py3.10.egg-info/PKG-INFO
[0.607s] -- Installing: /home/addinedu/amr_ws/ros/camera_oneday/install/capture_msgs/local/lib/python3.10/dist-packages/capture_msgs-0.0.0-py3.10.egg-info/dependency_links.txt
[0.607s] -- Up-to-date: /home/addinedu/amr_ws/ros/camera_oneday/install/capture_msgs/local/lib/python3.10/dist-packages/capture_msgs
[0.607s] -- Up-to-date: /home/addinedu/amr_ws/ros/camera_oneday/install/capture_msgs/local/lib/python3.10/dist-packages/capture_msgs/__init__.py
[0.607s] -- Up-to-date: /home/addinedu/amr_ws/ros/camera_oneday/install/capture_msgs/local/lib/python3.10/dist-packages/capture_msgs/_capture_msgs_s.ep.rosidl_typesupport_fastrtps_c.c
[0.607s] -- Up-to-date: /home/addinedu/amr_ws/ros/camera_oneday/install/capture_msgs/local/lib/python3.10/dist-packages/capture_msgs/capture_msgs_s__rosidl_typesupport_c.cpython-310-x86_64-linux-gnu.so
[0.607s] -- Up-to-date: /home/addinedu/amr_ws/ros/camera_oneday/install/capture_msgs/local/lib/python3.10/dist-packages/capture_msgs/_capture_msgs_s.ep.rosidl_typesupport_c.c
[0.607s] -- Up-to-date: /home/addinedu/amr_ws/ros/camera_oneday/install/capture_msgs/local/lib/python3.10/dist-packages/capture_msgs/_capture_msgs_s.ep.rosidl_typesupport_introspection_c.c
[0.607s] -- Up-to-date: /home/addinedu/amr_ws/ros/camera_oneday/install/capture_msgs/local/lib/python3.10/dist-packages/capture_msgs/capture_msgs_s__rosidl_typesupport_fastrtps_c.cpython-310-x86_64-linux-gnu.so
[0.607s] -- Up-to-date: /home/addinedu/amr_ws/ros/camera_oneday/install/capture_msgs/local/lib/python3.10/dist-packages/capture_msgs/capture_msgs_s__rosidl_typesupport_introspection_c.cpython-310-x86_64-linux-gnu.so
[0.607s] -- Up-to-date: /home/addinedu/amr_ws/ros/camera_oneday/install/capture_msgs/local/lib/python3.10/dist-packages/capture_msgs/libcapture_msgs__rosidl_generator_py.so
[0.608s] -- Up-to-date: /home/addinedu/amr_ws/ros/camera_oneday/install/capture_msgs/local/lib/python3.10/dist-packages/capture_msgs/srv
[0.608s] -- Up-to-date: /home/addinedu/amr_ws/ros/camera_oneday/install/capture_msgs/local/lib/python3.10/dist-packages/capture_msgs/srv/_capture_s.c
[0.608s] -- Up-to-date: /home/addinedu/amr_ws/ros/camera_oneday/install/capture_msgs/local/lib/python3.10/dist-packages/capture_msgs/srv/__init__.py
[0.608s] -- Up-to-date: /home/addinedu/amr_ws/ros/camera_oneday/install/capture_msgs/local/lib/python3.10/dist-packages/capture_msgs/srv/_capture.py
[0.634s] Listing '/home/addinedu/amr_ws/ros/camera_oneday/install/capture_msgs/local/lib/python3.10/dist-packages/capture_msgs'...
[0.634s] Listing '/home/addinedu/amr_ws/ros/camera_oneday/install/capture_msgs/local/lib/python3.10/dist-packages/capture_msgs/srv'...
[0.637s] -- Up-to-date: /home/addinedu/amr_ws/ros/camera_oneday/install/capture_msgs/local/lib/python3.10/dist-packages/capture_msgs/capture_msgs_s__rosidl_typesupport_fastrtps_c.cpython-310-x86_64-linux-gnu.so
[0.637s] -- Up-to-date: /home/addinedu/amr_ws/ros/camera_oneday/install/capture_msgs/local/lib/python3.10/dist-packages/capture_msgs/capture_msgs_s__rosidl_typesupport_introspection_c.cpython-310-x86_64-linux-gnu.so
[0.637s] -- Up-to-date: /home/addinedu/amr_ws/ros/camera_oneday/install/capture_msgs/local/lib/python3.10/dist-packages/capture_msgs/capture_msgs_s__rosidl_typesupport_c.cpython-310-x86_64-linux-gnu.so
[0.638s] -- Up-to-date: /home/addinedu/amr_ws/ros/camera_oneday/install/capture_msgs/lib/libcapture_msgs__rosidl_generator_py.so
[0.638s] -- Up-to-date: /home/addinedu/amr_ws/ros/camera_oneday/install/capture_msgs/share/capture_msgs/srv/Capture.idl
[0.638s] -- Up-to-date: /home/addinedu/amr_ws/ros/camera_oneday/install/capture_msgs/share/capture_msgs/srv/Capture.srv
[0.638s] -- Up-to-date: /home/addinedu/amr_ws/ros/camera_oneday/install/capture_msgs/share/capture_msgs/srv/Capture_Request.msg
[0.638s] -- Up-to-date: /home/addinedu/amr_ws/ros/camera_oneday/install/capture_msgs/share/capture_msgs/srv/Capture_Response.msg
[0.638s] -- Up-to-date: /home/addinedu/amr_ws/ros/camera_oneday/install/capture_msgs/share/ament_index/resource_index/package_run_dependencies/capture_msgs
[0.638s] -- Up-to-date: /home/addinedu/amr_ws/ros/camera_oneday/install/capture_msgs/share/ament_index/resource_index/parent_prefix_path/capture_msgs
[0.638s] -- Up-to-date: /home/addinedu/amr_ws/ros/camera_oneday/install/capture_msgs/share/capture_msgs/environment/ament_prefix_path.sh
[0.638s] -- Up-to-date: /home/addinedu/amr_ws/ros/camera_oneday/install/capture_msgs/share/capture_msgs/environment/ament_prefix_path.dsv
[0.639s] -- Up-to-date: /home/addinedu/amr_ws/ros/camera_oneday/install/capture_msgs/share/capture_msgs/environment/path.sh
[0.639s] -- Up-to-date: /home/addinedu/amr_ws/ros/camera_oneday/install/capture_msgs/share/capture_msgs/environment/path.dsv
[0.639s] -- Up-to-date: /home/addinedu/amr_ws/ros/camera_oneday/install/capture_msgs/share/capture_msgs/local_setup.bash
[0.639s] -- Up-to-date: /home/addinedu/amr_ws/ros/camera_oneday/install/capture_msgs/share/capture_msgs/local_setup.sh
[0.639s] -- Up-to-date: /home/addinedu/amr_ws/ros/camera_oneday/install/capture_msgs/share/capture_msgs/local_setup.zsh
[0.639s] -- Up-to-date: /home/addinedu/amr_ws/ros/camera_oneday/install/capture_msgs/share/capture_msgs/local_setup.dsv
[0.639s] -- Installing: /home/addinedu/amr_ws/ros/camera_oneday/install/capture_msgs/share/capture_msgs/package.dsv
[0.639s] -- Up-to-date: /home/addinedu/amr_ws/ros/camera_oneday/install/capture_msgs/share/ament_index/resource_index/packages/capture_msgs
[0.640s] -- Up-to-date: /home/addinedu/amr_ws/ros/camera_oneday/install/capture_msgs/share/capture_msgs/cmake/export_capture_msgs__rosidl_generator_cExport.cmake
[0.640s] -- Up-to-date: /home/addinedu/amr_ws/ros/camera_oneday/install/capture_msgs/share/capture_msgs/cmake/export_capture_msgs__rosidl_generator_cExport-noconfig.cmake
[0.640s] -- Up-to-date: /home/addinedu/amr_ws/ros/camera_oneday/install/capture_msgs/share/capture_msgs/cmake/export_capture_msgs__rosidl_typesupport_fastrtps_cExport.cmake
[0.640s] -- Up-to-date: /home/addinedu/amr_ws/ros/camera_oneday/install/capture_msgs/share/capture_msgs/cmake/export_capture_msgs__rosidl_typesupport_fastrtps_cExport-noconfig.cmake
[0.640s] -- Up-to-date: /home/addinedu/amr_ws/ros/camera_oneday/install/capture_msgs/share/capture_msgs/cmake/capture_msgs__rosidl_typesupport_introspection_cExport.cmake
[0.640s] -- Up-to-date: /home/addinedu/amr_ws/ros/camera_oneday/install/capture_msgs/share/capture_msgs/cmake/capture_msgs__rosidl_typesupport_introspection_cExport-noconfig.cmake
[0.640s] -- Up-to-date: /home/addinedu/amr_ws/ros/camera_oneday/install/capture_msgs/share/capture_msgs/cmake/capture_msgs__rosidl_typesupport_cExport.cmake
[0.640s] -- Up-to-date: /home/addinedu/amr_ws/ros/camera_oneday/install/capture_msgs/share/capture_msgs/cmake/capture_msgs__rosidl_typesupport_cExport-noconfig.cmake
[0.640s] -- Up-to-date: /home/addinedu/amr_ws/ros/camera_oneday/install/capture_msgs/share/capture_msgs/cmake/export_capture_msgs__rosidl_generator_cppExport.cmake
[0.640s] -- Up-to-date: /home/addinedu/amr_ws/ros/camera_oneday/install/capture_msgs/share/capture_msgs/cmake/export_capture_msgs__rosidl_typesupport_fastrtps_cppExport.cmake
[0.641s] -- Up-to-date: /home/addinedu/amr_ws/ros/camera_oneday/install/capture_msgs/share/capture_msgs/cmake/export_capture_msgs__rosidl_typesupport_fastrtps_cppExport-noconfig.cmake
[0.641s] -- Up-to-date: /home/addinedu/amr_ws/ros/camera_oneday/install/capture_msgs/share/capture_msgs/cmake/capture_msgs__rosidl_typesupport_introspection_cppExport.cmake
[0.641s] -- Up-to-date: /home/addinedu/amr_ws/ros/camera_oneday/install/capture_msgs/share/capture_msgs/cmake/capture_msgs__rosidl_typesupport_introspection_cppExport-noconfig.cmake
[0.641s] -- Up-to-date: /home/addinedu/amr_ws/ros/camera_oneday/install/capture_msgs/share/capture_msgs/cmake/capture_msgs__rosidl_typesupport_cppExport.cmake
[0.641s] -- Up-to-date: /home/addinedu/amr_ws/ros/camera_oneday/install/capture_msgs/share/capture_msgs/cmake/capture_msgs__rosidl_typesupport_cppExport-noconfig.cmake
[0.641s] -- Up-to-date: /home/addinedu/amr_ws/ros/camera_oneday/install/capture_msgs/share/capture_msgs/cmake/export_capture_msgs__rosidl_generator_pyExport.cmake
[0.641s] -- Up-to-date: /home/addinedu/amr_ws/ros/camera_oneday/install/capture_msgs/share/capture_msgs/cmake/export_capture_msgs__rosidl_generator_pyExport-noconfig.cmake
[0.641s] -- Up-to-date: /home/addinedu/amr_ws/ros/camera_oneday/install/capture_msgs/share/capture_msgs/cmake/rosidl_cmake-extras.cmake
[0.641s] -- Up-to-date: /home/addinedu/amr_ws/ros/camera_oneday/install/capture_msgs/share/capture_msgs/cmake/ament_cmake_export_include_directories-extras.cmake
[0.641s] -- Up-to-date: /home/addinedu/amr_ws/ros/camera_oneday/install/capture_msgs/share/capture_msgs/cmake/ament_cmake_export_libraries-extras.cmake
[0.641s] -- Up-to-date: /home/addinedu/amr_ws/ros/camera_oneday/install/capture_msgs/share/capture_msgs/cmake/ament_cmake_export_targets-extras.cmake
[0.641s] -- Up-to-date: /home/addinedu/amr_ws/ros/camera_oneday/install/capture_msgs/share/capture_msgs/cmake/rosidl_cmake_export_typesupport_targets-extras.cmake
[0.641s] -- Up-to-date: /home/addinedu/amr_ws/ros/camera_oneday/install/capture_msgs/share/capture_msgs/cmake/ament_cmake_export_dependencies-extras.cmake
[0.641s] -- Up-to-date: /home/addinedu/amr_ws/ros/camera_oneday/install/capture_msgs/share/capture_msgs/cmake/rosidl_cmake_export_typesupport_libraries-extras.cmake
[0.641s] -- Up-to-date: /home/addinedu/amr_ws/ros/camera_oneday/install/capture_msgs/share/capture_msgs/cmake/capture_msgsConfig.cmake
[0.641s] -- Up-to-date: /home/addinedu/amr_ws/ros/camera_oneday/install/capture_msgs/share/capture_msgs/cmake/capture_msgsConfig-version.cmake
[0.641s] -- Up-to-date: /home/addinedu/amr_ws/ros/camera_oneday/install/capture_msgs/share/capture_msgs/package.xml
[0.643s] Invoked command in '/home/addinedu/amr_ws/ros/camera_oneday/build/capture_msgs' returned '0': CMAKE_PREFIX_PATH=${CMAKE_PREFIX_PATH}:/home/addinedu/amr_ws/ros/camera_oneday/install/camera_oneday:/opt/ros/humble /usr/bin/cmake --install /home/addinedu/amr_ws/ros/camera_oneday/build/capture_msgs
