[0.732s] Invoking command in '/home/addinedu/amr_ws/ros/camera_oneday/src/camera_oneday': PYTHONPATH=/home/addinedu/amr_ws/ros/camera_oneday/build/camera_oneday/prefix_override:/home/addinedu/amr_ws/ros/camera_oneday/install/camera_oneday/lib/python3.10/site-packages:${PYTHONPATH} /usr/bin/python3 -W ignore:setup.py install is deprecated setup.py egg_info --egg-base ../../build/camera_oneday build --build-base /home/addinedu/amr_ws/ros/camera_oneday/build/camera_oneday/build install --record /home/addinedu/amr_ws/ros/camera_oneday/build/camera_oneday/install.log --single-version-externally-managed install_data
[0.955s] running egg_info
[0.971s] writing ../../build/camera_oneday/camera_oneday.egg-info/PKG-INFO
[0.972s] writing dependency_links to ../../build/camera_oneday/camera_oneday.egg-info/dependency_links.txt
[0.972s] writing entry points to ../../build/camera_oneday/camera_oneday.egg-info/entry_points.txt
[0.972s] writing requirements to ../../build/camera_oneday/camera_oneday.egg-info/requires.txt
[0.972s] writing top-level names to ../../build/camera_oneday/camera_oneday.egg-info/top_level.txt
[1.007s] reading manifest file '../../build/camera_oneday/camera_oneday.egg-info/SOURCES.txt'
[1.007s] writing manifest file '../../build/camera_oneday/camera_oneday.egg-info/SOURCES.txt'
[1.007s] running build
[1.007s] running build_py
[1.008s] copying camera_oneday/__init__.py -> /home/addinedu/amr_ws/ros/camera_oneday/build/camera_oneday/build/lib/camera_oneday
[1.008s] copying camera_oneday/canny.py -> /home/addinedu/amr_ws/ros/camera_oneday/build/camera_oneday/build/lib/camera_oneday
[1.008s] copying camera_oneday/img_publisher.py -> /home/addinedu/amr_ws/ros/camera_oneday/build/camera_oneday/build/lib/camera_oneday
[1.008s] running install
[1.012s] running install_lib
[1.030s] running install_data
[1.030s] copying resource/camera_oneday -> /home/addinedu/amr_ws/ros/camera_oneday/install/camera_oneday/share/ament_index/resource_index/packages
[1.030s] copying package.xml -> /home/addinedu/amr_ws/ros/camera_oneday/install/camera_oneday/share/camera_oneday
[1.030s] copying launch/camera.launch.py -> /home/addinedu/amr_ws/ros/camera_oneday/install/camera_oneday/share/camera_oneday/launch
[1.030s] copying launch/canny.launch.py -> /home/addinedu/amr_ws/ros/camera_oneday/install/camera_oneday/share/camera_oneday/launch
[1.030s] copying param/size.yaml -> /home/addinedu/amr_ws/ros/camera_oneday/install/camera_oneday/share/camera_oneday/param
[1.030s] copying param/filter.yaml -> /home/addinedu/amr_ws/ros/camera_oneday/install/camera_oneday/share/camera_oneday/param
[1.030s] running install_egg_info
[1.048s] removing '/home/addinedu/amr_ws/ros/camera_oneday/install/camera_oneday/lib/python3.10/site-packages/camera_oneday-0.0.0-py3.10.egg-info' (and everything under it)
[1.049s] Copying ../../build/camera_oneday/camera_oneday.egg-info to /home/addinedu/amr_ws/ros/camera_oneday/install/camera_oneday/lib/python3.10/site-packages/camera_oneday-0.0.0-py3.10.egg-info
[1.049s] running install_scripts
[1.195s] Installing canny script to /home/addinedu/amr_ws/ros/camera_oneday/install/camera_oneday/lib/camera_oneday
[1.195s] Installing img_publisher script to /home/addinedu/amr_ws/ros/camera_oneday/install/camera_oneday/lib/camera_oneday
[1.195s] writing list of installed files to '/home/addinedu/amr_ws/ros/camera_oneday/build/camera_oneday/install.log'
[1.215s] Invoked command in '/home/addinedu/amr_ws/ros/camera_oneday/src/camera_oneday' returned '0': PYTHONPATH=/home/addinedu/amr_ws/ros/camera_oneday/build/camera_oneday/prefix_override:/home/addinedu/amr_ws/ros/camera_oneday/install/camera_oneday/lib/python3.10/site-packages:${PYTHONPATH} /usr/bin/python3 -W ignore:setup.py install is deprecated setup.py egg_info --egg-base ../../build/camera_oneday build --build-base /home/addinedu/amr_ws/ros/camera_oneday/build/camera_oneday/build install --record /home/addinedu/amr_ws/ros/camera_oneday/build/camera_oneday/install.log --single-version-externally-managed install_data
