[0.202s] Invoking command in '/home/addinedu/amr_ws/ros/camera_oneday/build/capture_msgs': CMAKE_PREFIX_PATH=${CMAKE_PREFIX_PATH}:/home/addinedu/amr_ws/ros/camera_oneday/install/camera_oneday:/opt/ros/humble /usr/bin/cmake --build /home/addinedu/amr_ws/ros/camera_oneday/build/capture_msgs -- -j12 -l12
[0.250s] [  9%] Built target capture_msgs__cpp
[0.250s] [ 12%] Built target capture_msgs__rosidl_generator_c
[0.262s] [ 12%] Built target ament_cmake_python_copy_capture_msgs
[0.270s] [ 22%] Built target capture_msgs__rosidl_typesupport_c
[0.270s] [ 32%] Built target capture_msgs__rosidl_typesupport_introspection_c
[0.271s] [ 41%] Built target capture_msgs__rosidl_typesupport_fastrtps_c
[0.271s] [ 61%] Built target capture_msgs__rosidl_typesupport_cpp
[0.271s] [ 61%] Built target capture_msgs__rosidl_typesupport_introspection_cpp
[0.273s] [ 70%] Built target capture_msgs__rosidl_typesupport_fastrtps_cpp
[0.291s] [ 70%] Built target capture_msgs
[0.314s] [ 74%] Built target capture_msgs__py
[0.335s] [ 80%] Built target capture_msgs__rosidl_generator_py
[0.357s] [100%] Built target capture_msgs__rosidl_typesupport_fastrtps_c__pyext
[0.357s] [100%] Built target capture_msgs__rosidl_typesupport_c__pyext
[0.357s] [100%] Built target capture_msgs__rosidl_typesupport_introspection_c__pyext
[0.470s] running egg_info
[0.494s] writing capture_msgs.egg-info/PKG-INFO
[0.495s] writing dependency_links to capture_msgs.egg-info/dependency_links.txt
[0.495s] writing top-level names to capture_msgs.egg-info/top_level.txt
[0.572s] reading manifest file 'capture_msgs.egg-info/SOURCES.txt'
[0.572s] writing manifest file 'capture_msgs.egg-info/SOURCES.txt'
[0.614s] [100%] Built target ament_cmake_python_build_capture_msgs_egg
[0.624s] Invoked command in '/home/addinedu/amr_ws/ros/camera_oneday/build/capture_msgs' returned '0': CMAKE_PREFIX_PATH=${CMAKE_PREFIX_PATH}:/home/addinedu/amr_ws/ros/camera_oneday/install/camera_oneday:/opt/ros/humble /usr/bin/cmake --build /home/addinedu/amr_ws/ros/camera_oneday/build/capture_msgs -- -j12 -l12
[0.684s] Invoking command in '/home/addinedu/amr_ws/ros/camera_oneday/build/capture_msgs': CMAKE_PREFIX_PATH=${CMAKE_PREFIX_PATH}:/home/addinedu/amr_ws/ros/camera_oneday/install/camera_oneday:/opt/ros/humble /usr/bin/cmake --install /home/addinedu/amr_ws/ros/camera_oneday/build/capture_msgs
[0.691s] -- Install configuration: ""
[0.691s] -- Up-to-date: /home/addinedu/amr_ws/ros/camera_oneday/install/capture_msgs/share/ament_index/resource_index/rosidl_interfaces/capture_msgs
[0.691s] -- Up-to-date: /home/addinedu/amr_ws/ros/camera_oneday/install/capture_msgs/include/capture_msgs/capture_msgs
[0.691s] -- Up-to-date: /home/addinedu/amr_ws/ros/camera_oneday/install/capture_msgs/include/capture_msgs/capture_msgs/msg
[0.691s] -- Up-to-date: /home/addinedu/amr_ws/ros/camera_oneday/install/capture_msgs/include/capture_msgs/capture_msgs/msg/rosidl_generator_c__visibility_control.h
[0.691s] -- Up-to-date: /home/addinedu/amr_ws/ros/camera_oneday/install/capture_msgs/include/capture_msgs/capture_msgs/srv
[0.691s] -- Up-to-date: /home/addinedu/amr_ws/ros/camera_oneday/install/capture_msgs/include/capture_msgs/capture_msgs/srv/detail
[0.691s] -- Up-to-date: /home/addinedu/amr_ws/ros/camera_oneday/install/capture_msgs/include/capture_msgs/capture_msgs/srv/detail/capture__functions.c
[0.691s] -- Up-to-date: /home/addinedu/amr_ws/ros/camera_oneday/install/capture_msgs/include/capture_msgs/capture_msgs/srv/detail/capture__struct.h
[0.691s] -- Up-to-date: /home/addinedu/amr_ws/ros/camera_oneday/install/capture_msgs/include/capture_msgs/capture_msgs/srv/detail/capture__type_support.h
[0.692s] -- Up-to-date: /home/addinedu/amr_ws/ros/camera_oneday/install/capture_msgs/include/capture_msgs/capture_msgs/srv/detail/capture__functions.h
[0.692s] -- Up-to-date: /home/addinedu/amr_ws/ros/camera_oneday/install/capture_msgs/include/capture_msgs/capture_msgs/srv/capture.h
[0.692s] -- Up-to-date: /home/addinedu/amr_ws/ros/camera_oneday/install/capture_msgs/share/capture_msgs/environment/library_path.sh
[0.692s] -- Up-to-date: /home/addinedu/amr_ws/ros/camera_oneday/install/capture_msgs/share/capture_msgs/environment/library_path.dsv
[0.692s] -- Up-to-date: /home/addinedu/amr_ws/ros/camera_oneday/install/capture_msgs/lib/libcapture_msgs__rosidl_generator_c.so
[0.692s] -- Up-to-date: /home/addinedu/amr_ws/ros/camera_oneday/install/capture_msgs/include/capture_msgs/capture_msgs
[0.692s] -- Up-to-date: /home/addinedu/amr_ws/ros/camera_oneday/install/capture_msgs/include/capture_msgs/capture_msgs/msg
[0.692s] -- Up-to-date: /home/addinedu/amr_ws/ros/camera_oneday/install/capture_msgs/include/capture_msgs/capture_msgs/msg/rosidl_typesupport_fastrtps_c__visibility_control.h
[0.692s] -- Up-to-date: /home/addinedu/amr_ws/ros/camera_oneday/install/capture_msgs/include/capture_msgs/capture_msgs/srv
[0.692s] -- Up-to-date: /home/addinedu/amr_ws/ros/camera_oneday/install/capture_msgs/include/capture_msgs/capture_msgs/srv/detail
[0.692s] -- Up-to-date: /home/addinedu/amr_ws/ros/camera_oneday/install/capture_msgs/include/capture_msgs/capture_msgs/srv/detail/capture__rosidl_typesupport_fastrtps_c.h
[0.692s] -- Up-to-date: /home/addinedu/amr_ws/ros/camera_oneday/install/capture_msgs/lib/libcapture_msgs__rosidl_typesupport_fastrtps_c.so
[0.692s] -- Up-to-date: /home/addinedu/amr_ws/ros/camera_oneday/install/capture_msgs/include/capture_msgs/capture_msgs
[0.693s] -- Up-to-date: /home/addinedu/amr_ws/ros/camera_oneday/install/capture_msgs/include/capture_msgs/capture_msgs/msg
[0.693s] -- Up-to-date: /home/addinedu/amr_ws/ros/camera_oneday/install/capture_msgs/include/capture_msgs/capture_msgs/msg/rosidl_typesupport_introspection_c__visibility_control.h
[0.693s] -- Up-to-date: /home/addinedu/amr_ws/ros/camera_oneday/install/capture_msgs/include/capture_msgs/capture_msgs/srv
[0.693s] -- Up-to-date: /home/addinedu/amr_ws/ros/camera_oneday/install/capture_msgs/include/capture_msgs/capture_msgs/srv/detail
[0.693s] -- Up-to-date: /home/addinedu/amr_ws/ros/camera_oneday/install/capture_msgs/include/capture_msgs/capture_msgs/srv/detail/capture__type_support.c
[0.693s] -- Up-to-date: /home/addinedu/amr_ws/ros/camera_oneday/install/capture_msgs/include/capture_msgs/capture_msgs/srv/detail/capture__rosidl_typesupport_introspection_c.h
[0.693s] -- Up-to-date: /home/addinedu/amr_ws/ros/camera_oneday/install/capture_msgs/lib/libcapture_msgs__rosidl_typesupport_introspection_c.so
[0.693s] -- Up-to-date: /home/addinedu/amr_ws/ros/camera_oneday/install/capture_msgs/lib/libcapture_msgs__rosidl_typesupport_c.so
[0.693s] -- Up-to-date: /home/addinedu/amr_ws/ros/camera_oneday/install/capture_msgs/include/capture_msgs/capture_msgs
[0.693s] -- Up-to-date: /home/addinedu/amr_ws/ros/camera_oneday/install/capture_msgs/include/capture_msgs/capture_msgs/srv
[0.693s] -- Up-to-date: /home/addinedu/amr_ws/ros/camera_oneday/install/capture_msgs/include/capture_msgs/capture_msgs/srv/detail
[0.693s] -- Up-to-date: /home/addinedu/amr_ws/ros/camera_oneday/install/capture_msgs/include/capture_msgs/capture_msgs/srv/detail/capture__traits.hpp
[0.693s] -- Up-to-date: /home/addinedu/amr_ws/ros/camera_oneday/install/capture_msgs/include/capture_msgs/capture_msgs/srv/detail/capture__struct.hpp
[0.693s] -- Up-to-date: /home/addinedu/amr_ws/ros/camera_oneday/install/capture_msgs/include/capture_msgs/capture_msgs/srv/detail/capture__builder.hpp
[0.694s] -- Up-to-date: /home/addinedu/amr_ws/ros/camera_oneday/install/capture_msgs/include/capture_msgs/capture_msgs/srv/capture.hpp
[0.694s] -- Up-to-date: /home/addinedu/amr_ws/ros/camera_oneday/install/capture_msgs/include/capture_msgs/capture_msgs
[0.694s] -- Up-to-date: /home/addinedu/amr_ws/ros/camera_oneday/install/capture_msgs/include/capture_msgs/capture_msgs/msg
[0.694s] -- Up-to-date: /home/addinedu/amr_ws/ros/camera_oneday/install/capture_msgs/include/capture_msgs/capture_msgs/msg/rosidl_typesupport_fastrtps_cpp__visibility_control.h
[0.694s] -- Up-to-date: /home/addinedu/amr_ws/ros/camera_oneday/install/capture_msgs/include/capture_msgs/capture_msgs/srv
[0.694s] -- Up-to-date: /home/addinedu/amr_ws/ros/camera_oneday/install/capture_msgs/include/capture_msgs/capture_msgs/srv/detail
[0.694s] -- Up-to-date: /home/addinedu/amr_ws/ros/camera_oneday/install/capture_msgs/include/capture_msgs/capture_msgs/srv/detail/dds_fastrtps
[0.694s] -- Up-to-date: /home/addinedu/amr_ws/ros/camera_oneday/install/capture_msgs/include/capture_msgs/capture_msgs/srv/detail/capture__rosidl_typesupport_fastrtps_cpp.hpp
[0.694s] -- Up-to-date: /home/addinedu/amr_ws/ros/camera_oneday/install/capture_msgs/lib/libcapture_msgs__rosidl_typesupport_fastrtps_cpp.so
[0.694s] -- Up-to-date: /home/addinedu/amr_ws/ros/camera_oneday/install/capture_msgs/include/capture_msgs/capture_msgs
[0.694s] -- Up-to-date: /home/addinedu/amr_ws/ros/camera_oneday/install/capture_msgs/include/capture_msgs/capture_msgs/srv
[0.694s] -- Up-to-date: /home/addinedu/amr_ws/ros/camera_oneday/install/capture_msgs/include/capture_msgs/capture_msgs/srv/detail
[0.694s] -- Up-to-date: /home/addinedu/amr_ws/ros/camera_oneday/install/capture_msgs/include/capture_msgs/capture_msgs/srv/detail/capture__type_support.cpp
[0.694s] -- Up-to-date: /home/addinedu/amr_ws/ros/camera_oneday/install/capture_msgs/include/capture_msgs/capture_msgs/srv/detail/capture__rosidl_typesupport_introspection_cpp.hpp
[0.694s] -- Up-to-date: /home/addinedu/amr_ws/ros/camera_oneday/install/capture_msgs/lib/libcapture_msgs__rosidl_typesupport_introspection_cpp.so
[0.695s] -- Up-to-date: /home/addinedu/amr_ws/ros/camera_oneday/install/capture_msgs/lib/libcapture_msgs__rosidl_typesupport_cpp.so
[0.695s] -- Up-to-date: /home/addinedu/amr_ws/ros/camera_oneday/install/capture_msgs/share/capture_msgs/environment/pythonpath.sh
[0.695s] -- Up-to-date: /home/addinedu/amr_ws/ros/camera_oneday/install/capture_msgs/share/capture_msgs/environment/pythonpath.dsv
[0.695s] -- Up-to-date: /home/addinedu/amr_ws/ros/camera_oneday/install/capture_msgs/local/lib/python3.10/dist-packages/capture_msgs-0.0.0-py3.10.egg-info
[0.695s] -- Installing: /home/addinedu/amr_ws/ros/camera_oneday/install/capture_msgs/local/lib/python3.10/dist-packages/capture_msgs-0.0.0-py3.10.egg-info/top_level.txt
[0.695s] -- Installing: /home/addinedu/amr_ws/ros/camera_oneday/install/capture_msgs/local/lib/python3.10/dist-packages/capture_msgs-0.0.0-py3.10.egg-info/SOURCES.txt
[0.695s] -- Installing: /home/addinedu/amr_ws/ros/camera_oneday/install/capture_msgs/local/lib/python3.10/dist-packages/capture_msgs-0.0.0-py3.10.egg-info/PKG-INFO
[0.695s] -- Installing: /home/addinedu/amr_ws/ros/camera_oneday/install/capture_msgs/local/lib/python3.10/dist-packages/capture_msgs-0.0.0-py3.10.egg-info/dependency_links.txt
[0.695s] -- Up-to-date: /home/addinedu/amr_ws/ros/camera_oneday/install/capture_msgs/local/lib/python3.10/dist-packages/capture_msgs
[0.695s] -- Up-to-date: /home/addinedu/amr_ws/ros/camera_oneday/install/capture_msgs/local/lib/python3.10/dist-packages/capture_msgs/__init__.py
[0.695s] -- Up-to-date: /home/addinedu/amr_ws/ros/camera_oneday/install/capture_msgs/local/lib/python3.10/dist-packages/capture_msgs/_capture_msgs_s.ep.rosidl_typesupport_fastrtps_c.c
[0.695s] -- Up-to-date: /home/addinedu/amr_ws/ros/camera_oneday/install/capture_msgs/local/lib/python3.10/dist-packages/capture_msgs/capture_msgs_s__rosidl_typesupport_c.cpython-310-x86_64-linux-gnu.so
[0.695s] -- Up-to-date: /home/addinedu/amr_ws/ros/camera_oneday/install/capture_msgs/local/lib/python3.10/dist-packages/capture_msgs/_capture_msgs_s.ep.rosidl_typesupport_c.c
[0.695s] -- Up-to-date: /home/addinedu/amr_ws/ros/camera_oneday/install/capture_msgs/local/lib/python3.10/dist-packages/capture_msgs/_capture_msgs_s.ep.rosidl_typesupport_introspection_c.c
[0.695s] -- Up-to-date: /home/addinedu/amr_ws/ros/camera_oneday/install/capture_msgs/local/lib/python3.10/dist-packages/capture_msgs/capture_msgs_s__rosidl_typesupport_fastrtps_c.cpython-310-x86_64-linux-gnu.so
[0.695s] -- Up-to-date: /home/addinedu/amr_ws/ros/camera_oneday/install/capture_msgs/local/lib/python3.10/dist-packages/capture_msgs/capture_msgs_s__rosidl_typesupport_introspection_c.cpython-310-x86_64-linux-gnu.so
[0.695s] -- Up-to-date: /home/addinedu/amr_ws/ros/camera_oneday/install/capture_msgs/local/lib/python3.10/dist-packages/capture_msgs/libcapture_msgs__rosidl_generator_py.so
[0.695s] -- Up-to-date: /home/addinedu/amr_ws/ros/camera_oneday/install/capture_msgs/local/lib/python3.10/dist-packages/capture_msgs/srv
[0.696s] -- Up-to-date: /home/addinedu/amr_ws/ros/camera_oneday/install/capture_msgs/local/lib/python3.10/dist-packages/capture_msgs/srv/_capture_s.c
[0.696s] -- Up-to-date: /home/addinedu/amr_ws/ros/camera_oneday/install/capture_msgs/local/lib/python3.10/dist-packages/capture_msgs/srv/__init__.py
[0.696s] -- Up-to-date: /home/addinedu/amr_ws/ros/camera_oneday/install/capture_msgs/local/lib/python3.10/dist-packages/capture_msgs/srv/_capture.py
[0.723s] Listing '/home/addinedu/amr_ws/ros/camera_oneday/install/capture_msgs/local/lib/python3.10/dist-packages/capture_msgs'...
[0.723s] Listing '/home/addinedu/amr_ws/ros/camera_oneday/install/capture_msgs/local/lib/python3.10/dist-packages/capture_msgs/srv'...
[0.728s] -- Up-to-date: /home/addinedu/amr_ws/ros/camera_oneday/install/capture_msgs/local/lib/python3.10/dist-packages/capture_msgs/capture_msgs_s__rosidl_typesupport_fastrtps_c.cpython-310-x86_64-linux-gnu.so
[0.728s] -- Up-to-date: /home/addinedu/amr_ws/ros/camera_oneday/install/capture_msgs/local/lib/python3.10/dist-packages/capture_msgs/capture_msgs_s__rosidl_typesupport_introspection_c.cpython-310-x86_64-linux-gnu.so
[0.728s] -- Up-to-date: /home/addinedu/amr_ws/ros/camera_oneday/install/capture_msgs/local/lib/python3.10/dist-packages/capture_msgs/capture_msgs_s__rosidl_typesupport_c.cpython-310-x86_64-linux-gnu.so
[0.728s] -- Up-to-date: /home/addinedu/amr_ws/ros/camera_oneday/install/capture_msgs/lib/libcapture_msgs__rosidl_generator_py.so
[0.729s] -- Up-to-date: /home/addinedu/amr_ws/ros/camera_oneday/install/capture_msgs/share/capture_msgs/srv/Capture.idl
[0.729s] -- Up-to-date: /home/addinedu/amr_ws/ros/camera_oneday/install/capture_msgs/share/capture_msgs/srv/Capture.srv
[0.729s] -- Up-to-date: /home/addinedu/amr_ws/ros/camera_oneday/install/capture_msgs/share/capture_msgs/srv/Capture_Request.msg
[0.729s] -- Up-to-date: /home/addinedu/amr_ws/ros/camera_oneday/install/capture_msgs/share/capture_msgs/srv/Capture_Response.msg
[0.729s] -- Up-to-date: /home/addinedu/amr_ws/ros/camera_oneday/install/capture_msgs/share/ament_index/resource_index/package_run_dependencies/capture_msgs
[0.729s] -- Up-to-date: /home/addinedu/amr_ws/ros/camera_oneday/install/capture_msgs/share/ament_index/resource_index/parent_prefix_path/capture_msgs
[0.729s] -- Up-to-date: /home/addinedu/amr_ws/ros/camera_oneday/install/capture_msgs/share/capture_msgs/environment/ament_prefix_path.sh
[0.729s] -- Up-to-date: /home/addinedu/amr_ws/ros/camera_oneday/install/capture_msgs/share/capture_msgs/environment/ament_prefix_path.dsv
[0.729s] -- Up-to-date: /home/addinedu/amr_ws/ros/camera_oneday/install/capture_msgs/share/capture_msgs/environment/path.sh
[0.729s] -- Up-to-date: /home/addinedu/amr_ws/ros/camera_oneday/install/capture_msgs/share/capture_msgs/environment/path.dsv
[0.729s] -- Up-to-date: /home/addinedu/amr_ws/ros/camera_oneday/install/capture_msgs/share/capture_msgs/local_setup.bash
[0.730s] -- Up-to-date: /home/addinedu/amr_ws/ros/camera_oneday/install/capture_msgs/share/capture_msgs/local_setup.sh
[0.730s] -- Up-to-date: /home/addinedu/amr_ws/ros/camera_oneday/install/capture_msgs/share/capture_msgs/local_setup.zsh
[0.730s] -- Up-to-date: /home/addinedu/amr_ws/ros/camera_oneday/install/capture_msgs/share/capture_msgs/local_setup.dsv
[0.730s] -- Installing: /home/addinedu/amr_ws/ros/camera_oneday/install/capture_msgs/share/capture_msgs/package.dsv
[0.730s] -- Up-to-date: /home/addinedu/amr_ws/ros/camera_oneday/install/capture_msgs/share/ament_index/resource_index/packages/capture_msgs
[0.730s] -- Up-to-date: /home/addinedu/amr_ws/ros/camera_oneday/install/capture_msgs/share/capture_msgs/cmake/export_capture_msgs__rosidl_generator_cExport.cmake
[0.730s] -- Up-to-date: /home/addinedu/amr_ws/ros/camera_oneday/install/capture_msgs/share/capture_msgs/cmake/export_capture_msgs__rosidl_generator_cExport-noconfig.cmake
[0.730s] -- Up-to-date: /home/addinedu/amr_ws/ros/camera_oneday/install/capture_msgs/share/capture_msgs/cmake/export_capture_msgs__rosidl_typesupport_fastrtps_cExport.cmake
[0.730s] -- Up-to-date: /home/addinedu/amr_ws/ros/camera_oneday/install/capture_msgs/share/capture_msgs/cmake/export_capture_msgs__rosidl_typesupport_fastrtps_cExport-noconfig.cmake
[0.730s] -- Up-to-date: /home/addinedu/amr_ws/ros/camera_oneday/install/capture_msgs/share/capture_msgs/cmake/capture_msgs__rosidl_typesupport_introspection_cExport.cmake
[0.730s] -- Up-to-date: /home/addinedu/amr_ws/ros/camera_oneday/install/capture_msgs/share/capture_msgs/cmake/capture_msgs__rosidl_typesupport_introspection_cExport-noconfig.cmake
[0.730s] -- Up-to-date: /home/addinedu/amr_ws/ros/camera_oneday/install/capture_msgs/share/capture_msgs/cmake/capture_msgs__rosidl_typesupport_cExport.cmake
[0.730s] -- Up-to-date: /home/addinedu/amr_ws/ros/camera_oneday/install/capture_msgs/share/capture_msgs/cmake/capture_msgs__rosidl_typesupport_cExport-noconfig.cmake
[0.730s] -- Up-to-date: /home/addinedu/amr_ws/ros/camera_oneday/install/capture_msgs/share/capture_msgs/cmake/export_capture_msgs__rosidl_generator_cppExport.cmake
[0.730s] -- Up-to-date: /home/addinedu/amr_ws/ros/camera_oneday/install/capture_msgs/share/capture_msgs/cmake/export_capture_msgs__rosidl_typesupport_fastrtps_cppExport.cmake
[0.731s] -- Up-to-date: /home/addinedu/amr_ws/ros/camera_oneday/install/capture_msgs/share/capture_msgs/cmake/export_capture_msgs__rosidl_typesupport_fastrtps_cppExport-noconfig.cmake
[0.731s] -- Up-to-date: /home/addinedu/amr_ws/ros/camera_oneday/install/capture_msgs/share/capture_msgs/cmake/capture_msgs__rosidl_typesupport_introspection_cppExport.cmake
[0.731s] -- Up-to-date: /home/addinedu/amr_ws/ros/camera_oneday/install/capture_msgs/share/capture_msgs/cmake/capture_msgs__rosidl_typesupport_introspection_cppExport-noconfig.cmake
[0.731s] -- Up-to-date: /home/addinedu/amr_ws/ros/camera_oneday/install/capture_msgs/share/capture_msgs/cmake/capture_msgs__rosidl_typesupport_cppExport.cmake
[0.731s] -- Up-to-date: /home/addinedu/amr_ws/ros/camera_oneday/install/capture_msgs/share/capture_msgs/cmake/capture_msgs__rosidl_typesupport_cppExport-noconfig.cmake
[0.731s] -- Up-to-date: /home/addinedu/amr_ws/ros/camera_oneday/install/capture_msgs/share/capture_msgs/cmake/export_capture_msgs__rosidl_generator_pyExport.cmake
[0.731s] -- Up-to-date: /home/addinedu/amr_ws/ros/camera_oneday/install/capture_msgs/share/capture_msgs/cmake/export_capture_msgs__rosidl_generator_pyExport-noconfig.cmake
[0.731s] -- Up-to-date: /home/addinedu/amr_ws/ros/camera_oneday/install/capture_msgs/share/capture_msgs/cmake/rosidl_cmake-extras.cmake
[0.731s] -- Up-to-date: /home/addinedu/amr_ws/ros/camera_oneday/install/capture_msgs/share/capture_msgs/cmake/ament_cmake_export_include_directories-extras.cmake
[0.731s] -- Up-to-date: /home/addinedu/amr_ws/ros/camera_oneday/install/capture_msgs/share/capture_msgs/cmake/ament_cmake_export_libraries-extras.cmake
[0.731s] -- Up-to-date: /home/addinedu/amr_ws/ros/camera_oneday/install/capture_msgs/share/capture_msgs/cmake/ament_cmake_export_targets-extras.cmake
[0.731s] -- Up-to-date: /home/addinedu/amr_ws/ros/camera_oneday/install/capture_msgs/share/capture_msgs/cmake/rosidl_cmake_export_typesupport_targets-extras.cmake
[0.732s] -- Up-to-date: /home/addinedu/amr_ws/ros/camera_oneday/install/capture_msgs/share/capture_msgs/cmake/ament_cmake_export_dependencies-extras.cmake
[0.732s] -- Up-to-date: /home/addinedu/amr_ws/ros/camera_oneday/install/capture_msgs/share/capture_msgs/cmake/rosidl_cmake_export_typesupport_libraries-extras.cmake
[0.732s] -- Up-to-date: /home/addinedu/amr_ws/ros/camera_oneday/install/capture_msgs/share/capture_msgs/cmake/capture_msgsConfig.cmake
[0.732s] -- Up-to-date: /home/addinedu/amr_ws/ros/camera_oneday/install/capture_msgs/share/capture_msgs/cmake/capture_msgsConfig-version.cmake
[0.732s] -- Up-to-date: /home/addinedu/amr_ws/ros/camera_oneday/install/capture_msgs/share/capture_msgs/package.xml
[0.733s] Invoked command in '/home/addinedu/amr_ws/ros/camera_oneday/build/capture_msgs' returned '0': CMAKE_PREFIX_PATH=${CMAKE_PREFIX_PATH}:/home/addinedu/amr_ws/ros/camera_oneday/install/camera_oneday:/opt/ros/humble /usr/bin/cmake --install /home/addinedu/amr_ws/ros/camera_oneday/build/capture_msgs
